<?xml version="1.0" encoding="UTF-8"?>
<testsuites name="Prototyp GAA (RC18) 13_03_2018" time="311" tests="7" failures="3" errors="0">
   <testsuite name="Prototyp GAA (RC18) 13_03_2018" tests="7" failures="3" errors="0" time="311" timestamp="2018-03-13 10:44:55" hostname="lbut - Unitb-Dell22.Werk.UnitB.de" id="Test Suites/Prototyp GAA (RC18) 13_03_2018">
      <properties>
         <property name="deviceName" value=""/>
         <property name="devicePlatform" value=""/>
         <property name="logFolder" value="C:\\Users\\lbut\\Downloads\\Prototyp1_12_03\\Prototyp1\\Reports\\Prototyp GAA (RC18) 13_03_2018\\20180313_104448"/>
         <property name="logFiles" value="C:\\Users\\lbut\\Downloads\\Prototyp1_12_03\\Prototyp1\\Reports\\Prototyp GAA (RC18) 13_03_2018\\20180313_104448\\execution0.log, C:\\Users\\lbut\\Downloads\\Prototyp1_12_03\\Prototyp1\\Reports\\Prototyp GAA (RC18) 13_03_2018\\20180313_104448\\IEDriverServer.log"/>
         <property name="attachments" value="C:\\Users\\lbut\\Downloads\\Prototyp1_12_03\\Prototyp1\\Reports\\Prototyp GAA (RC18) 13_03_2018\\20180313_104448\\1520934481826.png"/>
         <property name="hostName" value="lbut - Unitb-Dell22.Werk.UnitB.de"/>
         <property name="os" value="Windows 7 64bit"/>
         <property name="katalonVersion" value="5.3.0.1"/>
         <property name="browser" value="IE 11"/>
         <property name="hostAddress" value="192.168.134.64"/>
         <property name="sessionId" value="2ba34f85-8b64-4ad4-a696-e73cda367802"/>
         <property name="seleniumVersion" value="3.7.1"/>
         <property name="proxyInformation" value="ProxyInformation{proxyOption=NO_PROXY, proxyServerType=HTTP, password=, proxyServerAddress=, proxyServerPort=0}"/>
         <property name="platform" value="Windows 7"/>
      </properties>
      <testcase name="Test Cases/Prototyp_GAA_Suche (RC18)/01_Testfall" classname="Test Cases/Prototyp_GAA_Suche (RC18)/01_Testfall" status="FAILED">
         <failure type="FAILED" message="Anzahl Maps 99 ist NICHT gleich Anzahl Filialen 100"/>
         <system-out><![CDATA[2018-03-13 10:44:55 - [TEST_CASE][FAILED] - Test Cases/Prototyp_GAA_Suche (RC18)/01_Testfall: Test Cases/Prototyp_GAA_Suche (RC18)/01_Testfall FAILED because (of) Anzahl Maps 99 ist NICHT gleich Anzahl Filialen 100

2018-03-13 10:44:56 - [TEST_STEP][PASSED] - openBrowser: Browser is opened with url: ''

2018-03-13 10:45:07 - [MESSAGE][PASSED] - Browser is opened with url: ''

2018-03-13 10:45:07 - [TEST_STEP][PASSED] - deleteAllCookies: Delete all cookies successfully

2018-03-13 10:45:07 - [MESSAGE][PASSED] - Delete all cookies successfully

2018-03-13 10:45:07 - [TEST_STEP][PASSED] - maximizeWindow: Current window maximized

2018-03-13 10:45:07 - [MESSAGE][PASSED] - Current window maximized

2018-03-13 10:45:07 - [TEST_STEP][PASSED] - navigateToUrl: Navigate to 'http://rc-ogrhtmlprototyp.testintern/18-1-0/geldautomatensuche.html' successfully

2018-03-13 10:45:17 - [MESSAGE][PASSED] - Navigate to 'http://rc-ogrhtmlprototyp.testintern/18-1-0/geldautomatensuche.html' successfully

2018-03-13 10:45:17 - [TEST_STEP][PASSED] - delay: Delayed 5 second(s)

2018-03-13 10:45:22 - [MESSAGE][PASSED] - Delayed 5 second(s)

2018-03-13 10:45:22 - [TEST_STEP][PASSED] - Statement - wes1 = com.kms.katalon.core.webui.common.WebUiCommonHelper.findWebElements(com.kms.katalon.core.testobject.ObjectRepository.findTestObject(gaa_map), 5): Found 99 web elements with id: 'Object Repository/gaa_map' located by 'By.xpath: //div[@class='aps-map__custom-marker aps-map__custom-marker--is-atm']' in '5' second(s)

2018-03-13 10:45:24 - [TEST_STEP][PASSED] - Statement - wes2 = com.kms.katalon.core.webui.common.WebUiCommonHelper.findWebElements(com.kms.katalon.core.testobject.ObjectRepository.findTestObject(loc_steet_filialsuche), 5): Found 100 web elements with id: 'Object Repository/loc_steet_filialsuche' located by 'By.xpath: //div[@class='loc-street']' in '5' second(s)

2018-03-13 10:45:24 - [TEST_STEP][PASSED] - Statement - filial_maps_count = wes1.size(): null

2018-03-13 10:45:24 - [TEST_STEP][PASSED] - Statement - filial_accordeon_count = wes2.size(): null

2018-03-13 10:45:24 - [TEST_STEP][PASSED] - Statement - filial_count = 100: null

2018-03-13 10:45:24 - [TEST_STEP][PASSED] - Statement - If (filial_maps_count != filial_count): null

2018-03-13 10:45:24 - [TEST_STEP][PASSED] - comment: Anzahl Maps 99 ist NICHT gleich Anzahl Filialen 100

2018-03-13 10:45:24 - [TEST_STEP][PASSED] - closeBrowser: Browser is closed

2018-03-13 10:45:25 - [MESSAGE][PASSED] - Browser is closed

2018-03-13 10:45:25 - [TEST_STEP][PASSED] - Statement - Throw new com.kms.katalon.core.exception.StepFailedException((((Anzahl Maps  + filial_maps_count) +  ist NICHT gleich Anzahl Filialen ) + filial_count)): null]]></system-out>
         <system-err><![CDATA[2018-03-13 10:44:55 - [TEST_CASE][FAILED] - Test Cases/Prototyp_GAA_Suche (RC18)/01_Testfall: Test Cases/Prototyp_GAA_Suche (RC18)/01_Testfall FAILED because (of) Anzahl Maps 99 ist NICHT gleich Anzahl Filialen 100]]></system-err>
      </testcase>
      <testcase name="Test Cases/Prototyp_GAA_Suche (RC18)/03_Testfall" classname="Test Cases/Prototyp_GAA_Suche (RC18)/03_Testfall" status="PASSED">
         <system-out><![CDATA[2018-03-13 10:45:25 - [TEST_CASE][PASSED] - Test Cases/Prototyp_GAA_Suche (RC18)/03_Testfall: Test Cases/Prototyp_GAA_Suche (RC18)/03_Testfall

2018-03-13 10:45:25 - [TEST_STEP][PASSED] - openBrowser: Browser is opened with url: ''

2018-03-13 10:45:27 - [MESSAGE][PASSED] - Browser is opened with url: ''

2018-03-13 10:45:27 - [TEST_STEP][PASSED] - maximizeWindow: Current window maximized

2018-03-13 10:45:27 - [MESSAGE][PASSED] - Current window maximized

2018-03-13 10:45:27 - [TEST_STEP][PASSED] - deleteAllCookies: Delete all cookies successfully

2018-03-13 10:45:28 - [MESSAGE][PASSED] - Delete all cookies successfully

2018-03-13 10:45:28 - [TEST_STEP][PASSED] - navigateToUrl: Navigate to 'http://rc-ogrhtmlprototyp.testintern/18-1-0/geldautomatensuche.html' successfully

2018-03-13 10:45:29 - [MESSAGE][PASSED] - Navigate to 'http://rc-ogrhtmlprototyp.testintern/18-1-0/geldautomatensuche.html' successfully

2018-03-13 10:45:29 - [TEST_STEP][PASSED] - delay: Delayed 5 second(s)

2018-03-13 10:45:34 - [MESSAGE][PASSED] - Delayed 5 second(s)

2018-03-13 10:45:34 - [TEST_STEP][PASSED] - verifyElementNotPresent: Web element with id: 'Object Repository/Akkordeon_plus_filialsuche' located by 'By.xpath: //a[@class='acc-header acc-header--open']' is not present after '5' second(s)

2018-03-13 10:45:34 - [MESSAGE][PASSED] - Web element with id: 'Object Repository/Akkordeon_plus_filialsuche' located by 'By.xpath: //a[@class='acc-header acc-header--open']' is not present after '5' second(s)

2018-03-13 10:45:34 - [TEST_STEP][PASSED] - closeBrowser: Browser is closed

2018-03-13 10:45:35 - [MESSAGE][PASSED] - Browser is closed]]></system-out>
         <system-err><![CDATA[]]></system-err>
      </testcase>
      <testcase name="Test Cases/Prototyp_GAA_Suche (RC18)/04_Testfall" classname="Test Cases/Prototyp_GAA_Suche (RC18)/04_Testfall" status="PASSED">
         <system-out><![CDATA[2018-03-13 10:45:35 - [TEST_CASE][PASSED] - Test Cases/Prototyp_GAA_Suche (RC18)/04_Testfall: Test Cases/Prototyp_GAA_Suche (RC18)/04_Testfall

2018-03-13 10:45:35 - [TEST_STEP][PASSED] - openBrowser: Browser is opened with url: ''

2018-03-13 10:45:37 - [MESSAGE][PASSED] - Browser is opened with url: ''

2018-03-13 10:45:37 - [TEST_STEP][PASSED] - deleteAllCookies: Delete all cookies successfully

2018-03-13 10:45:38 - [MESSAGE][PASSED] - Delete all cookies successfully

2018-03-13 10:45:38 - [TEST_STEP][PASSED] - maximizeWindow: Current window maximized

2018-03-13 10:45:38 - [MESSAGE][PASSED] - Current window maximized

2018-03-13 10:45:38 - [TEST_STEP][PASSED] - navigateToUrl: Navigate to 'http://rc-ogrhtmlprototyp.testintern/18-1-0/geldautomatensuche.html' successfully

2018-03-13 10:45:42 - [MESSAGE][PASSED] - Navigate to 'http://rc-ogrhtmlprototyp.testintern/18-1-0/geldautomatensuche.html' successfully

2018-03-13 10:45:42 - [TEST_STEP][PASSED] - delay: Delayed 8 second(s)

2018-03-13 10:45:50 - [MESSAGE][PASSED] - Delayed 8 second(s)

2018-03-13 10:45:50 - [TEST_STEP][PASSED] - Statement - wes = com.kms.katalon.core.webui.common.WebUiCommonHelper.findWebElements(com.kms.katalon.core.testobject.ObjectRepository.findTestObject(gaa_map), 5): Found 99 web elements with id: 'Object Repository/gaa_map' located by 'By.xpath: //div[@class='aps-map__custom-marker aps-map__custom-marker--is-atm']' in '5' second(s)

2018-03-13 10:45:51 - [TEST_STEP][PASSED] - Statement - For ([i = 0, i < wes.size(), (i++)]): null

2018-03-13 10:45:51 - [TEST_STEP][PASSED] - Statement - el = wes.get(i): null

2018-03-13 10:45:51 - [TEST_STEP][PASSED] - Statement - If (!(el.isDisplayed())): null

2018-03-13 10:45:51 - [TEST_STEP][PASSED] - Statement - el = wes.get(i): null

2018-03-13 10:45:51 - [TEST_STEP][PASSED] - Statement - If (!(el.isDisplayed())): null

2018-03-13 10:45:51 - [TEST_STEP][PASSED] - Statement - el = wes.get(i): null

2018-03-13 10:45:51 - [TEST_STEP][PASSED] - Statement - If (!(el.isDisplayed())): null

2018-03-13 10:45:51 - [TEST_STEP][PASSED] - Statement - el = wes.get(i): null

2018-03-13 10:45:51 - [TEST_STEP][PASSED] - Statement - If (!(el.isDisplayed())): null

2018-03-13 10:45:51 - [TEST_STEP][PASSED] - Statement - el = wes.get(i): null

2018-03-13 10:45:51 - [TEST_STEP][PASSED] - Statement - If (!(el.isDisplayed())): null

2018-03-13 10:45:51 - [TEST_STEP][PASSED] - Statement - el = wes.get(i): null

2018-03-13 10:45:51 - [TEST_STEP][PASSED] - Statement - If (!(el.isDisplayed())): null

2018-03-13 10:45:51 - [TEST_STEP][PASSED] - Statement - el = wes.get(i): null

2018-03-13 10:45:51 - [TEST_STEP][PASSED] - Statement - If (!(el.isDisplayed())): null

2018-03-13 10:45:51 - [TEST_STEP][PASSED] - Statement - el = wes.get(i): null

2018-03-13 10:45:51 - [TEST_STEP][PASSED] - Statement - If (!(el.isDisplayed())): null

2018-03-13 10:45:51 - [TEST_STEP][PASSED] - Statement - el = wes.get(i): null

2018-03-13 10:45:51 - [TEST_STEP][PASSED] - Statement - If (!(el.isDisplayed())): null

2018-03-13 10:45:51 - [TEST_STEP][PASSED] - Statement - el = wes.get(i): null

2018-03-13 10:45:51 - [TEST_STEP][PASSED] - Statement - If (!(el.isDisplayed())): null

2018-03-13 10:45:51 - [TEST_STEP][PASSED] - Statement - el = wes.get(i): null

2018-03-13 10:45:51 - [TEST_STEP][PASSED] - Statement - If (!(el.isDisplayed())): null

2018-03-13 10:45:51 - [TEST_STEP][PASSED] - Statement - el = wes.get(i): null

2018-03-13 10:45:51 - [TEST_STEP][PASSED] - Statement - If (!(el.isDisplayed())): null

2018-03-13 10:45:51 - [TEST_STEP][PASSED] - Statement - el = wes.get(i): null

2018-03-13 10:45:51 - [TEST_STEP][PASSED] - Statement - If (!(el.isDisplayed())): null

2018-03-13 10:45:51 - [TEST_STEP][PASSED] - Statement - el = wes.get(i): null

2018-03-13 10:45:51 - [TEST_STEP][PASSED] - Statement - If (!(el.isDisplayed())): null

2018-03-13 10:45:51 - [TEST_STEP][PASSED] - Statement - el = wes.get(i): null

2018-03-13 10:45:51 - [TEST_STEP][PASSED] - Statement - If (!(el.isDisplayed())): null

2018-03-13 10:45:52 - [TEST_STEP][PASSED] - Statement - el = wes.get(i): null

2018-03-13 10:45:52 - [TEST_STEP][PASSED] - Statement - If (!(el.isDisplayed())): null

2018-03-13 10:45:52 - [TEST_STEP][PASSED] - Statement - el = wes.get(i): null

2018-03-13 10:45:52 - [TEST_STEP][PASSED] - Statement - If (!(el.isDisplayed())): null

2018-03-13 10:45:52 - [TEST_STEP][PASSED] - Statement - el = wes.get(i): null

2018-03-13 10:45:52 - [TEST_STEP][PASSED] - Statement - If (!(el.isDisplayed())): null

2018-03-13 10:45:52 - [TEST_STEP][PASSED] - Statement - el = wes.get(i): null

2018-03-13 10:45:52 - [TEST_STEP][PASSED] - Statement - If (!(el.isDisplayed())): null

2018-03-13 10:45:52 - [TEST_STEP][PASSED] - Statement - el = wes.get(i): null

2018-03-13 10:45:52 - [TEST_STEP][PASSED] - Statement - If (!(el.isDisplayed())): null

2018-03-13 10:45:52 - [TEST_STEP][PASSED] - Statement - el = wes.get(i): null

2018-03-13 10:45:52 - [TEST_STEP][PASSED] - Statement - If (!(el.isDisplayed())): null

2018-03-13 10:45:52 - [TEST_STEP][PASSED] - Statement - el = wes.get(i): null

2018-03-13 10:45:52 - [TEST_STEP][PASSED] - Statement - If (!(el.isDisplayed())): null

2018-03-13 10:45:52 - [TEST_STEP][PASSED] - Statement - el = wes.get(i): null

2018-03-13 10:45:52 - [TEST_STEP][PASSED] - Statement - If (!(el.isDisplayed())): null

2018-03-13 10:45:52 - [TEST_STEP][PASSED] - Statement - el = wes.get(i): null

2018-03-13 10:45:52 - [TEST_STEP][PASSED] - Statement - If (!(el.isDisplayed())): null

2018-03-13 10:45:52 - [TEST_STEP][PASSED] - Statement - el = wes.get(i): null

2018-03-13 10:45:52 - [TEST_STEP][PASSED] - Statement - If (!(el.isDisplayed())): null

2018-03-13 10:45:52 - [TEST_STEP][PASSED] - Statement - el = wes.get(i): null

2018-03-13 10:45:52 - [TEST_STEP][PASSED] - Statement - If (!(el.isDisplayed())): null

2018-03-13 10:45:52 - [TEST_STEP][PASSED] - Statement - el = wes.get(i): null

2018-03-13 10:45:52 - [TEST_STEP][PASSED] - Statement - If (!(el.isDisplayed())): null

2018-03-13 10:45:52 - [TEST_STEP][PASSED] - Statement - el = wes.get(i): null

2018-03-13 10:45:52 - [TEST_STEP][PASSED] - Statement - If (!(el.isDisplayed())): null

2018-03-13 10:45:52 - [TEST_STEP][PASSED] - Statement - el = wes.get(i): null

2018-03-13 10:45:52 - [TEST_STEP][PASSED] - Statement - If (!(el.isDisplayed())): null

2018-03-13 10:45:52 - [TEST_STEP][PASSED] - Statement - el = wes.get(i): null

2018-03-13 10:45:52 - [TEST_STEP][PASSED] - Statement - If (!(el.isDisplayed())): null

2018-03-13 10:45:52 - [TEST_STEP][PASSED] - Statement - el = wes.get(i): null

2018-03-13 10:45:52 - [TEST_STEP][PASSED] - Statement - If (!(el.isDisplayed())): null

2018-03-13 10:45:52 - [TEST_STEP][PASSED] - Statement - el = wes.get(i): null

2018-03-13 10:45:52 - [TEST_STEP][PASSED] - Statement - If (!(el.isDisplayed())): null

2018-03-13 10:45:52 - [TEST_STEP][PASSED] - Statement - el = wes.get(i): null

2018-03-13 10:45:52 - [TEST_STEP][PASSED] - Statement - If (!(el.isDisplayed())): null

2018-03-13 10:45:52 - [TEST_STEP][PASSED] - Statement - el = wes.get(i): null

2018-03-13 10:45:52 - [TEST_STEP][PASSED] - Statement - If (!(el.isDisplayed())): null

2018-03-13 10:45:53 - [TEST_STEP][PASSED] - Statement - el = wes.get(i): null

2018-03-13 10:45:53 - [TEST_STEP][PASSED] - Statement - If (!(el.isDisplayed())): null

2018-03-13 10:45:53 - [TEST_STEP][PASSED] - Statement - el = wes.get(i): null

2018-03-13 10:45:53 - [TEST_STEP][PASSED] - Statement - If (!(el.isDisplayed())): null

2018-03-13 10:45:53 - [TEST_STEP][PASSED] - Statement - el = wes.get(i): null

2018-03-13 10:45:53 - [TEST_STEP][PASSED] - Statement - If (!(el.isDisplayed())): null

2018-03-13 10:45:53 - [TEST_STEP][PASSED] - Statement - el = wes.get(i): null

2018-03-13 10:45:53 - [TEST_STEP][PASSED] - Statement - If (!(el.isDisplayed())): null

2018-03-13 10:45:53 - [TEST_STEP][PASSED] - Statement - el = wes.get(i): null

2018-03-13 10:45:53 - [TEST_STEP][PASSED] - Statement - If (!(el.isDisplayed())): null

2018-03-13 10:45:53 - [TEST_STEP][PASSED] - Statement - el = wes.get(i): null

2018-03-13 10:45:53 - [TEST_STEP][PASSED] - Statement - If (!(el.isDisplayed())): null

2018-03-13 10:45:53 - [TEST_STEP][PASSED] - Statement - el = wes.get(i): null

2018-03-13 10:45:53 - [TEST_STEP][PASSED] - Statement - If (!(el.isDisplayed())): null

2018-03-13 10:45:53 - [TEST_STEP][PASSED] - Statement - el = wes.get(i): null

2018-03-13 10:45:53 - [TEST_STEP][PASSED] - Statement - If (!(el.isDisplayed())): null

2018-03-13 10:45:53 - [TEST_STEP][PASSED] - Statement - el = wes.get(i): null

2018-03-13 10:45:53 - [TEST_STEP][PASSED] - Statement - If (!(el.isDisplayed())): null

2018-03-13 10:45:53 - [TEST_STEP][PASSED] - Statement - el = wes.get(i): null

2018-03-13 10:45:53 - [TEST_STEP][PASSED] - Statement - If (!(el.isDisplayed())): null

2018-03-13 10:45:53 - [TEST_STEP][PASSED] - Statement - el = wes.get(i): null

2018-03-13 10:45:53 - [TEST_STEP][PASSED] - Statement - If (!(el.isDisplayed())): null

2018-03-13 10:45:53 - [TEST_STEP][PASSED] - Statement - el = wes.get(i): null

2018-03-13 10:45:53 - [TEST_STEP][PASSED] - Statement - If (!(el.isDisplayed())): null

2018-03-13 10:45:53 - [TEST_STEP][PASSED] - Statement - el = wes.get(i): null

2018-03-13 10:45:53 - [TEST_STEP][PASSED] - Statement - If (!(el.isDisplayed())): null

2018-03-13 10:45:53 - [TEST_STEP][PASSED] - Statement - el = wes.get(i): null

2018-03-13 10:45:53 - [TEST_STEP][PASSED] - Statement - If (!(el.isDisplayed())): null

2018-03-13 10:45:53 - [TEST_STEP][PASSED] - Statement - el = wes.get(i): null

2018-03-13 10:45:53 - [TEST_STEP][PASSED] - Statement - If (!(el.isDisplayed())): null

2018-03-13 10:45:53 - [TEST_STEP][PASSED] - Statement - el = wes.get(i): null

2018-03-13 10:45:53 - [TEST_STEP][PASSED] - Statement - If (!(el.isDisplayed())): null

2018-03-13 10:45:53 - [TEST_STEP][PASSED] - Statement - el = wes.get(i): null

2018-03-13 10:45:53 - [TEST_STEP][PASSED] - Statement - If (!(el.isDisplayed())): null

2018-03-13 10:45:53 - [TEST_STEP][PASSED] - Statement - el = wes.get(i): null

2018-03-13 10:45:53 - [TEST_STEP][PASSED] - Statement - If (!(el.isDisplayed())): null

2018-03-13 10:45:53 - [TEST_STEP][PASSED] - Statement - el = wes.get(i): null

2018-03-13 10:45:53 - [TEST_STEP][PASSED] - Statement - If (!(el.isDisplayed())): null

2018-03-13 10:45:53 - [TEST_STEP][PASSED] - Statement - el = wes.get(i): null

2018-03-13 10:45:53 - [TEST_STEP][PASSED] - Statement - If (!(el.isDisplayed())): null

2018-03-13 10:45:53 - [TEST_STEP][PASSED] - Statement - el = wes.get(i): null

2018-03-13 10:45:53 - [TEST_STEP][PASSED] - Statement - If (!(el.isDisplayed())): null

2018-03-13 10:45:54 - [TEST_STEP][PASSED] - Statement - el = wes.get(i): null

2018-03-13 10:45:54 - [TEST_STEP][PASSED] - Statement - If (!(el.isDisplayed())): null

2018-03-13 10:45:54 - [TEST_STEP][PASSED] - Statement - el = wes.get(i): null

2018-03-13 10:45:54 - [TEST_STEP][PASSED] - Statement - If (!(el.isDisplayed())): null

2018-03-13 10:45:54 - [TEST_STEP][PASSED] - Statement - el = wes.get(i): null

2018-03-13 10:45:54 - [TEST_STEP][PASSED] - Statement - If (!(el.isDisplayed())): null

2018-03-13 10:45:54 - [TEST_STEP][PASSED] - Statement - el = wes.get(i): null

2018-03-13 10:45:54 - [TEST_STEP][PASSED] - Statement - If (!(el.isDisplayed())): null

2018-03-13 10:45:54 - [TEST_STEP][PASSED] - Statement - el = wes.get(i): null

2018-03-13 10:45:54 - [TEST_STEP][PASSED] - Statement - If (!(el.isDisplayed())): null

2018-03-13 10:45:54 - [TEST_STEP][PASSED] - Statement - el = wes.get(i): null

2018-03-13 10:45:54 - [TEST_STEP][PASSED] - Statement - If (!(el.isDisplayed())): null

2018-03-13 10:45:54 - [TEST_STEP][PASSED] - Statement - el = wes.get(i): null

2018-03-13 10:45:54 - [TEST_STEP][PASSED] - Statement - If (!(el.isDisplayed())): null

2018-03-13 10:45:54 - [TEST_STEP][PASSED] - Statement - el = wes.get(i): null

2018-03-13 10:45:54 - [TEST_STEP][PASSED] - Statement - If (!(el.isDisplayed())): null

2018-03-13 10:45:54 - [TEST_STEP][PASSED] - Statement - el = wes.get(i): null

2018-03-13 10:45:54 - [TEST_STEP][PASSED] - Statement - If (!(el.isDisplayed())): null

2018-03-13 10:45:54 - [TEST_STEP][PASSED] - Statement - el = wes.get(i): null

2018-03-13 10:45:54 - [TEST_STEP][PASSED] - Statement - If (!(el.isDisplayed())): null

2018-03-13 10:45:55 - [TEST_STEP][PASSED] - Statement - el = wes.get(i): null

2018-03-13 10:45:55 - [TEST_STEP][PASSED] - Statement - If (!(el.isDisplayed())): null

2018-03-13 10:45:55 - [TEST_STEP][PASSED] - Statement - el = wes.get(i): null

2018-03-13 10:45:55 - [TEST_STEP][PASSED] - Statement - If (!(el.isDisplayed())): null

2018-03-13 10:45:55 - [TEST_STEP][PASSED] - Statement - el = wes.get(i): null

2018-03-13 10:45:55 - [TEST_STEP][PASSED] - Statement - If (!(el.isDisplayed())): null

2018-03-13 10:45:55 - [TEST_STEP][PASSED] - Statement - el = wes.get(i): null

2018-03-13 10:45:55 - [TEST_STEP][PASSED] - Statement - If (!(el.isDisplayed())): null

2018-03-13 10:45:55 - [TEST_STEP][PASSED] - Statement - el = wes.get(i): null

2018-03-13 10:45:55 - [TEST_STEP][PASSED] - Statement - If (!(el.isDisplayed())): null

2018-03-13 10:45:55 - [TEST_STEP][PASSED] - Statement - el = wes.get(i): null

2018-03-13 10:45:55 - [TEST_STEP][PASSED] - Statement - If (!(el.isDisplayed())): null

2018-03-13 10:45:55 - [TEST_STEP][PASSED] - Statement - el = wes.get(i): null

2018-03-13 10:45:55 - [TEST_STEP][PASSED] - Statement - If (!(el.isDisplayed())): null

2018-03-13 10:45:55 - [TEST_STEP][PASSED] - Statement - el = wes.get(i): null

2018-03-13 10:45:55 - [TEST_STEP][PASSED] - Statement - If (!(el.isDisplayed())): null

2018-03-13 10:45:55 - [TEST_STEP][PASSED] - Statement - el = wes.get(i): null

2018-03-13 10:45:55 - [TEST_STEP][PASSED] - Statement - If (!(el.isDisplayed())): null

2018-03-13 10:45:55 - [TEST_STEP][PASSED] - Statement - el = wes.get(i): null

2018-03-13 10:45:55 - [TEST_STEP][PASSED] - Statement - If (!(el.isDisplayed())): null

2018-03-13 10:45:55 - [TEST_STEP][PASSED] - Statement - el = wes.get(i): null

2018-03-13 10:45:55 - [TEST_STEP][PASSED] - Statement - If (!(el.isDisplayed())): null

2018-03-13 10:45:55 - [TEST_STEP][PASSED] - Statement - el = wes.get(i): null

2018-03-13 10:45:55 - [TEST_STEP][PASSED] - Statement - If (!(el.isDisplayed())): null

2018-03-13 10:45:55 - [TEST_STEP][PASSED] - Statement - el = wes.get(i): null

2018-03-13 10:45:55 - [TEST_STEP][PASSED] - Statement - If (!(el.isDisplayed())): null

2018-03-13 10:45:55 - [TEST_STEP][PASSED] - Statement - el = wes.get(i): null

2018-03-13 10:45:55 - [TEST_STEP][PASSED] - Statement - If (!(el.isDisplayed())): null

2018-03-13 10:45:55 - [TEST_STEP][PASSED] - Statement - el = wes.get(i): null

2018-03-13 10:45:55 - [TEST_STEP][PASSED] - Statement - If (!(el.isDisplayed())): null

2018-03-13 10:45:55 - [TEST_STEP][PASSED] - Statement - el = wes.get(i): null

2018-03-13 10:45:55 - [TEST_STEP][PASSED] - Statement - If (!(el.isDisplayed())): null

2018-03-13 10:45:55 - [TEST_STEP][PASSED] - Statement - el = wes.get(i): null

2018-03-13 10:45:55 - [TEST_STEP][PASSED] - Statement - If (!(el.isDisplayed())): null

2018-03-13 10:45:56 - [TEST_STEP][PASSED] - Statement - el = wes.get(i): null

2018-03-13 10:45:56 - [TEST_STEP][PASSED] - Statement - If (!(el.isDisplayed())): null

2018-03-13 10:45:56 - [TEST_STEP][PASSED] - Statement - el = wes.get(i): null

2018-03-13 10:45:56 - [TEST_STEP][PASSED] - Statement - If (!(el.isDisplayed())): null

2018-03-13 10:45:56 - [TEST_STEP][PASSED] - Statement - el = wes.get(i): null

2018-03-13 10:45:56 - [TEST_STEP][PASSED] - Statement - If (!(el.isDisplayed())): null

2018-03-13 10:45:56 - [TEST_STEP][PASSED] - Statement - el = wes.get(i): null

2018-03-13 10:45:56 - [TEST_STEP][PASSED] - Statement - If (!(el.isDisplayed())): null

2018-03-13 10:45:56 - [TEST_STEP][PASSED] - Statement - el = wes.get(i): null

2018-03-13 10:45:56 - [TEST_STEP][PASSED] - Statement - If (!(el.isDisplayed())): null

2018-03-13 10:45:56 - [TEST_STEP][PASSED] - Statement - el = wes.get(i): null

2018-03-13 10:45:56 - [TEST_STEP][PASSED] - Statement - If (!(el.isDisplayed())): null

2018-03-13 10:45:56 - [TEST_STEP][PASSED] - Statement - el = wes.get(i): null

2018-03-13 10:45:56 - [TEST_STEP][PASSED] - Statement - If (!(el.isDisplayed())): null

2018-03-13 10:45:56 - [TEST_STEP][PASSED] - Statement - el = wes.get(i): null

2018-03-13 10:45:56 - [TEST_STEP][PASSED] - Statement - If (!(el.isDisplayed())): null

2018-03-13 10:45:56 - [TEST_STEP][PASSED] - Statement - el = wes.get(i): null

2018-03-13 10:45:56 - [TEST_STEP][PASSED] - Statement - If (!(el.isDisplayed())): null

2018-03-13 10:45:56 - [TEST_STEP][PASSED] - Statement - el = wes.get(i): null

2018-03-13 10:45:56 - [TEST_STEP][PASSED] - Statement - If (!(el.isDisplayed())): null

2018-03-13 10:45:56 - [TEST_STEP][PASSED] - Statement - el = wes.get(i): null

2018-03-13 10:45:56 - [TEST_STEP][PASSED] - Statement - If (!(el.isDisplayed())): null

2018-03-13 10:45:56 - [TEST_STEP][PASSED] - Statement - el = wes.get(i): null

2018-03-13 10:45:56 - [TEST_STEP][PASSED] - Statement - If (!(el.isDisplayed())): null

2018-03-13 10:45:56 - [TEST_STEP][PASSED] - Statement - el = wes.get(i): null

2018-03-13 10:45:56 - [TEST_STEP][PASSED] - Statement - If (!(el.isDisplayed())): null

2018-03-13 10:45:56 - [TEST_STEP][PASSED] - Statement - el = wes.get(i): null

2018-03-13 10:45:56 - [TEST_STEP][PASSED] - Statement - If (!(el.isDisplayed())): null

2018-03-13 10:45:56 - [TEST_STEP][PASSED] - Statement - el = wes.get(i): null

2018-03-13 10:45:56 - [TEST_STEP][PASSED] - Statement - If (!(el.isDisplayed())): null

2018-03-13 10:45:56 - [TEST_STEP][PASSED] - Statement - el = wes.get(i): null

2018-03-13 10:45:56 - [TEST_STEP][PASSED] - Statement - If (!(el.isDisplayed())): null

2018-03-13 10:45:56 - [TEST_STEP][PASSED] - Statement - el = wes.get(i): null

2018-03-13 10:45:56 - [TEST_STEP][PASSED] - Statement - If (!(el.isDisplayed())): null

2018-03-13 10:45:56 - [TEST_STEP][PASSED] - closeBrowser: Browser is closed

2018-03-13 10:45:57 - [MESSAGE][PASSED] - Browser is closed]]></system-out>
         <system-err><![CDATA[]]></system-err>
      </testcase>
      <testcase name="Test Cases/Prototyp_GAA_Suche (RC18)/05_Testfall" classname="Test Cases/Prototyp_GAA_Suche (RC18)/05_Testfall" status="PASSED">
         <system-out><![CDATA[2018-03-13 10:45:57 - [TEST_CASE][PASSED] - Test Cases/Prototyp_GAA_Suche (RC18)/05_Testfall: Test Cases/Prototyp_GAA_Suche (RC18)/05_Testfall

2018-03-13 10:45:57 - [TEST_STEP][PASSED] - openBrowser: Browser is opened with url: ''

2018-03-13 10:46:02 - [MESSAGE][PASSED] - Browser is opened with url: ''

2018-03-13 10:46:02 - [TEST_STEP][PASSED] - maximizeWindow: Current window maximized

2018-03-13 10:46:02 - [MESSAGE][PASSED] - Current window maximized

2018-03-13 10:46:02 - [TEST_STEP][PASSED] - deleteAllCookies: Delete all cookies successfully

2018-03-13 10:46:02 - [MESSAGE][PASSED] - Delete all cookies successfully

2018-03-13 10:46:02 - [TEST_STEP][PASSED] - navigateToUrl: Navigate to 'http://rc-ogrhtmlprototyp.testintern/18-1-0/geldautomatensuche.html' successfully

2018-03-13 10:46:03 - [MESSAGE][PASSED] - Navigate to 'http://rc-ogrhtmlprototyp.testintern/18-1-0/geldautomatensuche.html' successfully

2018-03-13 10:46:03 - [TEST_STEP][PASSED] - delay: Delayed 5 second(s)

2018-03-13 10:46:08 - [MESSAGE][PASSED] - Delayed 5 second(s)

2018-03-13 10:46:08 - [TEST_STEP][PASSED] - verifyElementNotPresent: Web element with id: 'Object Repository/Entfernung_filialsuche' located by 'By.xpath: //span[@class='loc-distance']' is not present after '5' second(s)

2018-03-13 10:46:08 - [MESSAGE][PASSED] - Web element with id: 'Object Repository/Entfernung_filialsuche' located by 'By.xpath: //span[@class='loc-distance']' is not present after '5' second(s)

2018-03-13 10:46:08 - [TEST_STEP][PASSED] - closeBrowser: Browser is closed

2018-03-13 10:46:08 - [MESSAGE][PASSED] - Browser is closed]]></system-out>
         <system-err><![CDATA[]]></system-err>
      </testcase>
      <testcase name="Test Cases/Prototyp_GAA_Suche (RC18)/06_Testfall" classname="Test Cases/Prototyp_GAA_Suche (RC18)/06_Testfall" status="FAILED">
         <failure type="FAILED" message="Anzahl Maps 71 ist NICHT gleich Anzahl Filialen 70"/>
         <system-out><![CDATA[2018-03-13 10:46:08 - [TEST_CASE][FAILED] - Test Cases/Prototyp_GAA_Suche (RC18)/06_Testfall: Test Cases/Prototyp_GAA_Suche (RC18)/06_Testfall FAILED because (of) Anzahl Maps 71 ist NICHT gleich Anzahl Filialen 70

2018-03-13 10:46:09 - [TEST_STEP][PASSED] - openBrowser: Browser is opened with url: ''

2018-03-13 10:46:11 - [MESSAGE][PASSED] - Browser is opened with url: ''

2018-03-13 10:46:11 - [TEST_STEP][PASSED] - deleteAllCookies: Delete all cookies successfully

2018-03-13 10:46:11 - [MESSAGE][PASSED] - Delete all cookies successfully

2018-03-13 10:46:11 - [TEST_STEP][PASSED] - maximizeWindow: Current window maximized

2018-03-13 10:46:11 - [MESSAGE][PASSED] - Current window maximized

2018-03-13 10:46:11 - [TEST_STEP][PASSED] - navigateToUrl: Navigate to 'http://rc-ogrhtmlprototyp.testintern/18-1-0/geldautomatensuche.html' successfully

2018-03-13 10:46:11 - [MESSAGE][PASSED] - Navigate to 'http://rc-ogrhtmlprototyp.testintern/18-1-0/geldautomatensuche.html' successfully

2018-03-13 10:46:11 - [TEST_STEP][PASSED] - delay: Delayed 5 second(s)

2018-03-13 10:46:16 - [MESSAGE][PASSED] - Delayed 5 second(s)

2018-03-13 10:46:16 - [TEST_STEP][PASSED] - click: Object: 'Object Repository/002/Page_Filialsuche-rotenburg - BVR HT/svg_dropdown-icons' is clicked on

2018-03-13 10:46:33 - [MESSAGE][PASSED] - Object: 'Object Repository/002/Page_Filialsuche-rotenburg - BVR HT/svg_dropdown-icons' is clicked on

2018-03-13 10:46:33 - [TEST_STEP][PASSED] - delay: Delayed 2 second(s)

2018-03-13 10:46:35 - [MESSAGE][PASSED] - Delayed 2 second(s)

2018-03-13 10:46:35 - [TEST_STEP][PASSED] - mouseOver: Object: 'Object Repository/Berlin_option' is hovered

2018-03-13 10:46:41 - [MESSAGE][PASSED] - Object: 'Object Repository/Berlin_option' is hovered

2018-03-13 10:46:41 - [TEST_STEP][PASSED] - delay: Delayed 2 second(s)

2018-03-13 10:46:43 - [MESSAGE][PASSED] - Delayed 2 second(s)

2018-03-13 10:46:43 - [TEST_STEP][PASSED] - click: Object: 'Object Repository/Berlin_option' is clicked on

2018-03-13 10:46:45 - [MESSAGE][PASSED] - Object: 'Object Repository/Berlin_option' is clicked on

2018-03-13 10:46:45 - [TEST_STEP][PASSED] - delay: Delayed 5 second(s)

2018-03-13 10:46:50 - [MESSAGE][PASSED] - Delayed 5 second(s)

2018-03-13 10:46:50 - [TEST_STEP][PASSED] - Statement - wes1 = com.kms.katalon.core.webui.common.WebUiCommonHelper.findWebElements(com.kms.katalon.core.testobject.ObjectRepository.findTestObject(gaa_map), 5): Found 71 web elements with id: 'Object Repository/gaa_map' located by 'By.xpath: //div[@class='aps-map__custom-marker aps-map__custom-marker--is-atm']' in '5' second(s)

2018-03-13 10:46:50 - [TEST_STEP][PASSED] - Statement - wes2 = com.kms.katalon.core.webui.common.WebUiCommonHelper.findWebElements(com.kms.katalon.core.testobject.ObjectRepository.findTestObject(loc_steet_filialsuche), 5): Found 71 web elements with id: 'Object Repository/loc_steet_filialsuche' located by 'By.xpath: //div[@class='loc-street']' in '5' second(s)

2018-03-13 10:46:50 - [TEST_STEP][PASSED] - Statement - wes3 = com.kms.katalon.core.webui.common.WebUiCommonHelper.findWebElements(com.kms.katalon.core.testobject.ObjectRepository.findTestObject(filialsuche_loc_city), 5): Finding web element with id: 'Object Repository/filialsuche_loc_city' located by 'By.xpath: /div[@class='loc-city']' in '5' second(s)

2018-03-13 10:46:58 - [TEST_STEP][PASSED] - Statement - filial_maps_count = wes1.size(): null

2018-03-13 10:46:58 - [TEST_STEP][PASSED] - Statement - filial_accordeon_count = wes2.size(): null

2018-03-13 10:46:58 - [TEST_STEP][PASSED] - Statement - filial_count = 70: null

2018-03-13 10:46:58 - [TEST_STEP][PASSED] - Statement - city_name = "Berlin": null

2018-03-13 10:46:58 - [TEST_STEP][PASSED] - Statement - If (filial_maps_count != filial_count): null

2018-03-13 10:46:58 - [TEST_STEP][PASSED] - comment: Anzahl Maps 71 ist NICHT gleich Anzahl Filialen 70

2018-03-13 10:46:58 - [TEST_STEP][PASSED] - closeBrowser: Browser is closed

2018-03-13 10:46:59 - [MESSAGE][PASSED] - Browser is closed

2018-03-13 10:46:59 - [TEST_STEP][PASSED] - Statement - Throw new com.kms.katalon.core.exception.StepFailedException((((Anzahl Maps  + filial_maps_count) +  ist NICHT gleich Anzahl Filialen ) + filial_count)): null]]></system-out>
         <system-err><![CDATA[2018-03-13 10:46:08 - [TEST_CASE][FAILED] - Test Cases/Prototyp_GAA_Suche (RC18)/06_Testfall: Test Cases/Prototyp_GAA_Suche (RC18)/06_Testfall FAILED because (of) Anzahl Maps 71 ist NICHT gleich Anzahl Filialen 70]]></system-err>
      </testcase>
      <testcase name="Test Cases/Prototyp_GAA_Suche (RC18)/15_Testfall" classname="Test Cases/Prototyp_GAA_Suche (RC18)/15_Testfall" status="FAILED">
         <failure type="FAILED" message="Unable to move mouse over object 'Object Repository/GAA/Page_Geldautomatensuche - BVR HTML/div_Berlin' (Root cause: com.kms.katalon.core.webui.exception.WebElementNotFoundException: Web element with id: 'Object Repository/GAA/Page_Geldautomatensuche - BVR HTML/div_Berlin' located by 'By.xpath: //div[@id = 'ui-id-5' and (text() = 'Berlin' or . = 'Berlin')]' not found)"/>
         <system-out><![CDATA[2018-03-13 10:46:59 - [TEST_CASE][FAILED] - Test Cases/Prototyp_GAA_Suche (RC18)/15_Testfall: Test Cases/Prototyp_GAA_Suche (RC18)/15_Testfall FAILED because (of) Unable to move mouse over object 'Object Repository/GAA/Page_Geldautomatensuche - BVR HTML/div_Berlin' (Root cause: com.kms.katalon.core.webui.exception.WebElementNotFoundException: Web element with id: 'Object Repository/GAA/Page_Geldautomatensuche - BVR HTML/div_Berlin' located by 'By.xpath: //div[@id = 'ui-id-5' and (text() = 'Berlin' or . = 'Berlin')]' not found)

2018-03-13 10:46:59 - [TEST_STEP][PASSED] - openBrowser: Browser is opened with url: ''

2018-03-13 10:47:01 - [MESSAGE][PASSED] - Browser is opened with url: ''

2018-03-13 10:47:01 - [TEST_STEP][PASSED] - maximizeWindow: Current window maximized

2018-03-13 10:47:01 - [MESSAGE][PASSED] - Current window maximized

2018-03-13 10:47:01 - [TEST_STEP][PASSED] - deleteAllCookies: Delete all cookies successfully

2018-03-13 10:47:01 - [MESSAGE][PASSED] - Delete all cookies successfully

2018-03-13 10:47:01 - [TEST_STEP][PASSED] - navigateToUrl: Navigate to 'http://rc-ogrhtmlprototyp.testintern/18-1-0/geldautomatensuche.html' successfully

2018-03-13 10:47:02 - [MESSAGE][PASSED] - Navigate to 'http://rc-ogrhtmlprototyp.testintern/18-1-0/geldautomatensuche.html' successfully

2018-03-13 10:47:02 - [TEST_STEP][PASSED] - delay: Delayed 5 second(s)

2018-03-13 10:47:07 - [MESSAGE][PASSED] - Delayed 5 second(s)

2018-03-13 10:47:07 - [TEST_STEP][PASSED] - click: Object: 'Object Repository/GAA/Page_Geldautomatensuche - BVR HTML/svg_dropdown-icons' is clicked on

2018-03-13 10:47:09 - [MESSAGE][PASSED] - Object: 'Object Repository/GAA/Page_Geldautomatensuche - BVR HTML/svg_dropdown-icons' is clicked on

2018-03-13 10:47:09 - [TEST_STEP][PASSED] - delay: Delayed 2 second(s)

2018-03-13 10:47:11 - [MESSAGE][PASSED] - Delayed 2 second(s)

2018-03-13 10:47:11 - [TEST_STEP][FAILED] - mouseOver: Unable to move mouse over object 'Object Repository/GAA/Page_Geldautomatensuche - BVR HTML/div_Berlin' (Root cause: com.kms.katalon.core.webui.exception.WebElementNotFoundException: Web element with id: 'Object Repository/GAA/Page_Geldautomatensuche - BVR HTML/div_Berlin' located by 'By.xpath: //div[@id = 'ui-id-5' and (text() = 'Berlin' or . = 'Berlin')]' not found)

2018-03-13 10:48:04 - [MESSAGE][FAILED] - Unable to move mouse over object 'Object Repository/GAA/Page_Geldautomatensuche - BVR HTML/div_Berlin' (Root cause: com.kms.katalon.core.webui.exception.WebElementNotFoundException: Web element with id: 'Object Repository/GAA/Page_Geldautomatensuche - BVR HTML/div_Berlin' located by 'By.xpath: //div[@id = 'ui-id-5' and (text() = 'Berlin' or . = 'Berlin')]' not found)
[[ATTACHMENT|C:\\Users\\lbut\\Downloads\\Prototyp1_12_03\\Prototyp1\\Reports\\Prototyp GAA (RC18) 13_03_2018\\20180313_104448\\1520934481826.png]]]]></system-out>
         <system-err><![CDATA[2018-03-13 10:46:59 - [TEST_CASE][FAILED] - Test Cases/Prototyp_GAA_Suche (RC18)/15_Testfall: Test Cases/Prototyp_GAA_Suche (RC18)/15_Testfall FAILED because (of) Unable to move mouse over object 'Object Repository/GAA/Page_Geldautomatensuche - BVR HTML/div_Berlin' (Root cause: com.kms.katalon.core.webui.exception.WebElementNotFoundException: Web element with id: 'Object Repository/GAA/Page_Geldautomatensuche - BVR HTML/div_Berlin' located by 'By.xpath: //div[@id = 'ui-id-5' and (text() = 'Berlin' or . = 'Berlin')]' not found)]]></system-err>
      </testcase>
      <testcase name="Test Cases/Prototyp_GAA_Suche (RC18)/16_Testfall" classname="Test Cases/Prototyp_GAA_Suche (RC18)/16_Testfall" status="PASSED">
         <system-out><![CDATA[2018-03-13 10:48:04 - [TEST_CASE][PASSED] - Test Cases/Prototyp_GAA_Suche (RC18)/16_Testfall: Test Cases/Prototyp_GAA_Suche (RC18)/16_Testfall

2018-03-13 10:48:04 - [TEST_STEP][PASSED] - openBrowser: Browser is opened with url: ''

2018-03-13 10:48:04 - [MESSAGE][WARNING] - A browser is already opened. Closing browser and opening a new one

2018-03-13 10:48:07 - [MESSAGE][PASSED] - Browser is opened with url: ''

2018-03-13 10:48:07 - [TEST_STEP][PASSED] - maximizeWindow: Current window maximized

2018-03-13 10:48:07 - [MESSAGE][PASSED] - Current window maximized

2018-03-13 10:48:07 - [TEST_STEP][PASSED] - deleteAllCookies: Delete all cookies successfully

2018-03-13 10:48:07 - [MESSAGE][PASSED] - Delete all cookies successfully

2018-03-13 10:48:07 - [TEST_STEP][PASSED] - navigateToUrl: Navigate to 'http://rc-ogrhtmlprototyp.testintern/18-1-0/geldautomatensuche.html' successfully

2018-03-13 10:48:07 - [MESSAGE][PASSED] - Navigate to 'http://rc-ogrhtmlprototyp.testintern/18-1-0/geldautomatensuche.html' successfully

2018-03-13 10:48:07 - [TEST_STEP][PASSED] - delay: Delayed 5 second(s)

2018-03-13 10:48:12 - [MESSAGE][PASSED] - Delayed 5 second(s)

2018-03-13 10:48:12 - [TEST_STEP][PASSED] - delay: Delayed 2 second(s)

2018-03-13 10:48:14 - [MESSAGE][PASSED] - Delayed 2 second(s)

2018-03-13 10:48:14 - [TEST_STEP][PASSED] - click: Object: 'Object Repository/GAA/Page_Geldautomatensuche - BVR HTML (1)/a_2' is clicked on

2018-03-13 10:48:18 - [MESSAGE][PASSED] - Object: 'Object Repository/GAA/Page_Geldautomatensuche - BVR HTML (1)/a_2' is clicked on

2018-03-13 10:48:18 - [TEST_STEP][PASSED] - click: Object: 'Object Repository/GAA/Page_Geldautomatensuche - BVR HTML (1)/a_3' is clicked on

2018-03-13 10:48:20 - [MESSAGE][PASSED] - Object: 'Object Repository/GAA/Page_Geldautomatensuche - BVR HTML (1)/a_3' is clicked on

2018-03-13 10:48:20 - [TEST_STEP][PASSED] - click: Object: 'Object Repository/GAA/Page_Geldautomatensuche - BVR HTML (1)/a_4' is clicked on

2018-03-13 10:48:21 - [MESSAGE][PASSED] - Object: 'Object Repository/GAA/Page_Geldautomatensuche - BVR HTML (1)/a_4' is clicked on

2018-03-13 10:48:21 - [TEST_STEP][PASSED] - click: Object: 'Object Repository/GAA/Page_Geldautomatensuche - BVR HTML (1)/a_5' is clicked on

2018-03-13 10:48:23 - [MESSAGE][PASSED] - Object: 'Object Repository/GAA/Page_Geldautomatensuche - BVR HTML (1)/a_5' is clicked on

2018-03-13 10:48:23 - [TEST_STEP][PASSED] - click: Object: 'Object Repository/GAA/Page_Geldautomatensuche - BVR HTML (1)/a_6' is clicked on

2018-03-13 10:48:24 - [MESSAGE][PASSED] - Object: 'Object Repository/GAA/Page_Geldautomatensuche - BVR HTML (1)/a_6' is clicked on

2018-03-13 10:48:24 - [TEST_STEP][PASSED] - click: Object: 'Object Repository/GAA/Page_Geldautomatensuche - BVR HTML (1)/a_7' is clicked on

2018-03-13 10:48:26 - [MESSAGE][PASSED] - Object: 'Object Repository/GAA/Page_Geldautomatensuche - BVR HTML (1)/a_7' is clicked on

2018-03-13 10:48:26 - [TEST_STEP][PASSED] - click: Object: 'Object Repository/GAA/Page_Geldautomatensuche - BVR HTML (1)/a_8' is clicked on

2018-03-13 10:48:27 - [MESSAGE][PASSED] - Object: 'Object Repository/GAA/Page_Geldautomatensuche - BVR HTML (1)/a_8' is clicked on

2018-03-13 10:48:27 - [TEST_STEP][PASSED] - click: Object: 'Object Repository/GAA/Page_Geldautomatensuche - BVR HTML (1)/a_9' is clicked on

2018-03-13 10:48:28 - [MESSAGE][PASSED] - Object: 'Object Repository/GAA/Page_Geldautomatensuche - BVR HTML (1)/a_9' is clicked on

2018-03-13 10:48:28 - [TEST_STEP][PASSED] - click: Object: 'Object Repository/GAA/Page_Geldautomatensuche - BVR HTML (1)/a_10' is clicked on

2018-03-13 10:48:30 - [MESSAGE][PASSED] - Object: 'Object Repository/GAA/Page_Geldautomatensuche - BVR HTML (1)/a_10' is clicked on

2018-03-13 10:48:30 - [TEST_STEP][PASSED] - click: Object: 'Object Repository/GAA/Page_Geldautomatensuche - BVR HTML (1)/a_11' is clicked on

2018-03-13 10:48:31 - [MESSAGE][PASSED] - Object: 'Object Repository/GAA/Page_Geldautomatensuche - BVR HTML (1)/a_11' is clicked on

2018-03-13 10:48:31 - [TEST_STEP][PASSED] - click: Object: 'Object Repository/GAA/Page_Geldautomatensuche - BVR HTML (1)/a_12' is clicked on

2018-03-13 10:48:32 - [MESSAGE][PASSED] - Object: 'Object Repository/GAA/Page_Geldautomatensuche - BVR HTML (1)/a_12' is clicked on

2018-03-13 10:48:32 - [TEST_STEP][PASSED] - click: Object: 'Object Repository/GAA/Page_Geldautomatensuche - BVR HTML (1)/a_Zurck' is clicked on

2018-03-13 10:48:34 - [MESSAGE][PASSED] - Object: 'Object Repository/GAA/Page_Geldautomatensuche - BVR HTML (1)/a_Zurck' is clicked on

2018-03-13 10:48:34 - [TEST_STEP][PASSED] - click: Object: 'Object Repository/GAA/Page_Geldautomatensuche - BVR HTML (1)/a_Zurck' is clicked on

2018-03-13 10:48:35 - [MESSAGE][PASSED] - Object: 'Object Repository/GAA/Page_Geldautomatensuche - BVR HTML (1)/a_Zurck' is clicked on

2018-03-13 10:48:35 - [TEST_STEP][PASSED] - click: Object: 'Object Repository/GAA/Page_Geldautomatensuche - BVR HTML (1)/a_Zurck' is clicked on

2018-03-13 10:48:37 - [MESSAGE][PASSED] - Object: 'Object Repository/GAA/Page_Geldautomatensuche - BVR HTML (1)/a_Zurck' is clicked on

2018-03-13 10:48:37 - [TEST_STEP][PASSED] - click: Object: 'Object Repository/GAA/Page_Geldautomatensuche - BVR HTML (1)/a_Zurck' is clicked on

2018-03-13 10:48:38 - [MESSAGE][PASSED] - Object: 'Object Repository/GAA/Page_Geldautomatensuche - BVR HTML (1)/a_Zurck' is clicked on

2018-03-13 10:48:38 - [TEST_STEP][PASSED] - click: Object: 'Object Repository/GAA/Page_Geldautomatensuche - BVR HTML (1)/a_Zum Anfang' is clicked on

2018-03-13 10:48:40 - [MESSAGE][PASSED] - Object: 'Object Repository/GAA/Page_Geldautomatensuche - BVR HTML (1)/a_Zum Anfang' is clicked on

2018-03-13 10:48:40 - [TEST_STEP][PASSED] - click: Object: 'Object Repository/GAA/Page_Geldautomatensuche - BVR HTML (1)/a_Zum Ende' is clicked on

2018-03-13 10:48:42 - [MESSAGE][PASSED] - Object: 'Object Repository/GAA/Page_Geldautomatensuche - BVR HTML (1)/a_Zum Ende' is clicked on

2018-03-13 10:48:42 - [TEST_STEP][PASSED] - click: Object: 'Object Repository/GAA/Page_Geldautomatensuche - BVR HTML (1)/li_Zurck' is clicked on

2018-03-13 10:48:43 - [MESSAGE][PASSED] - Object: 'Object Repository/GAA/Page_Geldautomatensuche - BVR HTML (1)/li_Zurck' is clicked on

2018-03-13 10:48:43 - [TEST_STEP][PASSED] - click: Object: 'Object Repository/GAA/Page_Geldautomatensuche - BVR HTML (1)/a_Zurck' is clicked on

2018-03-13 10:48:45 - [MESSAGE][PASSED] - Object: 'Object Repository/GAA/Page_Geldautomatensuche - BVR HTML (1)/a_Zurck' is clicked on

2018-03-13 10:48:45 - [TEST_STEP][PASSED] - click: Object: 'Object Repository/GAA/Page_Geldautomatensuche - BVR HTML (1)/a_Zurck' is clicked on

2018-03-13 10:48:47 - [MESSAGE][PASSED] - Object: 'Object Repository/GAA/Page_Geldautomatensuche - BVR HTML (1)/a_Zurck' is clicked on

2018-03-13 10:48:47 - [TEST_STEP][PASSED] - click: Object: 'Object Repository/GAA/Page_Geldautomatensuche - BVR HTML (1)/a_Weiter' is clicked on

2018-03-13 10:48:48 - [MESSAGE][PASSED] - Object: 'Object Repository/GAA/Page_Geldautomatensuche - BVR HTML (1)/a_Weiter' is clicked on

2018-03-13 10:48:48 - [TEST_STEP][PASSED] - click: Object: 'Object Repository/GAA/Page_Geldautomatensuche - BVR HTML (1)/a_Weiter' is clicked on

2018-03-13 10:48:49 - [MESSAGE][PASSED] - Object: 'Object Repository/GAA/Page_Geldautomatensuche - BVR HTML (1)/a_Weiter' is clicked on

2018-03-13 10:48:49 - [TEST_STEP][PASSED] - click: Object: 'Object Repository/GAA/Page_Geldautomatensuche - BVR HTML (1)/a_Weiter' is clicked on

2018-03-13 10:48:51 - [MESSAGE][PASSED] - Object: 'Object Repository/GAA/Page_Geldautomatensuche - BVR HTML (1)/a_Weiter' is clicked on

2018-03-13 10:48:51 - [TEST_STEP][PASSED] - closeBrowser: Browser is closed

2018-03-13 10:48:51 - [MESSAGE][PASSED] - Browser is closed]]></system-out>
         <system-err><![CDATA[]]></system-err>
      </testcase>
      <testcase name="Test Cases/Prototyp_GAA_Suche (RC18)/17_Testfall" classname="Test Cases/Prototyp_GAA_Suche (RC18)/17_Testfall" status="PASSED">
         <system-out><![CDATA[2018-03-13 10:48:51 - [TEST_CASE][PASSED] - Test Cases/Prototyp_GAA_Suche (RC18)/17_Testfall: Test Cases/Prototyp_GAA_Suche (RC18)/17_Testfall

2018-03-13 10:48:51 - [TEST_STEP][PASSED] - openBrowser: Browser is opened with url: ''

2018-03-13 10:48:54 - [MESSAGE][PASSED] - Browser is opened with url: ''

2018-03-13 10:48:54 - [TEST_STEP][PASSED] - maximizeWindow: Current window maximized

2018-03-13 10:48:54 - [MESSAGE][PASSED] - Current window maximized

2018-03-13 10:48:54 - [TEST_STEP][PASSED] - deleteAllCookies: Delete all cookies successfully

2018-03-13 10:48:54 - [MESSAGE][PASSED] - Delete all cookies successfully

2018-03-13 10:48:54 - [TEST_STEP][PASSED] - navigateToUrl: Navigate to 'http://rc-ogrhtmlprototyp.testintern/18-1-0/geldautomatensuche-bundesweit.html' successfully

2018-03-13 10:48:54 - [MESSAGE][PASSED] - Navigate to 'http://rc-ogrhtmlprototyp.testintern/18-1-0/geldautomatensuche-bundesweit.html' successfully

2018-03-13 10:48:54 - [TEST_STEP][PASSED] - click: Object: 'Object Repository/GAA18/Page_Geldautomatensuche-bundesweit (1)/span_Bargeld im Einzelhandel' is clicked on

2018-03-13 10:48:56 - [MESSAGE][PASSED] - Object: 'Object Repository/GAA18/Page_Geldautomatensuche-bundesweit (1)/span_Bargeld im Einzelhandel' is clicked on

2018-03-13 10:48:56 - [TEST_STEP][PASSED] - delay: Delayed 2 second(s)

2018-03-13 10:48:58 - [MESSAGE][PASSED] - Delayed 2 second(s)

2018-03-13 10:48:58 - [TEST_STEP][PASSED] - setText: Text 'berlin' is set on object 'Object Repository/GAA17/Page_Geldautomatensuche-bundesweit/input_city'

2018-03-13 10:48:59 - [MESSAGE][PASSED] - Text 'berlin' is set on object 'Object Repository/GAA17/Page_Geldautomatensuche-bundesweit/input_city'

2018-03-13 10:48:59 - [TEST_STEP][PASSED] - delay: Delayed 2 second(s)

2018-03-13 10:49:01 - [MESSAGE][PASSED] - Delayed 2 second(s)

2018-03-13 10:49:01 - [TEST_STEP][PASSED] - click: Object: 'Object Repository/GAA17/Page_Geldautomatensuche-bundesweit/button_Suchen' is clicked on

2018-03-13 10:49:04 - [MESSAGE][PASSED] - Object: 'Object Repository/GAA17/Page_Geldautomatensuche-bundesweit/button_Suchen' is clicked on

2018-03-13 10:49:04 - [TEST_STEP][PASSED] - delay: Delayed 2 second(s)

2018-03-13 10:49:06 - [MESSAGE][PASSED] - Delayed 2 second(s)

2018-03-13 10:49:06 - [TEST_STEP][PASSED] - click: Object: 'Object Repository/GAA17/Page_Geldautomatensuche-bundesweit/a_2' is clicked on

2018-03-13 10:49:07 - [MESSAGE][PASSED] - Object: 'Object Repository/GAA17/Page_Geldautomatensuche-bundesweit/a_2' is clicked on

2018-03-13 10:49:07 - [TEST_STEP][PASSED] - click: Object: 'Object Repository/GAA17/Page_Geldautomatensuche-bundesweit/a_3' is clicked on

2018-03-13 10:49:09 - [MESSAGE][PASSED] - Object: 'Object Repository/GAA17/Page_Geldautomatensuche-bundesweit/a_3' is clicked on

2018-03-13 10:49:09 - [TEST_STEP][PASSED] - click: Object: 'Object Repository/GAA17/Page_Geldautomatensuche-bundesweit/a_4' is clicked on

2018-03-13 10:49:10 - [MESSAGE][PASSED] - Object: 'Object Repository/GAA17/Page_Geldautomatensuche-bundesweit/a_4' is clicked on

2018-03-13 10:49:10 - [TEST_STEP][PASSED] - click: Object: 'Object Repository/GAA17/Page_Geldautomatensuche-bundesweit/a_5' is clicked on

2018-03-13 10:49:12 - [MESSAGE][PASSED] - Object: 'Object Repository/GAA17/Page_Geldautomatensuche-bundesweit/a_5' is clicked on

2018-03-13 10:49:12 - [TEST_STEP][PASSED] - click: Object: 'Object Repository/GAA17/Page_Geldautomatensuche-bundesweit/a_Zum Anfang' is clicked on

2018-03-13 10:49:13 - [MESSAGE][PASSED] - Object: 'Object Repository/GAA17/Page_Geldautomatensuche-bundesweit/a_Zum Anfang' is clicked on

2018-03-13 10:49:13 - [TEST_STEP][PASSED] - click: Object: 'Object Repository/GAA17/Page_Geldautomatensuche-bundesweit/a_Weiter' is clicked on

2018-03-13 10:49:15 - [MESSAGE][PASSED] - Object: 'Object Repository/GAA17/Page_Geldautomatensuche-bundesweit/a_Weiter' is clicked on

2018-03-13 10:49:15 - [TEST_STEP][PASSED] - click: Object: 'Object Repository/GAA17/Page_Geldautomatensuche-bundesweit/a_Weiter' is clicked on

2018-03-13 10:49:16 - [MESSAGE][PASSED] - Object: 'Object Repository/GAA17/Page_Geldautomatensuche-bundesweit/a_Weiter' is clicked on

2018-03-13 10:49:16 - [TEST_STEP][PASSED] - click: Object: 'Object Repository/GAA17/Page_Geldautomatensuche-bundesweit/a_Weiter' is clicked on

2018-03-13 10:49:17 - [MESSAGE][PASSED] - Object: 'Object Repository/GAA17/Page_Geldautomatensuche-bundesweit/a_Weiter' is clicked on

2018-03-13 10:49:17 - [TEST_STEP][PASSED] - click: Object: 'Object Repository/GAA17/Page_Geldautomatensuche-bundesweit/li_Weiter' is clicked on

2018-03-13 10:49:18 - [MESSAGE][PASSED] - Object: 'Object Repository/GAA17/Page_Geldautomatensuche-bundesweit/li_Weiter' is clicked on

2018-03-13 10:49:18 - [TEST_STEP][PASSED] - click: Object: 'Object Repository/GAA17/Page_Geldautomatensuche-bundesweit/a_Zurck' is clicked on

2018-03-13 10:49:19 - [MESSAGE][PASSED] - Object: 'Object Repository/GAA17/Page_Geldautomatensuche-bundesweit/a_Zurck' is clicked on

2018-03-13 10:49:19 - [TEST_STEP][PASSED] - click: Object: 'Object Repository/GAA17/Page_Geldautomatensuche-bundesweit/a_Zurck' is clicked on

2018-03-13 10:49:20 - [MESSAGE][PASSED] - Object: 'Object Repository/GAA17/Page_Geldautomatensuche-bundesweit/a_Zurck' is clicked on

2018-03-13 10:49:20 - [TEST_STEP][PASSED] - click: Object: 'Object Repository/GAA17/Page_Geldautomatensuche-bundesweit/a_Zurck' is clicked on

2018-03-13 10:49:21 - [MESSAGE][PASSED] - Object: 'Object Repository/GAA17/Page_Geldautomatensuche-bundesweit/a_Zurck' is clicked on

2018-03-13 10:49:21 - [TEST_STEP][PASSED] - click: Object: 'Object Repository/GAA17/Page_Geldautomatensuche-bundesweit/li_Zum Ende' is clicked on

2018-03-13 10:49:22 - [MESSAGE][PASSED] - Object: 'Object Repository/GAA17/Page_Geldautomatensuche-bundesweit/li_Zum Ende' is clicked on

2018-03-13 10:49:22 - [TEST_STEP][PASSED] - closeBrowser: Browser is closed

2018-03-13 10:49:23 - [MESSAGE][PASSED] - Browser is closed]]></system-out>
         <system-err><![CDATA[]]></system-err>
      </testcase>
      <testcase name="Test Cases/Prototyp_GAA_Suche (RC18)/18_Testfall" classname="Test Cases/Prototyp_GAA_Suche (RC18)/18_Testfall" status="PASSED">
         <system-out><![CDATA[2018-03-13 10:49:23 - [TEST_CASE][PASSED] - Test Cases/Prototyp_GAA_Suche (RC18)/18_Testfall: Test Cases/Prototyp_GAA_Suche (RC18)/18_Testfall

2018-03-13 10:49:23 - [TEST_STEP][PASSED] - openBrowser: Browser is opened with url: ''

2018-03-13 10:49:25 - [MESSAGE][PASSED] - Browser is opened with url: ''

2018-03-13 10:49:25 - [TEST_STEP][PASSED] - deleteAllCookies: Delete all cookies successfully

2018-03-13 10:49:25 - [MESSAGE][PASSED] - Delete all cookies successfully

2018-03-13 10:49:25 - [TEST_STEP][PASSED] - maximizeWindow: Current window maximized

2018-03-13 10:49:25 - [MESSAGE][PASSED] - Current window maximized

2018-03-13 10:49:25 - [TEST_STEP][PASSED] - navigateToUrl: Navigate to 'http://rc-ogrhtmlprototyp.testintern/18-1-0/geldautomatensuche.html' successfully

2018-03-13 10:49:26 - [MESSAGE][PASSED] - Navigate to 'http://rc-ogrhtmlprototyp.testintern/18-1-0/geldautomatensuche.html' successfully

2018-03-13 10:49:26 - [TEST_STEP][PASSED] - delay: Delayed 5 second(s)

2018-03-13 10:49:31 - [MESSAGE][PASSED] - Delayed 5 second(s)

2018-03-13 10:49:31 - [TEST_STEP][PASSED] - click: Object: 'Object Repository/002/Page_Filialsuche-rotenburg - BVR HT/svg_dropdown-icons' is clicked on

2018-03-13 10:49:33 - [MESSAGE][PASSED] - Object: 'Object Repository/002/Page_Filialsuche-rotenburg - BVR HT/svg_dropdown-icons' is clicked on

2018-03-13 10:49:33 - [TEST_STEP][PASSED] - delay: Delayed 2 second(s)

2018-03-13 10:49:35 - [MESSAGE][PASSED] - Delayed 2 second(s)

2018-03-13 10:49:35 - [TEST_STEP][PASSED] - mouseOver: Object: 'Object Repository/Potsdam_option' is hovered

2018-03-13 10:49:36 - [MESSAGE][PASSED] - Object: 'Object Repository/Potsdam_option' is hovered

2018-03-13 10:49:36 - [TEST_STEP][PASSED] - delay: Delayed 2 second(s)

2018-03-13 10:49:38 - [MESSAGE][PASSED] - Delayed 2 second(s)

2018-03-13 10:49:38 - [TEST_STEP][PASSED] - click: Object: 'Object Repository/Potsdam_option' is clicked on

2018-03-13 10:49:40 - [MESSAGE][PASSED] - Object: 'Object Repository/Potsdam_option' is clicked on

2018-03-13 10:49:40 - [TEST_STEP][PASSED] - delay: Delayed 5 second(s)

2018-03-13 10:49:45 - [MESSAGE][PASSED] - Delayed 5 second(s)

2018-03-13 10:49:45 - [TEST_STEP][PASSED] - Statement - wes1 = com.kms.katalon.core.webui.common.WebUiCommonHelper.findWebElements(com.kms.katalon.core.testobject.ObjectRepository.findTestObject(gaa_map), 5): Found 2 web elements with id: 'Object Repository/gaa_map' located by 'By.xpath: //div[@class='aps-map__custom-marker aps-map__custom-marker--is-atm']' in '5' second(s)

2018-03-13 10:49:45 - [TEST_STEP][PASSED] - Statement - wes2 = com.kms.katalon.core.webui.common.WebUiCommonHelper.findWebElements(com.kms.katalon.core.testobject.ObjectRepository.findTestObject(loc_steet_filialsuche), 5): Found 2 web elements with id: 'Object Repository/loc_steet_filialsuche' located by 'By.xpath: //div[@class='loc-street']' in '5' second(s)

2018-03-13 10:49:45 - [TEST_STEP][PASSED] - Statement - wes3 = com.kms.katalon.core.webui.common.WebUiCommonHelper.findWebElements(com.kms.katalon.core.testobject.ObjectRepository.findTestObject(filialsuche_loc_city), 5): Finding web element with id: 'Object Repository/filialsuche_loc_city' located by 'By.xpath: /div[@class='loc-city']' in '5' second(s)

2018-03-13 10:49:53 - [TEST_STEP][PASSED] - Statement - filial_maps_count = wes1.size(): null

2018-03-13 10:49:53 - [TEST_STEP][PASSED] - Statement - filial_accordeon_count = wes2.size(): null

2018-03-13 10:49:53 - [TEST_STEP][PASSED] - Statement - filial_count = 2: null

2018-03-13 10:49:53 - [TEST_STEP][PASSED] - Statement - city_name = "Berlin": null

2018-03-13 10:49:53 - [TEST_STEP][PASSED] - Statement - If (filial_maps_count != filial_count): null

2018-03-13 10:49:53 - [TEST_STEP][PASSED] - Statement - For ([i = 0, i < wes3.size(), (i++)]): null

2018-03-13 10:49:53 - [TEST_STEP][PASSED] - closeBrowser: Browser is closed

2018-03-13 10:49:54 - [MESSAGE][PASSED] - Browser is closed]]></system-out>
         <system-err><![CDATA[]]></system-err>
      </testcase>
      <testcase name="Test Cases/Prototyp_GAA_Suche (RC18)/19TF" classname="Test Cases/Prototyp_GAA_Suche (RC18)/19TF" status="PASSED">
         <system-out><![CDATA[2018-03-13 10:49:54 - [TEST_CASE][PASSED] - Test Cases/Prototyp_GAA_Suche (RC18)/19TF: Test Cases/Prototyp_GAA_Suche (RC18)/19TF

2018-03-13 10:49:54 - [TEST_STEP][PASSED] - openBrowser: Browser is opened with url: ''

2018-03-13 10:49:56 - [MESSAGE][PASSED] - Browser is opened with url: ''

2018-03-13 10:49:56 - [TEST_STEP][PASSED] - maximizeWindow: Current window maximized

2018-03-13 10:49:56 - [MESSAGE][PASSED] - Current window maximized

2018-03-13 10:49:56 - [TEST_STEP][PASSED] - deleteAllCookies: Delete all cookies successfully

2018-03-13 10:49:56 - [MESSAGE][PASSED] - Delete all cookies successfully

2018-03-13 10:49:56 - [TEST_STEP][PASSED] - navigateToUrl: Navigate to 'http://rc-ogrhtmlprototyp.testintern/18-1-0/geldautomatensuche-bundesweit.html' successfully

2018-03-13 10:49:57 - [MESSAGE][PASSED] - Navigate to 'http://rc-ogrhtmlprototyp.testintern/18-1-0/geldautomatensuche-bundesweit.html' successfully

2018-03-13 10:49:57 - [TEST_STEP][PASSED] - click: Object: 'Object Repository/GAA18/Page_Geldautomatensuche-bundesweit (1)/span_Bargeld im Einzelhandel' is clicked on

2018-03-13 10:49:59 - [MESSAGE][PASSED] - Object: 'Object Repository/GAA18/Page_Geldautomatensuche-bundesweit (1)/span_Bargeld im Einzelhandel' is clicked on

2018-03-13 10:49:59 - [TEST_STEP][PASSED] - delay: Delayed 2 second(s)

2018-03-13 10:50:01 - [MESSAGE][PASSED] - Delayed 2 second(s)

2018-03-13 10:50:01 - [TEST_STEP][PASSED] - setText: Text 'berlin' is set on object 'Object Repository/GAA17/Page_Geldautomatensuche-bundesweit/input_city'

2018-03-13 10:50:01 - [MESSAGE][PASSED] - Text 'berlin' is set on object 'Object Repository/GAA17/Page_Geldautomatensuche-bundesweit/input_city'

2018-03-13 10:50:01 - [TEST_STEP][PASSED] - delay: Delayed 2 second(s)

2018-03-13 10:50:03 - [MESSAGE][PASSED] - Delayed 2 second(s)

2018-03-13 10:50:03 - [TEST_STEP][PASSED] - click: Object: 'Object Repository/GAA17/Page_Geldautomatensuche-bundesweit/button_Suchen' is clicked on

2018-03-13 10:50:04 - [MESSAGE][PASSED] - Object: 'Object Repository/GAA17/Page_Geldautomatensuche-bundesweit/button_Suchen' is clicked on

2018-03-13 10:50:04 - [TEST_STEP][PASSED] - delay: Delayed 2 second(s)

2018-03-13 10:50:06 - [MESSAGE][PASSED] - Delayed 2 second(s)

2018-03-13 10:50:06 - [TEST_STEP][PASSED] - closeBrowser: Browser is closed

2018-03-13 10:50:07 - [MESSAGE][PASSED] - Browser is closed]]></system-out>
         <system-err><![CDATA[]]></system-err>
      </testcase>
      <system-out><![CDATA[2018-03-13 10:44:55 - [TEST_SUITE][FAILED] - Prototyp GAA (RC18) 13_03_2018: Test Cases/Prototyp_GAA_Suche (RC18)/01_Testfall FAILED because (of) Anzahl Maps 99 ist NICHT gleich Anzahl Filialen 100]]></system-out>
      <system-err><![CDATA[2018-03-13 10:44:55 - [TEST_SUITE][FAILED] - Prototyp GAA (RC18) 13_03_2018: Test Cases/Prototyp_GAA_Suche (RC18)/01_Testfall FAILED because (of) Anzahl Maps 99 ist NICHT gleich Anzahl Filialen 100]]></system-err>
   </testsuite>
</testsuites>
