<?xml version="1.0" encoding="UTF-8"?>
<testsuites name="GAA_20_03" time="184" tests="6" failures="4" errors="0">
   <testsuite name="GAA_20_03" tests="6" failures="4" errors="0" time="184" timestamp="2018-03-20 20:03:49" hostname="lbut - 192.168.0.4" id="Test Suites/GAA_20_03">
      <properties>
         <property name="deviceName" value=""/>
         <property name="devicePlatform" value=""/>
         <property name="logFolder" value="/Users/lbut/git/Katalon/Reports/GAA_20_03/20180320_194139"/>
         <property name="logFiles" value="/Users/lbut/git/Katalon/Reports/GAA_20_03/20180320_194139/execution0.log"/>
         <property name="attachments" value="/Users/lbut/git/Katalon/Reports/GAA_20_03/20180320_194139/1521572706696.png, /Users/lbut/git/Katalon/Reports/GAA_20_03/20180320_194139/1521572726913.png, /Users/lbut/git/Katalon/Reports/GAA_20_03/20180320_194139/1521572799955.png"/>
         <property name="hostName" value="lbut - 192.168.0.4"/>
         <property name="os" value="Mac OS X 64bit"/>
         <property name="katalonVersion" value="5.3.1.1"/>
         <property name="browser" value="Safari 11"/>
         <property name="hostAddress" value="192.168.0.4"/>
         <property name="sessionId" value="56153FAE-4E6F-4921-B62D-15724B92FA8B"/>
         <property name="seleniumVersion" value="3.7.1"/>
         <property name="proxyInformation" value="ProxyInformation{proxyOption=NO_PROXY, proxyServerType=HTTP, password=, proxyServerAddress=, proxyServerPort=0}"/>
         <property name="platform" value="Mac OS X"/>
      </properties>
      <testcase name="Test Cases/Prototyp_GAA_Suche (RC18)/01_Testfall" classname="Test Cases/Prototyp_GAA_Suche (RC18)/01_Testfall" status="FAILED">
         <failure type="FAILED" message="Anzahl Maps 99 ist NICHT gleich Anzahl Filialen 100"/>
         <system-out><![CDATA[2018-03-20 20:03:50 - [TEST_CASE][FAILED] - Test Cases/Prototyp_GAA_Suche (RC18)/01_Testfall: Test Cases/Prototyp_GAA_Suche (RC18)/01_Testfall FAILED because (of) Anzahl Maps 99 ist NICHT gleich Anzahl Filialen 100

2018-03-20 20:03:50 - [TEST_STEP][PASSED] - openBrowser: Browser is opened with url: ''

2018-03-20 20:04:00 - [MESSAGE][PASSED] - Browser is opened with url: ''

2018-03-20 20:04:00 - [TEST_STEP][PASSED] - deleteAllCookies: Delete all cookies successfully

2018-03-20 20:04:00 - [MESSAGE][PASSED] - Delete all cookies successfully

2018-03-20 20:04:00 - [TEST_STEP][PASSED] - maximizeWindow: Current window maximized

2018-03-20 20:04:00 - [MESSAGE][PASSED] - Current window maximized

2018-03-20 20:04:00 - [TEST_STEP][PASSED] - navigateToUrl: Navigate to 'http://rc-ogrhtmlprototyp.testintern/18-1-0/geldautomatensuche.html' successfully

2018-03-20 20:04:02 - [MESSAGE][PASSED] - Navigate to 'http://rc-ogrhtmlprototyp.testintern/18-1-0/geldautomatensuche.html' successfully

2018-03-20 20:04:02 - [TEST_STEP][PASSED] - delay: Delayed 5 second(s)

2018-03-20 20:04:07 - [MESSAGE][PASSED] - Delayed 5 second(s)

2018-03-20 20:04:07 - [TEST_STEP][PASSED] - Statement - wes1 = com.kms.katalon.core.webui.common.WebUiCommonHelper.findWebElements(com.kms.katalon.core.testobject.ObjectRepository.findTestObject(gaa_map), 5): Found 99 web elements with id: 'Object Repository/gaa_map' located by 'By.xpath: //div[@class='aps-map__custom-marker aps-map__custom-marker--is-atm']' in '5' second(s)

2018-03-20 20:04:07 - [TEST_STEP][PASSED] - Statement - wes2 = com.kms.katalon.core.webui.common.WebUiCommonHelper.findWebElements(com.kms.katalon.core.testobject.ObjectRepository.findTestObject(loc_steet_filialsuche), 5): Found 100 web elements with id: 'Object Repository/loc_steet_filialsuche' located by 'By.xpath: //div[@class='loc-street']' in '5' second(s)

2018-03-20 20:04:07 - [TEST_STEP][PASSED] - Statement - filial_maps_count = wes1.size(): null

2018-03-20 20:04:07 - [TEST_STEP][PASSED] - Statement - filial_accordeon_count = wes2.size(): null

2018-03-20 20:04:07 - [TEST_STEP][PASSED] - Statement - filial_count = 100: null

2018-03-20 20:04:07 - [TEST_STEP][PASSED] - Statement - If (filial_maps_count != filial_count): null

2018-03-20 20:04:07 - [TEST_STEP][PASSED] - comment: Anzahl Maps 99 ist NICHT gleich Anzahl Filialen 100

2018-03-20 20:04:07 - [TEST_STEP][PASSED] - closeBrowser: Browser is closed

2018-03-20 20:04:07 - [MESSAGE][PASSED] - Browser is closed

2018-03-20 20:04:08 - [TEST_STEP][PASSED] - Statement - Throw new com.kms.katalon.core.exception.StepFailedException((((Anzahl Maps  + filial_maps_count) +  ist NICHT gleich Anzahl Filialen ) + filial_count)): null]]></system-out>
         <system-err><![CDATA[2018-03-20 20:03:50 - [TEST_CASE][FAILED] - Test Cases/Prototyp_GAA_Suche (RC18)/01_Testfall: Test Cases/Prototyp_GAA_Suche (RC18)/01_Testfall FAILED because (of) Anzahl Maps 99 ist NICHT gleich Anzahl Filialen 100]]></system-err>
      </testcase>
      <testcase name="Test Cases/Prototyp_GAA_Suche (RC18)/03_Testfall" classname="Test Cases/Prototyp_GAA_Suche (RC18)/03_Testfall" status="PASSED">
         <system-out><![CDATA[2018-03-20 20:04:08 - [TEST_CASE][PASSED] - Test Cases/Prototyp_GAA_Suche (RC18)/03_Testfall: Test Cases/Prototyp_GAA_Suche (RC18)/03_Testfall

2018-03-20 20:04:08 - [TEST_STEP][PASSED] - openBrowser: Browser is opened with url: ''

2018-03-20 20:04:10 - [MESSAGE][PASSED] - Browser is opened with url: ''

2018-03-20 20:04:10 - [TEST_STEP][PASSED] - maximizeWindow: Current window maximized

2018-03-20 20:04:10 - [MESSAGE][PASSED] - Current window maximized

2018-03-20 20:04:10 - [TEST_STEP][PASSED] - deleteAllCookies: Delete all cookies successfully

2018-03-20 20:04:10 - [MESSAGE][PASSED] - Delete all cookies successfully

2018-03-20 20:04:10 - [TEST_STEP][PASSED] - navigateToUrl: Navigate to 'http://rc-ogrhtmlprototyp.testintern/18-1-0/geldautomatensuche.html' successfully

2018-03-20 20:04:13 - [MESSAGE][PASSED] - Navigate to 'http://rc-ogrhtmlprototyp.testintern/18-1-0/geldautomatensuche.html' successfully

2018-03-20 20:04:13 - [TEST_STEP][PASSED] - delay: Delayed 5 second(s)

2018-03-20 20:04:18 - [MESSAGE][PASSED] - Delayed 5 second(s)

2018-03-20 20:04:18 - [TEST_STEP][PASSED] - verifyElementNotPresent: Web element with id: 'Object Repository/Akkordeon_plus_filialsuche' located by 'By.xpath: //a[@class='acc-header acc-header--open']' is not present after '5' second(s)

2018-03-20 20:04:23 - [MESSAGE][PASSED] - Web element with id: 'Object Repository/Akkordeon_plus_filialsuche' located by 'By.xpath: //a[@class='acc-header acc-header--open']' is not present after '5' second(s)

2018-03-20 20:04:23 - [TEST_STEP][PASSED] - closeBrowser: Browser is closed

2018-03-20 20:04:24 - [MESSAGE][PASSED] - Browser is closed]]></system-out>
         <system-err><![CDATA[]]></system-err>
      </testcase>
      <testcase name="Test Cases/Prototyp_GAA_Suche (RC18)/04_Testfall" classname="Test Cases/Prototyp_GAA_Suche (RC18)/04_Testfall" status="PASSED">
         <system-out><![CDATA[2018-03-20 20:04:24 - [TEST_CASE][PASSED] - Test Cases/Prototyp_GAA_Suche (RC18)/04_Testfall: Test Cases/Prototyp_GAA_Suche (RC18)/04_Testfall

2018-03-20 20:04:24 - [TEST_STEP][PASSED] - openBrowser: Browser is opened with url: ''

2018-03-20 20:04:26 - [MESSAGE][PASSED] - Browser is opened with url: ''

2018-03-20 20:04:26 - [TEST_STEP][PASSED] - deleteAllCookies: Delete all cookies successfully

2018-03-20 20:04:26 - [MESSAGE][PASSED] - Delete all cookies successfully

2018-03-20 20:04:26 - [TEST_STEP][PASSED] - maximizeWindow: Current window maximized

2018-03-20 20:04:26 - [MESSAGE][PASSED] - Current window maximized

2018-03-20 20:04:26 - [TEST_STEP][PASSED] - navigateToUrl: Navigate to 'http://rc-ogrhtmlprototyp.testintern/18-1-0/geldautomatensuche.html' successfully

2018-03-20 20:04:28 - [MESSAGE][PASSED] - Navigate to 'http://rc-ogrhtmlprototyp.testintern/18-1-0/geldautomatensuche.html' successfully

2018-03-20 20:04:28 - [TEST_STEP][PASSED] - delay: Delayed 8 second(s)

2018-03-20 20:04:36 - [MESSAGE][PASSED] - Delayed 8 second(s)

2018-03-20 20:04:36 - [TEST_STEP][PASSED] - Statement - wes = com.kms.katalon.core.webui.common.WebUiCommonHelper.findWebElements(com.kms.katalon.core.testobject.ObjectRepository.findTestObject(gaa_map), 5): Found 99 web elements with id: 'Object Repository/gaa_map' located by 'By.xpath: //div[@class='aps-map__custom-marker aps-map__custom-marker--is-atm']' in '5' second(s)

2018-03-20 20:04:36 - [TEST_STEP][PASSED] - Statement - For ([i = 0, i < wes.size(), (i++)]): null

2018-03-20 20:04:36 - [TEST_STEP][PASSED] - Statement - el = wes.get(i): null

2018-03-20 20:04:36 - [TEST_STEP][PASSED] - Statement - If (!(el.isDisplayed())): null

2018-03-20 20:04:36 - [TEST_STEP][PASSED] - Statement - el = wes.get(i): null

2018-03-20 20:04:36 - [TEST_STEP][PASSED] - Statement - If (!(el.isDisplayed())): null

2018-03-20 20:04:36 - [TEST_STEP][PASSED] - Statement - el = wes.get(i): null

2018-03-20 20:04:36 - [TEST_STEP][PASSED] - Statement - If (!(el.isDisplayed())): null

2018-03-20 20:04:36 - [TEST_STEP][PASSED] - Statement - el = wes.get(i): null

2018-03-20 20:04:36 - [TEST_STEP][PASSED] - Statement - If (!(el.isDisplayed())): null

2018-03-20 20:04:36 - [TEST_STEP][PASSED] - Statement - el = wes.get(i): null

2018-03-20 20:04:36 - [TEST_STEP][PASSED] - Statement - If (!(el.isDisplayed())): null

2018-03-20 20:04:36 - [TEST_STEP][PASSED] - Statement - el = wes.get(i): null

2018-03-20 20:04:36 - [TEST_STEP][PASSED] - Statement - If (!(el.isDisplayed())): null

2018-03-20 20:04:36 - [TEST_STEP][PASSED] - Statement - el = wes.get(i): null

2018-03-20 20:04:36 - [TEST_STEP][PASSED] - Statement - If (!(el.isDisplayed())): null

2018-03-20 20:04:36 - [TEST_STEP][PASSED] - Statement - el = wes.get(i): null

2018-03-20 20:04:36 - [TEST_STEP][PASSED] - Statement - If (!(el.isDisplayed())): null

2018-03-20 20:04:36 - [TEST_STEP][PASSED] - Statement - el = wes.get(i): null

2018-03-20 20:04:36 - [TEST_STEP][PASSED] - Statement - If (!(el.isDisplayed())): null

2018-03-20 20:04:36 - [TEST_STEP][PASSED] - Statement - el = wes.get(i): null

2018-03-20 20:04:36 - [TEST_STEP][PASSED] - Statement - If (!(el.isDisplayed())): null

2018-03-20 20:04:36 - [TEST_STEP][PASSED] - Statement - el = wes.get(i): null

2018-03-20 20:04:36 - [TEST_STEP][PASSED] - Statement - If (!(el.isDisplayed())): null

2018-03-20 20:04:36 - [TEST_STEP][PASSED] - Statement - el = wes.get(i): null

2018-03-20 20:04:36 - [TEST_STEP][PASSED] - Statement - If (!(el.isDisplayed())): null

2018-03-20 20:04:36 - [TEST_STEP][PASSED] - Statement - el = wes.get(i): null

2018-03-20 20:04:36 - [TEST_STEP][PASSED] - Statement - If (!(el.isDisplayed())): null

2018-03-20 20:04:36 - [TEST_STEP][PASSED] - Statement - el = wes.get(i): null

2018-03-20 20:04:36 - [TEST_STEP][PASSED] - Statement - If (!(el.isDisplayed())): null

2018-03-20 20:04:36 - [TEST_STEP][PASSED] - Statement - el = wes.get(i): null

2018-03-20 20:04:36 - [TEST_STEP][PASSED] - Statement - If (!(el.isDisplayed())): null

2018-03-20 20:04:36 - [TEST_STEP][PASSED] - Statement - el = wes.get(i): null

2018-03-20 20:04:36 - [TEST_STEP][PASSED] - Statement - If (!(el.isDisplayed())): null

2018-03-20 20:04:36 - [TEST_STEP][PASSED] - Statement - el = wes.get(i): null

2018-03-20 20:04:36 - [TEST_STEP][PASSED] - Statement - If (!(el.isDisplayed())): null

2018-03-20 20:04:36 - [TEST_STEP][PASSED] - Statement - el = wes.get(i): null

2018-03-20 20:04:36 - [TEST_STEP][PASSED] - Statement - If (!(el.isDisplayed())): null

2018-03-20 20:04:36 - [TEST_STEP][PASSED] - Statement - el = wes.get(i): null

2018-03-20 20:04:36 - [TEST_STEP][PASSED] - Statement - If (!(el.isDisplayed())): null

2018-03-20 20:04:36 - [TEST_STEP][PASSED] - Statement - el = wes.get(i): null

2018-03-20 20:04:36 - [TEST_STEP][PASSED] - Statement - If (!(el.isDisplayed())): null

2018-03-20 20:04:36 - [TEST_STEP][PASSED] - Statement - el = wes.get(i): null

2018-03-20 20:04:36 - [TEST_STEP][PASSED] - Statement - If (!(el.isDisplayed())): null

2018-03-20 20:04:36 - [TEST_STEP][PASSED] - Statement - el = wes.get(i): null

2018-03-20 20:04:36 - [TEST_STEP][PASSED] - Statement - If (!(el.isDisplayed())): null

2018-03-20 20:04:36 - [TEST_STEP][PASSED] - Statement - el = wes.get(i): null

2018-03-20 20:04:36 - [TEST_STEP][PASSED] - Statement - If (!(el.isDisplayed())): null

2018-03-20 20:04:36 - [TEST_STEP][PASSED] - Statement - el = wes.get(i): null

2018-03-20 20:04:36 - [TEST_STEP][PASSED] - Statement - If (!(el.isDisplayed())): null

2018-03-20 20:04:36 - [TEST_STEP][PASSED] - Statement - el = wes.get(i): null

2018-03-20 20:04:36 - [TEST_STEP][PASSED] - Statement - If (!(el.isDisplayed())): null

2018-03-20 20:04:36 - [TEST_STEP][PASSED] - Statement - el = wes.get(i): null

2018-03-20 20:04:36 - [TEST_STEP][PASSED] - Statement - If (!(el.isDisplayed())): null

2018-03-20 20:04:36 - [TEST_STEP][PASSED] - Statement - el = wes.get(i): null

2018-03-20 20:04:36 - [TEST_STEP][PASSED] - Statement - If (!(el.isDisplayed())): null

2018-03-20 20:04:36 - [TEST_STEP][PASSED] - Statement - el = wes.get(i): null

2018-03-20 20:04:36 - [TEST_STEP][PASSED] - Statement - If (!(el.isDisplayed())): null

2018-03-20 20:04:36 - [TEST_STEP][PASSED] - Statement - el = wes.get(i): null

2018-03-20 20:04:36 - [TEST_STEP][PASSED] - Statement - If (!(el.isDisplayed())): null

2018-03-20 20:04:36 - [TEST_STEP][PASSED] - Statement - el = wes.get(i): null

2018-03-20 20:04:36 - [TEST_STEP][PASSED] - Statement - If (!(el.isDisplayed())): null

2018-03-20 20:04:36 - [TEST_STEP][PASSED] - Statement - el = wes.get(i): null

2018-03-20 20:04:36 - [TEST_STEP][PASSED] - Statement - If (!(el.isDisplayed())): null

2018-03-20 20:04:36 - [TEST_STEP][PASSED] - Statement - el = wes.get(i): null

2018-03-20 20:04:36 - [TEST_STEP][PASSED] - Statement - If (!(el.isDisplayed())): null

2018-03-20 20:04:36 - [TEST_STEP][PASSED] - Statement - el = wes.get(i): null

2018-03-20 20:04:36 - [TEST_STEP][PASSED] - Statement - If (!(el.isDisplayed())): null

2018-03-20 20:04:36 - [TEST_STEP][PASSED] - Statement - el = wes.get(i): null

2018-03-20 20:04:36 - [TEST_STEP][PASSED] - Statement - If (!(el.isDisplayed())): null

2018-03-20 20:04:36 - [TEST_STEP][PASSED] - Statement - el = wes.get(i): null

2018-03-20 20:04:36 - [TEST_STEP][PASSED] - Statement - If (!(el.isDisplayed())): null

2018-03-20 20:04:36 - [TEST_STEP][PASSED] - Statement - el = wes.get(i): null

2018-03-20 20:04:36 - [TEST_STEP][PASSED] - Statement - If (!(el.isDisplayed())): null

2018-03-20 20:04:37 - [TEST_STEP][PASSED] - Statement - el = wes.get(i): null

2018-03-20 20:04:37 - [TEST_STEP][PASSED] - Statement - If (!(el.isDisplayed())): null

2018-03-20 20:04:37 - [TEST_STEP][PASSED] - Statement - el = wes.get(i): null

2018-03-20 20:04:37 - [TEST_STEP][PASSED] - Statement - If (!(el.isDisplayed())): null

2018-03-20 20:04:37 - [TEST_STEP][PASSED] - Statement - el = wes.get(i): null

2018-03-20 20:04:37 - [TEST_STEP][PASSED] - Statement - If (!(el.isDisplayed())): null

2018-03-20 20:04:37 - [TEST_STEP][PASSED] - Statement - el = wes.get(i): null

2018-03-20 20:04:37 - [TEST_STEP][PASSED] - Statement - If (!(el.isDisplayed())): null

2018-03-20 20:04:37 - [TEST_STEP][PASSED] - Statement - el = wes.get(i): null

2018-03-20 20:04:37 - [TEST_STEP][PASSED] - Statement - If (!(el.isDisplayed())): null

2018-03-20 20:04:37 - [TEST_STEP][PASSED] - Statement - el = wes.get(i): null

2018-03-20 20:04:37 - [TEST_STEP][PASSED] - Statement - If (!(el.isDisplayed())): null

2018-03-20 20:04:37 - [TEST_STEP][PASSED] - Statement - el = wes.get(i): null

2018-03-20 20:04:37 - [TEST_STEP][PASSED] - Statement - If (!(el.isDisplayed())): null

2018-03-20 20:04:37 - [TEST_STEP][PASSED] - Statement - el = wes.get(i): null

2018-03-20 20:04:37 - [TEST_STEP][PASSED] - Statement - If (!(el.isDisplayed())): null

2018-03-20 20:04:37 - [TEST_STEP][PASSED] - Statement - el = wes.get(i): null

2018-03-20 20:04:37 - [TEST_STEP][PASSED] - Statement - If (!(el.isDisplayed())): null

2018-03-20 20:04:37 - [TEST_STEP][PASSED] - Statement - el = wes.get(i): null

2018-03-20 20:04:37 - [TEST_STEP][PASSED] - Statement - If (!(el.isDisplayed())): null

2018-03-20 20:04:37 - [TEST_STEP][PASSED] - Statement - el = wes.get(i): null

2018-03-20 20:04:37 - [TEST_STEP][PASSED] - Statement - If (!(el.isDisplayed())): null

2018-03-20 20:04:37 - [TEST_STEP][PASSED] - Statement - el = wes.get(i): null

2018-03-20 20:04:37 - [TEST_STEP][PASSED] - Statement - If (!(el.isDisplayed())): null

2018-03-20 20:04:37 - [TEST_STEP][PASSED] - Statement - el = wes.get(i): null

2018-03-20 20:04:37 - [TEST_STEP][PASSED] - Statement - If (!(el.isDisplayed())): null

2018-03-20 20:04:37 - [TEST_STEP][PASSED] - Statement - el = wes.get(i): null

2018-03-20 20:04:37 - [TEST_STEP][PASSED] - Statement - If (!(el.isDisplayed())): null

2018-03-20 20:04:37 - [TEST_STEP][PASSED] - Statement - el = wes.get(i): null

2018-03-20 20:04:37 - [TEST_STEP][PASSED] - Statement - If (!(el.isDisplayed())): null

2018-03-20 20:04:37 - [TEST_STEP][PASSED] - Statement - el = wes.get(i): null

2018-03-20 20:04:37 - [TEST_STEP][PASSED] - Statement - If (!(el.isDisplayed())): null

2018-03-20 20:04:37 - [TEST_STEP][PASSED] - Statement - el = wes.get(i): null

2018-03-20 20:04:37 - [TEST_STEP][PASSED] - Statement - If (!(el.isDisplayed())): null

2018-03-20 20:04:37 - [TEST_STEP][PASSED] - Statement - el = wes.get(i): null

2018-03-20 20:04:37 - [TEST_STEP][PASSED] - Statement - If (!(el.isDisplayed())): null

2018-03-20 20:04:37 - [TEST_STEP][PASSED] - Statement - el = wes.get(i): null

2018-03-20 20:04:37 - [TEST_STEP][PASSED] - Statement - If (!(el.isDisplayed())): null

2018-03-20 20:04:37 - [TEST_STEP][PASSED] - Statement - el = wes.get(i): null

2018-03-20 20:04:37 - [TEST_STEP][PASSED] - Statement - If (!(el.isDisplayed())): null

2018-03-20 20:04:37 - [TEST_STEP][PASSED] - Statement - el = wes.get(i): null

2018-03-20 20:04:37 - [TEST_STEP][PASSED] - Statement - If (!(el.isDisplayed())): null

2018-03-20 20:04:37 - [TEST_STEP][PASSED] - Statement - el = wes.get(i): null

2018-03-20 20:04:37 - [TEST_STEP][PASSED] - Statement - If (!(el.isDisplayed())): null

2018-03-20 20:04:37 - [TEST_STEP][PASSED] - Statement - el = wes.get(i): null

2018-03-20 20:04:37 - [TEST_STEP][PASSED] - Statement - If (!(el.isDisplayed())): null

2018-03-20 20:04:37 - [TEST_STEP][PASSED] - Statement - el = wes.get(i): null

2018-03-20 20:04:37 - [TEST_STEP][PASSED] - Statement - If (!(el.isDisplayed())): null

2018-03-20 20:04:37 - [TEST_STEP][PASSED] - Statement - el = wes.get(i): null

2018-03-20 20:04:37 - [TEST_STEP][PASSED] - Statement - If (!(el.isDisplayed())): null

2018-03-20 20:04:37 - [TEST_STEP][PASSED] - Statement - el = wes.get(i): null

2018-03-20 20:04:37 - [TEST_STEP][PASSED] - Statement - If (!(el.isDisplayed())): null

2018-03-20 20:04:37 - [TEST_STEP][PASSED] - Statement - el = wes.get(i): null

2018-03-20 20:04:37 - [TEST_STEP][PASSED] - Statement - If (!(el.isDisplayed())): null

2018-03-20 20:04:37 - [TEST_STEP][PASSED] - Statement - el = wes.get(i): null

2018-03-20 20:04:37 - [TEST_STEP][PASSED] - Statement - If (!(el.isDisplayed())): null

2018-03-20 20:04:37 - [TEST_STEP][PASSED] - Statement - el = wes.get(i): null

2018-03-20 20:04:37 - [TEST_STEP][PASSED] - Statement - If (!(el.isDisplayed())): null

2018-03-20 20:04:37 - [TEST_STEP][PASSED] - Statement - el = wes.get(i): null

2018-03-20 20:04:37 - [TEST_STEP][PASSED] - Statement - If (!(el.isDisplayed())): null

2018-03-20 20:04:37 - [TEST_STEP][PASSED] - Statement - el = wes.get(i): null

2018-03-20 20:04:37 - [TEST_STEP][PASSED] - Statement - If (!(el.isDisplayed())): null

2018-03-20 20:04:37 - [TEST_STEP][PASSED] - Statement - el = wes.get(i): null

2018-03-20 20:04:37 - [TEST_STEP][PASSED] - Statement - If (!(el.isDisplayed())): null

2018-03-20 20:04:37 - [TEST_STEP][PASSED] - Statement - el = wes.get(i): null

2018-03-20 20:04:37 - [TEST_STEP][PASSED] - Statement - If (!(el.isDisplayed())): null

2018-03-20 20:04:37 - [TEST_STEP][PASSED] - Statement - el = wes.get(i): null

2018-03-20 20:04:37 - [TEST_STEP][PASSED] - Statement - If (!(el.isDisplayed())): null

2018-03-20 20:04:37 - [TEST_STEP][PASSED] - Statement - el = wes.get(i): null

2018-03-20 20:04:37 - [TEST_STEP][PASSED] - Statement - If (!(el.isDisplayed())): null

2018-03-20 20:04:37 - [TEST_STEP][PASSED] - Statement - el = wes.get(i): null

2018-03-20 20:04:37 - [TEST_STEP][PASSED] - Statement - If (!(el.isDisplayed())): null

2018-03-20 20:04:37 - [TEST_STEP][PASSED] - Statement - el = wes.get(i): null

2018-03-20 20:04:37 - [TEST_STEP][PASSED] - Statement - If (!(el.isDisplayed())): null

2018-03-20 20:04:37 - [TEST_STEP][PASSED] - Statement - el = wes.get(i): null

2018-03-20 20:04:37 - [TEST_STEP][PASSED] - Statement - If (!(el.isDisplayed())): null

2018-03-20 20:04:37 - [TEST_STEP][PASSED] - Statement - el = wes.get(i): null

2018-03-20 20:04:37 - [TEST_STEP][PASSED] - Statement - If (!(el.isDisplayed())): null

2018-03-20 20:04:37 - [TEST_STEP][PASSED] - Statement - el = wes.get(i): null

2018-03-20 20:04:37 - [TEST_STEP][PASSED] - Statement - If (!(el.isDisplayed())): null

2018-03-20 20:04:37 - [TEST_STEP][PASSED] - Statement - el = wes.get(i): null

2018-03-20 20:04:37 - [TEST_STEP][PASSED] - Statement - If (!(el.isDisplayed())): null

2018-03-20 20:04:37 - [TEST_STEP][PASSED] - Statement - el = wes.get(i): null

2018-03-20 20:04:37 - [TEST_STEP][PASSED] - Statement - If (!(el.isDisplayed())): null

2018-03-20 20:04:37 - [TEST_STEP][PASSED] - Statement - el = wes.get(i): null

2018-03-20 20:04:37 - [TEST_STEP][PASSED] - Statement - If (!(el.isDisplayed())): null

2018-03-20 20:04:37 - [TEST_STEP][PASSED] - Statement - el = wes.get(i): null

2018-03-20 20:04:37 - [TEST_STEP][PASSED] - Statement - If (!(el.isDisplayed())): null

2018-03-20 20:04:37 - [TEST_STEP][PASSED] - Statement - el = wes.get(i): null

2018-03-20 20:04:37 - [TEST_STEP][PASSED] - Statement - If (!(el.isDisplayed())): null

2018-03-20 20:04:37 - [TEST_STEP][PASSED] - Statement - el = wes.get(i): null

2018-03-20 20:04:37 - [TEST_STEP][PASSED] - Statement - If (!(el.isDisplayed())): null

2018-03-20 20:04:38 - [TEST_STEP][PASSED] - Statement - el = wes.get(i): null

2018-03-20 20:04:38 - [TEST_STEP][PASSED] - Statement - If (!(el.isDisplayed())): null

2018-03-20 20:04:38 - [TEST_STEP][PASSED] - Statement - el = wes.get(i): null

2018-03-20 20:04:38 - [TEST_STEP][PASSED] - Statement - If (!(el.isDisplayed())): null

2018-03-20 20:04:38 - [TEST_STEP][PASSED] - Statement - el = wes.get(i): null

2018-03-20 20:04:38 - [TEST_STEP][PASSED] - Statement - If (!(el.isDisplayed())): null

2018-03-20 20:04:38 - [TEST_STEP][PASSED] - Statement - el = wes.get(i): null

2018-03-20 20:04:38 - [TEST_STEP][PASSED] - Statement - If (!(el.isDisplayed())): null

2018-03-20 20:04:38 - [TEST_STEP][PASSED] - Statement - el = wes.get(i): null

2018-03-20 20:04:38 - [TEST_STEP][PASSED] - Statement - If (!(el.isDisplayed())): null

2018-03-20 20:04:38 - [TEST_STEP][PASSED] - Statement - el = wes.get(i): null

2018-03-20 20:04:38 - [TEST_STEP][PASSED] - Statement - If (!(el.isDisplayed())): null

2018-03-20 20:04:38 - [TEST_STEP][PASSED] - Statement - el = wes.get(i): null

2018-03-20 20:04:38 - [TEST_STEP][PASSED] - Statement - If (!(el.isDisplayed())): null

2018-03-20 20:04:38 - [TEST_STEP][PASSED] - Statement - el = wes.get(i): null

2018-03-20 20:04:38 - [TEST_STEP][PASSED] - Statement - If (!(el.isDisplayed())): null

2018-03-20 20:04:38 - [TEST_STEP][PASSED] - Statement - el = wes.get(i): null

2018-03-20 20:04:38 - [TEST_STEP][PASSED] - Statement - If (!(el.isDisplayed())): null

2018-03-20 20:04:38 - [TEST_STEP][PASSED] - Statement - el = wes.get(i): null

2018-03-20 20:04:38 - [TEST_STEP][PASSED] - Statement - If (!(el.isDisplayed())): null

2018-03-20 20:04:38 - [TEST_STEP][PASSED] - Statement - el = wes.get(i): null

2018-03-20 20:04:38 - [TEST_STEP][PASSED] - Statement - If (!(el.isDisplayed())): null

2018-03-20 20:04:38 - [TEST_STEP][PASSED] - Statement - el = wes.get(i): null

2018-03-20 20:04:38 - [TEST_STEP][PASSED] - Statement - If (!(el.isDisplayed())): null

2018-03-20 20:04:38 - [TEST_STEP][PASSED] - Statement - el = wes.get(i): null

2018-03-20 20:04:38 - [TEST_STEP][PASSED] - Statement - If (!(el.isDisplayed())): null

2018-03-20 20:04:38 - [TEST_STEP][PASSED] - Statement - el = wes.get(i): null

2018-03-20 20:04:38 - [TEST_STEP][PASSED] - Statement - If (!(el.isDisplayed())): null

2018-03-20 20:04:38 - [TEST_STEP][PASSED] - Statement - el = wes.get(i): null

2018-03-20 20:04:38 - [TEST_STEP][PASSED] - Statement - If (!(el.isDisplayed())): null

2018-03-20 20:04:38 - [TEST_STEP][PASSED] - Statement - el = wes.get(i): null

2018-03-20 20:04:38 - [TEST_STEP][PASSED] - Statement - If (!(el.isDisplayed())): null

2018-03-20 20:04:38 - [TEST_STEP][PASSED] - Statement - el = wes.get(i): null

2018-03-20 20:04:38 - [TEST_STEP][PASSED] - Statement - If (!(el.isDisplayed())): null

2018-03-20 20:04:38 - [TEST_STEP][PASSED] - closeBrowser: Browser is closed

2018-03-20 20:04:38 - [MESSAGE][PASSED] - Browser is closed]]></system-out>
         <system-err><![CDATA[]]></system-err>
      </testcase>
      <testcase name="Test Cases/Prototyp_GAA_Suche (RC18)/05_Testfall" classname="Test Cases/Prototyp_GAA_Suche (RC18)/05_Testfall" status="PASSED">
         <system-out><![CDATA[2018-03-20 20:04:38 - [TEST_CASE][PASSED] - Test Cases/Prototyp_GAA_Suche (RC18)/05_Testfall: Test Cases/Prototyp_GAA_Suche (RC18)/05_Testfall

2018-03-20 20:04:38 - [TEST_STEP][PASSED] - openBrowser: Browser is opened with url: ''

2018-03-20 20:04:40 - [MESSAGE][PASSED] - Browser is opened with url: ''

2018-03-20 20:04:40 - [TEST_STEP][PASSED] - maximizeWindow: Current window maximized

2018-03-20 20:04:40 - [MESSAGE][PASSED] - Current window maximized

2018-03-20 20:04:40 - [TEST_STEP][PASSED] - deleteAllCookies: Delete all cookies successfully

2018-03-20 20:04:40 - [MESSAGE][PASSED] - Delete all cookies successfully

2018-03-20 20:04:40 - [TEST_STEP][PASSED] - navigateToUrl: Navigate to 'http://rc-ogrhtmlprototyp.testintern/18-1-0/geldautomatensuche.html' successfully

2018-03-20 20:04:44 - [MESSAGE][PASSED] - Navigate to 'http://rc-ogrhtmlprototyp.testintern/18-1-0/geldautomatensuche.html' successfully

2018-03-20 20:04:44 - [TEST_STEP][PASSED] - delay: Delayed 5 second(s)

2018-03-20 20:04:49 - [MESSAGE][PASSED] - Delayed 5 second(s)

2018-03-20 20:04:49 - [TEST_STEP][PASSED] - verifyElementNotPresent: Web element with id: 'Object Repository/Entfernung_filialsuche' located by 'By.xpath: //span[@class='loc-distance']' is not present after '5' second(s)

2018-03-20 20:04:49 - [MESSAGE][PASSED] - Web element with id: 'Object Repository/Entfernung_filialsuche' located by 'By.xpath: //span[@class='loc-distance']' is not present after '5' second(s)

2018-03-20 20:04:49 - [TEST_STEP][PASSED] - closeBrowser: Browser is closed

2018-03-20 20:04:49 - [MESSAGE][PASSED] - Browser is closed]]></system-out>
         <system-err><![CDATA[]]></system-err>
      </testcase>
      <testcase name="Test Cases/Prototyp_GAA_Suche (RC18)/06_Testfall" classname="Test Cases/Prototyp_GAA_Suche (RC18)/06_Testfall" status="FAILED">
         <failure type="FAILED" message="Unable to click on object 'Object Repository/Berlin_option' (Root cause: org.openqa.selenium.ElementNotVisibleException: An element command could not be completed because the element is not visible on the page. (WARNING: The server did not provide any stacktrace information)
Command duration or timeout: 0 milliseconds
Build info: version: '3.7.1', revision: '8a0099a', time: '2017-11-06T21:07:36.161Z'
System info: host: 'Lilias-MacBook-Pro.local', ip: '192.168.0.4', os.name: 'Mac OS X', os.arch: 'x86_64', os.version: '10.12.6', java.version: '1.8.0_102'
Driver info: com.kms.katalon.selenium.driver.CSafariDriver
Capabilities {applicationCacheEnabled: true, browserName: safari, cleanSession: true, cssSelectorsEnabled: true, databaseEnabled: true, handlesAlerts: true, javascriptEnabled: true, locationContextEnabled: false, nativeEvents: true, platform: MAC, platformName: MAC, rotatable: false, version: 12604.5.6.1.1, webStorageEnabled: true}
Session ID: 372EC91F-0E71-4171-A45F-D393EFBC87A7)"/>
         <system-out><![CDATA[2018-03-20 20:04:49 - [TEST_CASE][FAILED] - Test Cases/Prototyp_GAA_Suche (RC18)/06_Testfall: Test Cases/Prototyp_GAA_Suche (RC18)/06_Testfall FAILED because (of) Unable to click on object 'Object Repository/Berlin_option' (Root cause: org.openqa.selenium.ElementNotVisibleException: An element command could not be completed because the element is not visible on the page. (WARNING: The server did not provide any stacktrace information)
Command duration or timeout: 0 milliseconds
Build info: version: '3.7.1', revision: '8a0099a', time: '2017-11-06T21:07:36.161Z'
System info: host: 'Lilias-MacBook-Pro.local', ip: '192.168.0.4', os.name: 'Mac OS X', os.arch: 'x86_64', os.version: '10.12.6', java.version: '1.8.0_102'
Driver info: com.kms.katalon.selenium.driver.CSafariDriver
Capabilities {applicationCacheEnabled: true, browserName: safari, cleanSession: true, cssSelectorsEnabled: true, databaseEnabled: true, handlesAlerts: true, javascriptEnabled: true, locationContextEnabled: false, nativeEvents: true, platform: MAC, platformName: MAC, rotatable: false, version: 12604.5.6.1.1, webStorageEnabled: true}
Session ID: 372EC91F-0E71-4171-A45F-D393EFBC87A7)

2018-03-20 20:04:50 - [TEST_STEP][PASSED] - openBrowser: Browser is opened with url: ''

2018-03-20 20:04:52 - [MESSAGE][PASSED] - Browser is opened with url: ''

2018-03-20 20:04:52 - [TEST_STEP][PASSED] - deleteAllCookies: Delete all cookies successfully

2018-03-20 20:04:52 - [MESSAGE][PASSED] - Delete all cookies successfully

2018-03-20 20:04:52 - [TEST_STEP][PASSED] - maximizeWindow: Current window maximized

2018-03-20 20:04:52 - [MESSAGE][PASSED] - Current window maximized

2018-03-20 20:04:52 - [TEST_STEP][PASSED] - navigateToUrl: Navigate to 'http://rc-ogrhtmlprototyp.testintern/18-1-0/geldautomatensuche.html' successfully

2018-03-20 20:04:56 - [MESSAGE][PASSED] - Navigate to 'http://rc-ogrhtmlprototyp.testintern/18-1-0/geldautomatensuche.html' successfully

2018-03-20 20:04:56 - [TEST_STEP][PASSED] - delay: Delayed 5 second(s)

2018-03-20 20:05:01 - [MESSAGE][PASSED] - Delayed 5 second(s)

2018-03-20 20:05:01 - [TEST_STEP][PASSED] - click: Object: 'Object Repository/002/Page_Filialsuche-rotenburg - BVR HT/svg_dropdown-icons' is clicked on

2018-03-20 20:05:01 - [MESSAGE][PASSED] - Object: 'Object Repository/002/Page_Filialsuche-rotenburg - BVR HT/svg_dropdown-icons' is clicked on

2018-03-20 20:05:01 - [TEST_STEP][PASSED] - delay: Delayed 2 second(s)

2018-03-20 20:05:03 - [MESSAGE][PASSED] - Delayed 2 second(s)

2018-03-20 20:05:03 - [TEST_STEP][PASSED] - mouseOver: Object: 'Object Repository/Berlin_option' is hovered

2018-03-20 20:05:04 - [MESSAGE][PASSED] - Object: 'Object Repository/Berlin_option' is hovered

2018-03-20 20:05:04 - [TEST_STEP][PASSED] - delay: Delayed 2 second(s)

2018-03-20 20:05:06 - [MESSAGE][PASSED] - Delayed 2 second(s)

2018-03-20 20:05:06 - [TEST_STEP][FAILED] - click: Unable to click on object 'Object Repository/Berlin_option' (Root cause: org.openqa.selenium.ElementNotVisibleException: An element command could not be completed because the element is not visible on the page. (WARNING: The server did not provide any stacktrace information)
Command duration or timeout: 0 milliseconds
Build info: version: '3.7.1', revision: '8a0099a', time: '2017-11-06T21:07:36.161Z'
System info: host: 'Lilias-MacBook-Pro.local', ip: '192.168.0.4', os.name: 'Mac OS X', os.arch: 'x86_64', os.version: '10.12.6', java.version: '1.8.0_102'
Driver info: com.kms.katalon.selenium.driver.CSafariDriver
Capabilities {applicationCacheEnabled: true, browserName: safari, cleanSession: true, cssSelectorsEnabled: true, databaseEnabled: true, handlesAlerts: true, javascriptEnabled: true, locationContextEnabled: false, nativeEvents: true, platform: MAC, platformName: MAC, rotatable: false, version: 12604.5.6.1.1, webStorageEnabled: true}
Session ID: 372EC91F-0E71-4171-A45F-D393EFBC87A7)

2018-03-20 20:05:08 - [MESSAGE][FAILED] - Unable to click on object 'Object Repository/Berlin_option' (Root cause: org.openqa.selenium.ElementNotVisibleException: An element command could not be completed because the element is not visible on the page. (WARNING: The server did not provide any stacktrace information)
Command duration or timeout: 0 milliseconds
Build info: version: '3.7.1', revision: '8a0099a', time: '2017-11-06T21:07:36.161Z'
System info: host: 'Lilias-MacBook-Pro.local', ip: '192.168.0.4', os.name: 'Mac OS X', os.arch: 'x86_64', os.version: '10.12.6', java.version: '1.8.0_102'
Driver info: com.kms.katalon.selenium.driver.CSafariDriver
Capabilities {applicationCacheEnabled: true, browserName: safari, cleanSession: true, cssSelectorsEnabled: true, databaseEnabled: true, handlesAlerts: true, javascriptEnabled: true, locationContextEnabled: false, nativeEvents: true, platform: MAC, platformName: MAC, rotatable: false, version: 12604.5.6.1.1, webStorageEnabled: true}
Session ID: 372EC91F-0E71-4171-A45F-D393EFBC87A7)
[[ATTACHMENT|/Users/lbut/git/Katalon/Reports/GAA_20_03/20180320_194139/1521572706696.png]]]]></system-out>
         <system-err><![CDATA[2018-03-20 20:04:49 - [TEST_CASE][FAILED] - Test Cases/Prototyp_GAA_Suche (RC18)/06_Testfall: Test Cases/Prototyp_GAA_Suche (RC18)/06_Testfall FAILED because (of) Unable to click on object 'Object Repository/Berlin_option' (Root cause: org.openqa.selenium.ElementNotVisibleException: An element command could not be completed because the element is not visible on the page. (WARNING: The server did not provide any stacktrace information)
Command duration or timeout: 0 milliseconds
Build info: version: '3.7.1', revision: '8a0099a', time: '2017-11-06T21:07:36.161Z'
System info: host: 'Lilias-MacBook-Pro.local', ip: '192.168.0.4', os.name: 'Mac OS X', os.arch: 'x86_64', os.version: '10.12.6', java.version: '1.8.0_102'
Driver info: com.kms.katalon.selenium.driver.CSafariDriver
Capabilities {applicationCacheEnabled: true, browserName: safari, cleanSession: true, cssSelectorsEnabled: true, databaseEnabled: true, handlesAlerts: true, javascriptEnabled: true, locationContextEnabled: false, nativeEvents: true, platform: MAC, platformName: MAC, rotatable: false, version: 12604.5.6.1.1, webStorageEnabled: true}
Session ID: 372EC91F-0E71-4171-A45F-D393EFBC87A7)]]></system-err>
      </testcase>
      <testcase name="Test Cases/Prototyp_GAA_Suche (RC18)/15_Testfall" classname="Test Cases/Prototyp_GAA_Suche (RC18)/15_Testfall" status="FAILED">
         <failure type="FAILED" message="Unable to click on object 'Object Repository/GAA/Page_Geldautomatensuche - BVR HTML/div_Berlin' (Root cause: org.openqa.selenium.ElementNotVisibleException: An element command could not be completed because the element is not visible on the page. (WARNING: The server did not provide any stacktrace information)
Command duration or timeout: 0 milliseconds
Build info: version: '3.7.1', revision: '8a0099a', time: '2017-11-06T21:07:36.161Z'
System info: host: 'Lilias-MacBook-Pro.local', ip: '192.168.0.4', os.name: 'Mac OS X', os.arch: 'x86_64', os.version: '10.12.6', java.version: '1.8.0_102'
Driver info: com.kms.katalon.selenium.driver.CSafariDriver
Capabilities {applicationCacheEnabled: true, browserName: safari, cleanSession: true, cssSelectorsEnabled: true, databaseEnabled: true, handlesAlerts: true, javascriptEnabled: true, locationContextEnabled: false, nativeEvents: true, platform: MAC, platformName: MAC, rotatable: false, version: 12604.5.6.1.1, webStorageEnabled: true}
Session ID: 012A3FC8-5336-466D-9BF4-8E1882C05848)"/>
         <system-out><![CDATA[2018-03-20 20:05:08 - [TEST_CASE][FAILED] - Test Cases/Prototyp_GAA_Suche (RC18)/15_Testfall: Test Cases/Prototyp_GAA_Suche (RC18)/15_Testfall FAILED because (of) Unable to click on object 'Object Repository/GAA/Page_Geldautomatensuche - BVR HTML/div_Berlin' (Root cause: org.openqa.selenium.ElementNotVisibleException: An element command could not be completed because the element is not visible on the page. (WARNING: The server did not provide any stacktrace information)
Command duration or timeout: 0 milliseconds
Build info: version: '3.7.1', revision: '8a0099a', time: '2017-11-06T21:07:36.161Z'
System info: host: 'Lilias-MacBook-Pro.local', ip: '192.168.0.4', os.name: 'Mac OS X', os.arch: 'x86_64', os.version: '10.12.6', java.version: '1.8.0_102'
Driver info: com.kms.katalon.selenium.driver.CSafariDriver
Capabilities {applicationCacheEnabled: true, browserName: safari, cleanSession: true, cssSelectorsEnabled: true, databaseEnabled: true, handlesAlerts: true, javascriptEnabled: true, locationContextEnabled: false, nativeEvents: true, platform: MAC, platformName: MAC, rotatable: false, version: 12604.5.6.1.1, webStorageEnabled: true}
Session ID: 012A3FC8-5336-466D-9BF4-8E1882C05848)

2018-03-20 20:05:09 - [TEST_STEP][PASSED] - openBrowser: Browser is opened with url: ''

2018-03-20 20:05:09 - [MESSAGE][WARNING] - A browser is already opened. Closing browser and opening a new one

2018-03-20 20:05:13 - [MESSAGE][PASSED] - Browser is opened with url: ''

2018-03-20 20:05:13 - [TEST_STEP][PASSED] - maximizeWindow: Current window maximized

2018-03-20 20:05:13 - [MESSAGE][PASSED] - Current window maximized

2018-03-20 20:05:13 - [TEST_STEP][PASSED] - deleteAllCookies: Delete all cookies successfully

2018-03-20 20:05:13 - [MESSAGE][PASSED] - Delete all cookies successfully

2018-03-20 20:05:13 - [TEST_STEP][PASSED] - navigateToUrl: Navigate to 'http://rc-ogrhtmlprototyp.testintern/18-1-0/geldautomatensuche.html' successfully

2018-03-20 20:05:16 - [MESSAGE][PASSED] - Navigate to 'http://rc-ogrhtmlprototyp.testintern/18-1-0/geldautomatensuche.html' successfully

2018-03-20 20:05:16 - [TEST_STEP][PASSED] - delay: Delayed 5 second(s)

2018-03-20 20:05:21 - [MESSAGE][PASSED] - Delayed 5 second(s)

2018-03-20 20:05:21 - [TEST_STEP][PASSED] - click: Object: 'Object Repository/GAA/Page_Geldautomatensuche - BVR HTML/svg_dropdown-icons' is clicked on

2018-03-20 20:05:21 - [MESSAGE][PASSED] - Object: 'Object Repository/GAA/Page_Geldautomatensuche - BVR HTML/svg_dropdown-icons' is clicked on

2018-03-20 20:05:21 - [TEST_STEP][PASSED] - delay: Delayed 2 second(s)

2018-03-20 20:05:23 - [MESSAGE][PASSED] - Delayed 2 second(s)

2018-03-20 20:05:23 - [TEST_STEP][PASSED] - mouseOver: Object: 'Object Repository/GAA/Page_Geldautomatensuche - BVR HTML/div_Berlin' is hovered

2018-03-20 20:05:24 - [MESSAGE][PASSED] - Object: 'Object Repository/GAA/Page_Geldautomatensuche - BVR HTML/div_Berlin' is hovered

2018-03-20 20:05:24 - [TEST_STEP][PASSED] - delay: Delayed 2 second(s)

2018-03-20 20:05:26 - [MESSAGE][PASSED] - Delayed 2 second(s)

2018-03-20 20:05:26 - [TEST_STEP][FAILED] - click: Unable to click on object 'Object Repository/GAA/Page_Geldautomatensuche - BVR HTML/div_Berlin' (Root cause: org.openqa.selenium.ElementNotVisibleException: An element command could not be completed because the element is not visible on the page. (WARNING: The server did not provide any stacktrace information)
Command duration or timeout: 0 milliseconds
Build info: version: '3.7.1', revision: '8a0099a', time: '2017-11-06T21:07:36.161Z'
System info: host: 'Lilias-MacBook-Pro.local', ip: '192.168.0.4', os.name: 'Mac OS X', os.arch: 'x86_64', os.version: '10.12.6', java.version: '1.8.0_102'
Driver info: com.kms.katalon.selenium.driver.CSafariDriver
Capabilities {applicationCacheEnabled: true, browserName: safari, cleanSession: true, cssSelectorsEnabled: true, databaseEnabled: true, handlesAlerts: true, javascriptEnabled: true, locationContextEnabled: false, nativeEvents: true, platform: MAC, platformName: MAC, rotatable: false, version: 12604.5.6.1.1, webStorageEnabled: true}
Session ID: 012A3FC8-5336-466D-9BF4-8E1882C05848)

2018-03-20 20:05:27 - [MESSAGE][FAILED] - Unable to click on object 'Object Repository/GAA/Page_Geldautomatensuche - BVR HTML/div_Berlin' (Root cause: org.openqa.selenium.ElementNotVisibleException: An element command could not be completed because the element is not visible on the page. (WARNING: The server did not provide any stacktrace information)
Command duration or timeout: 0 milliseconds
Build info: version: '3.7.1', revision: '8a0099a', time: '2017-11-06T21:07:36.161Z'
System info: host: 'Lilias-MacBook-Pro.local', ip: '192.168.0.4', os.name: 'Mac OS X', os.arch: 'x86_64', os.version: '10.12.6', java.version: '1.8.0_102'
Driver info: com.kms.katalon.selenium.driver.CSafariDriver
Capabilities {applicationCacheEnabled: true, browserName: safari, cleanSession: true, cssSelectorsEnabled: true, databaseEnabled: true, handlesAlerts: true, javascriptEnabled: true, locationContextEnabled: false, nativeEvents: true, platform: MAC, platformName: MAC, rotatable: false, version: 12604.5.6.1.1, webStorageEnabled: true}
Session ID: 012A3FC8-5336-466D-9BF4-8E1882C05848)
[[ATTACHMENT|/Users/lbut/git/Katalon/Reports/GAA_20_03/20180320_194139/1521572726913.png]]]]></system-out>
         <system-err><![CDATA[2018-03-20 20:05:08 - [TEST_CASE][FAILED] - Test Cases/Prototyp_GAA_Suche (RC18)/15_Testfall: Test Cases/Prototyp_GAA_Suche (RC18)/15_Testfall FAILED because (of) Unable to click on object 'Object Repository/GAA/Page_Geldautomatensuche - BVR HTML/div_Berlin' (Root cause: org.openqa.selenium.ElementNotVisibleException: An element command could not be completed because the element is not visible on the page. (WARNING: The server did not provide any stacktrace information)
Command duration or timeout: 0 milliseconds
Build info: version: '3.7.1', revision: '8a0099a', time: '2017-11-06T21:07:36.161Z'
System info: host: 'Lilias-MacBook-Pro.local', ip: '192.168.0.4', os.name: 'Mac OS X', os.arch: 'x86_64', os.version: '10.12.6', java.version: '1.8.0_102'
Driver info: com.kms.katalon.selenium.driver.CSafariDriver
Capabilities {applicationCacheEnabled: true, browserName: safari, cleanSession: true, cssSelectorsEnabled: true, databaseEnabled: true, handlesAlerts: true, javascriptEnabled: true, locationContextEnabled: false, nativeEvents: true, platform: MAC, platformName: MAC, rotatable: false, version: 12604.5.6.1.1, webStorageEnabled: true}
Session ID: 012A3FC8-5336-466D-9BF4-8E1882C05848)]]></system-err>
      </testcase>
      <testcase name="Test Cases/Prototyp_GAA_Suche (RC18)/16_Testfall" classname="Test Cases/Prototyp_GAA_Suche (RC18)/16_Testfall" status="PASSED">
         <system-out><![CDATA[2018-03-20 20:05:28 - [TEST_CASE][PASSED] - Test Cases/Prototyp_GAA_Suche (RC18)/16_Testfall: Test Cases/Prototyp_GAA_Suche (RC18)/16_Testfall

2018-03-20 20:05:28 - [TEST_STEP][PASSED] - openBrowser: Browser is opened with url: ''

2018-03-20 20:05:28 - [MESSAGE][WARNING] - A browser is already opened. Closing browser and opening a new one

2018-03-20 20:05:33 - [MESSAGE][PASSED] - Browser is opened with url: ''

2018-03-20 20:05:33 - [TEST_STEP][PASSED] - maximizeWindow: Current window maximized

2018-03-20 20:05:33 - [MESSAGE][PASSED] - Current window maximized

2018-03-20 20:05:33 - [TEST_STEP][PASSED] - deleteAllCookies: Delete all cookies successfully

2018-03-20 20:05:33 - [MESSAGE][PASSED] - Delete all cookies successfully

2018-03-20 20:05:33 - [TEST_STEP][PASSED] - navigateToUrl: Navigate to 'http://rc-ogrhtmlprototyp.testintern/18-1-0/geldautomatensuche.html' successfully

2018-03-20 20:05:38 - [MESSAGE][PASSED] - Navigate to 'http://rc-ogrhtmlprototyp.testintern/18-1-0/geldautomatensuche.html' successfully

2018-03-20 20:05:38 - [TEST_STEP][PASSED] - delay: Delayed 5 second(s)

2018-03-20 20:05:43 - [MESSAGE][PASSED] - Delayed 5 second(s)

2018-03-20 20:05:43 - [TEST_STEP][PASSED] - delay: Delayed 2 second(s)

2018-03-20 20:05:45 - [MESSAGE][PASSED] - Delayed 2 second(s)

2018-03-20 20:05:45 - [TEST_STEP][PASSED] - click: Object: 'Object Repository/GAA/Page_Geldautomatensuche - BVR HTML (1)/a_2' is clicked on

2018-03-20 20:05:47 - [MESSAGE][PASSED] - Object: 'Object Repository/GAA/Page_Geldautomatensuche - BVR HTML (1)/a_2' is clicked on

2018-03-20 20:05:47 - [TEST_STEP][PASSED] - click: Object: 'Object Repository/GAA/Page_Geldautomatensuche - BVR HTML (1)/a_3' is clicked on

2018-03-20 20:05:47 - [MESSAGE][PASSED] - Object: 'Object Repository/GAA/Page_Geldautomatensuche - BVR HTML (1)/a_3' is clicked on

2018-03-20 20:05:47 - [TEST_STEP][PASSED] - click: Object: 'Object Repository/GAA/Page_Geldautomatensuche - BVR HTML (1)/a_4' is clicked on

2018-03-20 20:05:47 - [MESSAGE][PASSED] - Object: 'Object Repository/GAA/Page_Geldautomatensuche - BVR HTML (1)/a_4' is clicked on

2018-03-20 20:05:47 - [TEST_STEP][PASSED] - click: Object: 'Object Repository/GAA/Page_Geldautomatensuche - BVR HTML (1)/a_5' is clicked on

2018-03-20 20:05:48 - [MESSAGE][PASSED] - Object: 'Object Repository/GAA/Page_Geldautomatensuche - BVR HTML (1)/a_5' is clicked on

2018-03-20 20:05:48 - [TEST_STEP][PASSED] - click: Object: 'Object Repository/GAA/Page_Geldautomatensuche - BVR HTML (1)/a_6' is clicked on

2018-03-20 20:05:48 - [MESSAGE][PASSED] - Object: 'Object Repository/GAA/Page_Geldautomatensuche - BVR HTML (1)/a_6' is clicked on

2018-03-20 20:05:48 - [TEST_STEP][PASSED] - click: Object: 'Object Repository/GAA/Page_Geldautomatensuche - BVR HTML (1)/a_7' is clicked on

2018-03-20 20:05:48 - [MESSAGE][PASSED] - Object: 'Object Repository/GAA/Page_Geldautomatensuche - BVR HTML (1)/a_7' is clicked on

2018-03-20 20:05:48 - [TEST_STEP][PASSED] - click: Object: 'Object Repository/GAA/Page_Geldautomatensuche - BVR HTML (1)/a_8' is clicked on

2018-03-20 20:05:48 - [MESSAGE][PASSED] - Object: 'Object Repository/GAA/Page_Geldautomatensuche - BVR HTML (1)/a_8' is clicked on

2018-03-20 20:05:48 - [TEST_STEP][PASSED] - click: Object: 'Object Repository/GAA/Page_Geldautomatensuche - BVR HTML (1)/a_9' is clicked on

2018-03-20 20:05:49 - [MESSAGE][PASSED] - Object: 'Object Repository/GAA/Page_Geldautomatensuche - BVR HTML (1)/a_9' is clicked on

2018-03-20 20:05:49 - [TEST_STEP][PASSED] - click: Object: 'Object Repository/GAA/Page_Geldautomatensuche - BVR HTML (1)/a_10' is clicked on

2018-03-20 20:05:49 - [MESSAGE][PASSED] - Object: 'Object Repository/GAA/Page_Geldautomatensuche - BVR HTML (1)/a_10' is clicked on

2018-03-20 20:05:49 - [TEST_STEP][PASSED] - click: Object: 'Object Repository/GAA/Page_Geldautomatensuche - BVR HTML (1)/a_11' is clicked on

2018-03-20 20:05:49 - [MESSAGE][PASSED] - Object: 'Object Repository/GAA/Page_Geldautomatensuche - BVR HTML (1)/a_11' is clicked on

2018-03-20 20:05:49 - [TEST_STEP][PASSED] - click: Object: 'Object Repository/GAA/Page_Geldautomatensuche - BVR HTML (1)/a_12' is clicked on

2018-03-20 20:05:49 - [MESSAGE][PASSED] - Object: 'Object Repository/GAA/Page_Geldautomatensuche - BVR HTML (1)/a_12' is clicked on

2018-03-20 20:05:49 - [TEST_STEP][PASSED] - click: Object: 'Object Repository/GAA/Page_Geldautomatensuche - BVR HTML (1)/a_Zurck' is clicked on

2018-03-20 20:05:50 - [MESSAGE][PASSED] - Object: 'Object Repository/GAA/Page_Geldautomatensuche - BVR HTML (1)/a_Zurck' is clicked on

2018-03-20 20:05:50 - [TEST_STEP][PASSED] - click: Object: 'Object Repository/GAA/Page_Geldautomatensuche - BVR HTML (1)/a_Zurck' is clicked on

2018-03-20 20:05:50 - [MESSAGE][PASSED] - Object: 'Object Repository/GAA/Page_Geldautomatensuche - BVR HTML (1)/a_Zurck' is clicked on

2018-03-20 20:05:50 - [TEST_STEP][PASSED] - click: Object: 'Object Repository/GAA/Page_Geldautomatensuche - BVR HTML (1)/a_Zurck' is clicked on

2018-03-20 20:05:50 - [MESSAGE][PASSED] - Object: 'Object Repository/GAA/Page_Geldautomatensuche - BVR HTML (1)/a_Zurck' is clicked on

2018-03-20 20:05:50 - [TEST_STEP][PASSED] - click: Object: 'Object Repository/GAA/Page_Geldautomatensuche - BVR HTML (1)/a_Zurck' is clicked on

2018-03-20 20:05:51 - [MESSAGE][PASSED] - Object: 'Object Repository/GAA/Page_Geldautomatensuche - BVR HTML (1)/a_Zurck' is clicked on

2018-03-20 20:05:51 - [TEST_STEP][PASSED] - click: Object: 'Object Repository/GAA/Page_Geldautomatensuche - BVR HTML (1)/a_Zum Anfang' is clicked on

2018-03-20 20:05:51 - [MESSAGE][PASSED] - Object: 'Object Repository/GAA/Page_Geldautomatensuche - BVR HTML (1)/a_Zum Anfang' is clicked on

2018-03-20 20:05:51 - [TEST_STEP][PASSED] - click: Object: 'Object Repository/GAA/Page_Geldautomatensuche - BVR HTML (1)/a_Zum Ende' is clicked on

2018-03-20 20:05:52 - [MESSAGE][PASSED] - Object: 'Object Repository/GAA/Page_Geldautomatensuche - BVR HTML (1)/a_Zum Ende' is clicked on

2018-03-20 20:05:52 - [TEST_STEP][PASSED] - click: Object: 'Object Repository/GAA/Page_Geldautomatensuche - BVR HTML (1)/li_Zurck' is clicked on

2018-03-20 20:05:52 - [MESSAGE][PASSED] - Object: 'Object Repository/GAA/Page_Geldautomatensuche - BVR HTML (1)/li_Zurck' is clicked on

2018-03-20 20:05:52 - [TEST_STEP][PASSED] - click: Object: 'Object Repository/GAA/Page_Geldautomatensuche - BVR HTML (1)/a_Zurck' is clicked on

2018-03-20 20:05:52 - [MESSAGE][PASSED] - Object: 'Object Repository/GAA/Page_Geldautomatensuche - BVR HTML (1)/a_Zurck' is clicked on

2018-03-20 20:05:52 - [TEST_STEP][PASSED] - click: Object: 'Object Repository/GAA/Page_Geldautomatensuche - BVR HTML (1)/a_Zurck' is clicked on

2018-03-20 20:05:53 - [MESSAGE][PASSED] - Object: 'Object Repository/GAA/Page_Geldautomatensuche - BVR HTML (1)/a_Zurck' is clicked on

2018-03-20 20:05:53 - [TEST_STEP][PASSED] - click: Object: 'Object Repository/GAA/Page_Geldautomatensuche - BVR HTML (1)/a_Weiter' is clicked on

2018-03-20 20:05:53 - [MESSAGE][PASSED] - Object: 'Object Repository/GAA/Page_Geldautomatensuche - BVR HTML (1)/a_Weiter' is clicked on

2018-03-20 20:05:53 - [TEST_STEP][PASSED] - click: Object: 'Object Repository/GAA/Page_Geldautomatensuche - BVR HTML (1)/a_Weiter' is clicked on

2018-03-20 20:05:53 - [MESSAGE][PASSED] - Object: 'Object Repository/GAA/Page_Geldautomatensuche - BVR HTML (1)/a_Weiter' is clicked on

2018-03-20 20:05:53 - [TEST_STEP][PASSED] - click: Object: 'Object Repository/GAA/Page_Geldautomatensuche - BVR HTML (1)/a_Weiter' is clicked on

2018-03-20 20:05:53 - [MESSAGE][PASSED] - Object: 'Object Repository/GAA/Page_Geldautomatensuche - BVR HTML (1)/a_Weiter' is clicked on

2018-03-20 20:05:53 - [TEST_STEP][PASSED] - closeBrowser: Browser is closed

2018-03-20 20:05:53 - [MESSAGE][PASSED] - Browser is closed]]></system-out>
         <system-err><![CDATA[]]></system-err>
      </testcase>
      <testcase name="Test Cases/Prototyp_GAA_Suche (RC18)/17_Testfall" classname="Test Cases/Prototyp_GAA_Suche (RC18)/17_Testfall" status="PASSED">
         <system-out><![CDATA[2018-03-20 20:05:54 - [TEST_CASE][PASSED] - Test Cases/Prototyp_GAA_Suche (RC18)/17_Testfall: Test Cases/Prototyp_GAA_Suche (RC18)/17_Testfall

2018-03-20 20:05:54 - [TEST_STEP][PASSED] - openBrowser: Browser is opened with url: ''

2018-03-20 20:05:59 - [MESSAGE][PASSED] - Browser is opened with url: ''

2018-03-20 20:05:59 - [TEST_STEP][PASSED] - maximizeWindow: Current window maximized

2018-03-20 20:05:59 - [MESSAGE][PASSED] - Current window maximized

2018-03-20 20:05:59 - [TEST_STEP][PASSED] - deleteAllCookies: Delete all cookies successfully

2018-03-20 20:05:59 - [MESSAGE][PASSED] - Delete all cookies successfully

2018-03-20 20:05:59 - [TEST_STEP][PASSED] - navigateToUrl: Navigate to 'http://rc-ogrhtmlprototyp.testintern/18-1-0/geldautomatensuche-bundesweit.html' successfully

2018-03-20 20:06:03 - [MESSAGE][PASSED] - Navigate to 'http://rc-ogrhtmlprototyp.testintern/18-1-0/geldautomatensuche-bundesweit.html' successfully

2018-03-20 20:06:03 - [TEST_STEP][PASSED] - click: Object: 'Object Repository/GAA18/Page_Geldautomatensuche-bundesweit (1)/span_Bargeld im Einzelhandel' is clicked on

2018-03-20 20:06:04 - [MESSAGE][PASSED] - Object: 'Object Repository/GAA18/Page_Geldautomatensuche-bundesweit (1)/span_Bargeld im Einzelhandel' is clicked on

2018-03-20 20:06:04 - [TEST_STEP][PASSED] - delay: Delayed 2 second(s)

2018-03-20 20:06:06 - [MESSAGE][PASSED] - Delayed 2 second(s)

2018-03-20 20:06:06 - [TEST_STEP][PASSED] - setText: Text 'berlin' is set on object 'Object Repository/GAA17/Page_Geldautomatensuche-bundesweit/input_city'

2018-03-20 20:06:08 - [MESSAGE][PASSED] - Text 'berlin' is set on object 'Object Repository/GAA17/Page_Geldautomatensuche-bundesweit/input_city'

2018-03-20 20:06:08 - [TEST_STEP][PASSED] - delay: Delayed 2 second(s)

2018-03-20 20:06:10 - [MESSAGE][PASSED] - Delayed 2 second(s)

2018-03-20 20:06:10 - [TEST_STEP][PASSED] - click: Object: 'Object Repository/GAA17/Page_Geldautomatensuche-bundesweit/button_Suchen' is clicked on

2018-03-20 20:06:10 - [MESSAGE][PASSED] - Object: 'Object Repository/GAA17/Page_Geldautomatensuche-bundesweit/button_Suchen' is clicked on

2018-03-20 20:06:10 - [TEST_STEP][PASSED] - delay: Delayed 2 second(s)

2018-03-20 20:06:12 - [MESSAGE][PASSED] - Delayed 2 second(s)

2018-03-20 20:06:12 - [TEST_STEP][PASSED] - click: Object: 'Object Repository/GAA17/Page_Geldautomatensuche-bundesweit/a_2' is clicked on

2018-03-20 20:06:20 - [MESSAGE][PASSED] - Object: 'Object Repository/GAA17/Page_Geldautomatensuche-bundesweit/a_2' is clicked on

2018-03-20 20:06:20 - [TEST_STEP][PASSED] - click: Object: 'Object Repository/GAA17/Page_Geldautomatensuche-bundesweit/a_3' is clicked on

2018-03-20 20:06:20 - [MESSAGE][PASSED] - Object: 'Object Repository/GAA17/Page_Geldautomatensuche-bundesweit/a_3' is clicked on

2018-03-20 20:06:20 - [TEST_STEP][PASSED] - click: Object: 'Object Repository/GAA17/Page_Geldautomatensuche-bundesweit/a_4' is clicked on

2018-03-20 20:06:21 - [MESSAGE][PASSED] - Object: 'Object Repository/GAA17/Page_Geldautomatensuche-bundesweit/a_4' is clicked on

2018-03-20 20:06:21 - [TEST_STEP][PASSED] - click: Object: 'Object Repository/GAA17/Page_Geldautomatensuche-bundesweit/a_5' is clicked on

2018-03-20 20:06:21 - [MESSAGE][PASSED] - Object: 'Object Repository/GAA17/Page_Geldautomatensuche-bundesweit/a_5' is clicked on

2018-03-20 20:06:21 - [TEST_STEP][PASSED] - click: Object: 'Object Repository/GAA17/Page_Geldautomatensuche-bundesweit/a_Zum Anfang' is clicked on

2018-03-20 20:06:21 - [MESSAGE][PASSED] - Object: 'Object Repository/GAA17/Page_Geldautomatensuche-bundesweit/a_Zum Anfang' is clicked on

2018-03-20 20:06:21 - [TEST_STEP][PASSED] - click: Object: 'Object Repository/GAA17/Page_Geldautomatensuche-bundesweit/a_Weiter' is clicked on

2018-03-20 20:06:22 - [MESSAGE][PASSED] - Object: 'Object Repository/GAA17/Page_Geldautomatensuche-bundesweit/a_Weiter' is clicked on

2018-03-20 20:06:22 - [TEST_STEP][PASSED] - click: Object: 'Object Repository/GAA17/Page_Geldautomatensuche-bundesweit/a_Weiter' is clicked on

2018-03-20 20:06:22 - [MESSAGE][PASSED] - Object: 'Object Repository/GAA17/Page_Geldautomatensuche-bundesweit/a_Weiter' is clicked on

2018-03-20 20:06:22 - [TEST_STEP][PASSED] - click: Object: 'Object Repository/GAA17/Page_Geldautomatensuche-bundesweit/a_Weiter' is clicked on

2018-03-20 20:06:22 - [MESSAGE][PASSED] - Object: 'Object Repository/GAA17/Page_Geldautomatensuche-bundesweit/a_Weiter' is clicked on

2018-03-20 20:06:22 - [TEST_STEP][PASSED] - click: Object: 'Object Repository/GAA17/Page_Geldautomatensuche-bundesweit/li_Weiter' is clicked on

2018-03-20 20:06:22 - [MESSAGE][PASSED] - Object: 'Object Repository/GAA17/Page_Geldautomatensuche-bundesweit/li_Weiter' is clicked on

2018-03-20 20:06:22 - [TEST_STEP][PASSED] - click: Object: 'Object Repository/GAA17/Page_Geldautomatensuche-bundesweit/a_Zurck' is clicked on

2018-03-20 20:06:22 - [MESSAGE][PASSED] - Object: 'Object Repository/GAA17/Page_Geldautomatensuche-bundesweit/a_Zurck' is clicked on

2018-03-20 20:06:22 - [TEST_STEP][PASSED] - click: Object: 'Object Repository/GAA17/Page_Geldautomatensuche-bundesweit/a_Zurck' is clicked on

2018-03-20 20:06:22 - [MESSAGE][PASSED] - Object: 'Object Repository/GAA17/Page_Geldautomatensuche-bundesweit/a_Zurck' is clicked on

2018-03-20 20:06:22 - [TEST_STEP][PASSED] - click: Object: 'Object Repository/GAA17/Page_Geldautomatensuche-bundesweit/a_Zurck' is clicked on

2018-03-20 20:06:23 - [MESSAGE][PASSED] - Object: 'Object Repository/GAA17/Page_Geldautomatensuche-bundesweit/a_Zurck' is clicked on

2018-03-20 20:06:23 - [TEST_STEP][PASSED] - click: Object: 'Object Repository/GAA17/Page_Geldautomatensuche-bundesweit/li_Zum Ende' is clicked on

2018-03-20 20:06:23 - [MESSAGE][PASSED] - Object: 'Object Repository/GAA17/Page_Geldautomatensuche-bundesweit/li_Zum Ende' is clicked on

2018-03-20 20:06:23 - [TEST_STEP][PASSED] - closeBrowser: Browser is closed

2018-03-20 20:06:23 - [MESSAGE][PASSED] - Browser is closed]]></system-out>
         <system-err><![CDATA[]]></system-err>
      </testcase>
      <testcase name="Test Cases/Prototyp_GAA_Suche (RC18)/18_Testfall" classname="Test Cases/Prototyp_GAA_Suche (RC18)/18_Testfall" status="FAILED">
         <failure type="FAILED" message="Unable to click on object 'Object Repository/Potsdam_option' (Root cause: org.openqa.selenium.ElementNotVisibleException: An element command could not be completed because the element is not visible on the page. (WARNING: The server did not provide any stacktrace information)
Command duration or timeout: 0 milliseconds
Build info: version: '3.7.1', revision: '8a0099a', time: '2017-11-06T21:07:36.161Z'
System info: host: 'Lilias-MacBook-Pro.local', ip: '192.168.0.4', os.name: 'Mac OS X', os.arch: 'x86_64', os.version: '10.12.6', java.version: '1.8.0_102'
Driver info: com.kms.katalon.selenium.driver.CSafariDriver
Capabilities {applicationCacheEnabled: true, browserName: safari, cleanSession: true, cssSelectorsEnabled: true, databaseEnabled: true, handlesAlerts: true, javascriptEnabled: true, locationContextEnabled: false, nativeEvents: true, platform: MAC, platformName: MAC, rotatable: false, version: 12604.5.6.1.1, webStorageEnabled: true}
Session ID: 2383B5B5-D515-46FA-BD41-8FCE51281E2A)"/>
         <system-out><![CDATA[2018-03-20 20:06:23 - [TEST_CASE][FAILED] - Test Cases/Prototyp_GAA_Suche (RC18)/18_Testfall: Test Cases/Prototyp_GAA_Suche (RC18)/18_Testfall FAILED because (of) Unable to click on object 'Object Repository/Potsdam_option' (Root cause: org.openqa.selenium.ElementNotVisibleException: An element command could not be completed because the element is not visible on the page. (WARNING: The server did not provide any stacktrace information)
Command duration or timeout: 0 milliseconds
Build info: version: '3.7.1', revision: '8a0099a', time: '2017-11-06T21:07:36.161Z'
System info: host: 'Lilias-MacBook-Pro.local', ip: '192.168.0.4', os.name: 'Mac OS X', os.arch: 'x86_64', os.version: '10.12.6', java.version: '1.8.0_102'
Driver info: com.kms.katalon.selenium.driver.CSafariDriver
Capabilities {applicationCacheEnabled: true, browserName: safari, cleanSession: true, cssSelectorsEnabled: true, databaseEnabled: true, handlesAlerts: true, javascriptEnabled: true, locationContextEnabled: false, nativeEvents: true, platform: MAC, platformName: MAC, rotatable: false, version: 12604.5.6.1.1, webStorageEnabled: true}
Session ID: 2383B5B5-D515-46FA-BD41-8FCE51281E2A)

2018-03-20 20:06:24 - [TEST_STEP][PASSED] - openBrowser: Browser is opened with url: ''

2018-03-20 20:06:27 - [MESSAGE][PASSED] - Browser is opened with url: ''

2018-03-20 20:06:27 - [TEST_STEP][PASSED] - deleteAllCookies: Delete all cookies successfully

2018-03-20 20:06:28 - [MESSAGE][PASSED] - Delete all cookies successfully

2018-03-20 20:06:28 - [TEST_STEP][PASSED] - maximizeWindow: Current window maximized

2018-03-20 20:06:28 - [MESSAGE][PASSED] - Current window maximized

2018-03-20 20:06:28 - [TEST_STEP][PASSED] - navigateToUrl: Navigate to 'http://rc-ogrhtmlprototyp.testintern/18-1-0/geldautomatensuche.html' successfully

2018-03-20 20:06:30 - [MESSAGE][PASSED] - Navigate to 'http://rc-ogrhtmlprototyp.testintern/18-1-0/geldautomatensuche.html' successfully

2018-03-20 20:06:30 - [TEST_STEP][PASSED] - delay: Delayed 5 second(s)

2018-03-20 20:06:35 - [MESSAGE][PASSED] - Delayed 5 second(s)

2018-03-20 20:06:35 - [TEST_STEP][PASSED] - click: Object: 'Object Repository/002/Page_Filialsuche-rotenburg - BVR HT/svg_dropdown-icons' is clicked on

2018-03-20 20:06:35 - [MESSAGE][PASSED] - Object: 'Object Repository/002/Page_Filialsuche-rotenburg - BVR HT/svg_dropdown-icons' is clicked on

2018-03-20 20:06:35 - [TEST_STEP][PASSED] - delay: Delayed 2 second(s)

2018-03-20 20:06:37 - [MESSAGE][PASSED] - Delayed 2 second(s)

2018-03-20 20:06:37 - [TEST_STEP][PASSED] - mouseOver: Object: 'Object Repository/Potsdam_option' is hovered

2018-03-20 20:06:37 - [MESSAGE][PASSED] - Object: 'Object Repository/Potsdam_option' is hovered

2018-03-20 20:06:37 - [TEST_STEP][PASSED] - delay: Delayed 2 second(s)

2018-03-20 20:06:39 - [MESSAGE][PASSED] - Delayed 2 second(s)

2018-03-20 20:06:39 - [TEST_STEP][FAILED] - click: Unable to click on object 'Object Repository/Potsdam_option' (Root cause: org.openqa.selenium.ElementNotVisibleException: An element command could not be completed because the element is not visible on the page. (WARNING: The server did not provide any stacktrace information)
Command duration or timeout: 0 milliseconds
Build info: version: '3.7.1', revision: '8a0099a', time: '2017-11-06T21:07:36.161Z'
System info: host: 'Lilias-MacBook-Pro.local', ip: '192.168.0.4', os.name: 'Mac OS X', os.arch: 'x86_64', os.version: '10.12.6', java.version: '1.8.0_102'
Driver info: com.kms.katalon.selenium.driver.CSafariDriver
Capabilities {applicationCacheEnabled: true, browserName: safari, cleanSession: true, cssSelectorsEnabled: true, databaseEnabled: true, handlesAlerts: true, javascriptEnabled: true, locationContextEnabled: false, nativeEvents: true, platform: MAC, platformName: MAC, rotatable: false, version: 12604.5.6.1.1, webStorageEnabled: true}
Session ID: 2383B5B5-D515-46FA-BD41-8FCE51281E2A)

2018-03-20 20:06:40 - [MESSAGE][FAILED] - Unable to click on object 'Object Repository/Potsdam_option' (Root cause: org.openqa.selenium.ElementNotVisibleException: An element command could not be completed because the element is not visible on the page. (WARNING: The server did not provide any stacktrace information)
Command duration or timeout: 0 milliseconds
Build info: version: '3.7.1', revision: '8a0099a', time: '2017-11-06T21:07:36.161Z'
System info: host: 'Lilias-MacBook-Pro.local', ip: '192.168.0.4', os.name: 'Mac OS X', os.arch: 'x86_64', os.version: '10.12.6', java.version: '1.8.0_102'
Driver info: com.kms.katalon.selenium.driver.CSafariDriver
Capabilities {applicationCacheEnabled: true, browserName: safari, cleanSession: true, cssSelectorsEnabled: true, databaseEnabled: true, handlesAlerts: true, javascriptEnabled: true, locationContextEnabled: false, nativeEvents: true, platform: MAC, platformName: MAC, rotatable: false, version: 12604.5.6.1.1, webStorageEnabled: true}
Session ID: 2383B5B5-D515-46FA-BD41-8FCE51281E2A)
[[ATTACHMENT|/Users/lbut/git/Katalon/Reports/GAA_20_03/20180320_194139/1521572799955.png]]]]></system-out>
         <system-err><![CDATA[2018-03-20 20:06:23 - [TEST_CASE][FAILED] - Test Cases/Prototyp_GAA_Suche (RC18)/18_Testfall: Test Cases/Prototyp_GAA_Suche (RC18)/18_Testfall FAILED because (of) Unable to click on object 'Object Repository/Potsdam_option' (Root cause: org.openqa.selenium.ElementNotVisibleException: An element command could not be completed because the element is not visible on the page. (WARNING: The server did not provide any stacktrace information)
Command duration or timeout: 0 milliseconds
Build info: version: '3.7.1', revision: '8a0099a', time: '2017-11-06T21:07:36.161Z'
System info: host: 'Lilias-MacBook-Pro.local', ip: '192.168.0.4', os.name: 'Mac OS X', os.arch: 'x86_64', os.version: '10.12.6', java.version: '1.8.0_102'
Driver info: com.kms.katalon.selenium.driver.CSafariDriver
Capabilities {applicationCacheEnabled: true, browserName: safari, cleanSession: true, cssSelectorsEnabled: true, databaseEnabled: true, handlesAlerts: true, javascriptEnabled: true, locationContextEnabled: false, nativeEvents: true, platform: MAC, platformName: MAC, rotatable: false, version: 12604.5.6.1.1, webStorageEnabled: true}
Session ID: 2383B5B5-D515-46FA-BD41-8FCE51281E2A)]]></system-err>
      </testcase>
      <testcase name="Test Cases/Prototyp_GAA_Suche (RC18)/19TF" classname="Test Cases/Prototyp_GAA_Suche (RC18)/19TF" status="PASSED">
         <system-out><![CDATA[2018-03-20 20:06:40 - [TEST_CASE][PASSED] - Test Cases/Prototyp_GAA_Suche (RC18)/19TF: Test Cases/Prototyp_GAA_Suche (RC18)/19TF

2018-03-20 20:06:40 - [TEST_STEP][PASSED] - openBrowser: Browser is opened with url: ''

2018-03-20 20:06:40 - [MESSAGE][WARNING] - A browser is already opened. Closing browser and opening a new one

2018-03-20 20:06:42 - [MESSAGE][PASSED] - Browser is opened with url: ''

2018-03-20 20:06:42 - [TEST_STEP][PASSED] - maximizeWindow: Current window maximized

2018-03-20 20:06:42 - [MESSAGE][PASSED] - Current window maximized

2018-03-20 20:06:42 - [TEST_STEP][PASSED] - deleteAllCookies: Delete all cookies successfully

2018-03-20 20:06:42 - [MESSAGE][PASSED] - Delete all cookies successfully

2018-03-20 20:06:42 - [TEST_STEP][PASSED] - navigateToUrl: Navigate to 'http://rc-ogrhtmlprototyp.testintern/18-1-0/geldautomatensuche-bundesweit.html' successfully

2018-03-20 20:06:47 - [MESSAGE][PASSED] - Navigate to 'http://rc-ogrhtmlprototyp.testintern/18-1-0/geldautomatensuche-bundesweit.html' successfully

2018-03-20 20:06:47 - [TEST_STEP][PASSED] - click: Object: 'Object Repository/GAA18/Page_Geldautomatensuche-bundesweit (1)/span_Bargeld im Einzelhandel' is clicked on

2018-03-20 20:06:47 - [MESSAGE][PASSED] - Object: 'Object Repository/GAA18/Page_Geldautomatensuche-bundesweit (1)/span_Bargeld im Einzelhandel' is clicked on

2018-03-20 20:06:47 - [TEST_STEP][PASSED] - delay: Delayed 2 second(s)

2018-03-20 20:06:49 - [MESSAGE][PASSED] - Delayed 2 second(s)

2018-03-20 20:06:49 - [TEST_STEP][PASSED] - setText: Text 'berlin' is set on object 'Object Repository/GAA17/Page_Geldautomatensuche-bundesweit/input_city'

2018-03-20 20:06:49 - [MESSAGE][PASSED] - Text 'berlin' is set on object 'Object Repository/GAA17/Page_Geldautomatensuche-bundesweit/input_city'

2018-03-20 20:06:49 - [TEST_STEP][PASSED] - delay: Delayed 2 second(s)

2018-03-20 20:06:51 - [MESSAGE][PASSED] - Delayed 2 second(s)

2018-03-20 20:06:51 - [TEST_STEP][PASSED] - click: Object: 'Object Repository/GAA17/Page_Geldautomatensuche-bundesweit/button_Suchen' is clicked on

2018-03-20 20:06:51 - [MESSAGE][PASSED] - Object: 'Object Repository/GAA17/Page_Geldautomatensuche-bundesweit/button_Suchen' is clicked on

2018-03-20 20:06:51 - [TEST_STEP][PASSED] - delay: Delayed 2 second(s)

2018-03-20 20:06:53 - [MESSAGE][PASSED] - Delayed 2 second(s)

2018-03-20 20:06:53 - [TEST_STEP][PASSED] - closeBrowser: Browser is closed

2018-03-20 20:06:53 - [MESSAGE][PASSED] - Browser is closed]]></system-out>
         <system-err><![CDATA[]]></system-err>
      </testcase>
      <system-out><![CDATA[2018-03-20 20:03:49 - [TEST_SUITE][FAILED] - GAA_20_03: Test Cases/Prototyp_GAA_Suche (RC18)/01_Testfall FAILED because (of) Anzahl Maps 99 ist NICHT gleich Anzahl Filialen 100]]></system-out>
      <system-err><![CDATA[2018-03-20 20:03:49 - [TEST_SUITE][FAILED] - GAA_20_03: Test Cases/Prototyp_GAA_Suche (RC18)/01_Testfall FAILED because (of) Anzahl Maps 99 ist NICHT gleich Anzahl Filialen 100]]></system-err>
   </testsuite>
</testsuites>
