<?xml version="1.0" encoding="UTF-8"?>
<testsuites name="Prototyp GAA (RC18) 13_03_2018" time="76" tests="0" failures="10" errors="0">
   <testsuite name="Prototyp GAA (RC18) 13_03_2018" tests="0" failures="10" errors="0" time="76" timestamp="2018-03-20 09:05:41" hostname="lbut - 192.168.0.4" id="Test Suites/Prototyp GAA (RC18) 13_03_2018">
      <properties>
         <property name="deviceName" value=""/>
         <property name="devicePlatform" value=""/>
         <property name="logFolder" value="/Users/lbut/Desktop/KATALON/Prototyp1_20_03/Prototyp1/Reports/Prototyp GAA (RC18) 13_03_2018/20180320_090527"/>
         <property name="logFiles" value="/Users/lbut/Desktop/KATALON/Prototyp1_20_03/Prototyp1/Reports/Prototyp GAA (RC18) 13_03_2018/20180320_090527/execution0.log"/>
         <property name="attachments" value=""/>
         <property name="hostName" value="lbut - 192.168.0.4"/>
         <property name="os" value="Mac OS X 64bit"/>
         <property name="katalonVersion" value="5.3.1.1"/>
         <property name="browser" value="Safari 11"/>
         <property name="hostAddress" value="192.168.0.4"/>
         <property name="sessionId" value="4EF186B5-E83C-4784-A96C-A0B5180B47FE"/>
         <property name="seleniumVersion" value="3.7.1"/>
         <property name="proxyInformation" value="ProxyInformation{proxyOption=NO_PROXY, proxyServerType=HTTP, password=, proxyServerAddress=, proxyServerPort=0}"/>
         <property name="platform" value="Mac OS X"/>
      </properties>
      <testcase name="Test Cases/Prototyp_GAA_Suche (RC18)/01_Testfall" classname="Test Cases/Prototyp_GAA_Suche (RC18)/01_Testfall" status="FAILED">
         <failure type="FAILED" message="Anzahl Maps 99 ist NICHT gleich Anzahl Filialen 100"/>
         <system-out><![CDATA[2018-03-20 09:05:42 - [TEST_CASE][FAILED] - Test Cases/Prototyp_GAA_Suche (RC18)/01_Testfall: Test Cases/Prototyp_GAA_Suche (RC18)/01_Testfall FAILED because (of) Anzahl Maps 99 ist NICHT gleich Anzahl Filialen 100

2018-03-20 09:05:44 - [TEST_STEP][PASSED] - openBrowser: Browser is opened with url: ''

2018-03-20 09:05:58 - [MESSAGE][PASSED] - Browser is opened with url: ''

2018-03-20 09:05:58 - [TEST_STEP][PASSED] - deleteAllCookies: Delete all cookies successfully

2018-03-20 09:05:58 - [MESSAGE][PASSED] - Delete all cookies successfully

2018-03-20 09:05:58 - [TEST_STEP][PASSED] - maximizeWindow: Current window maximized

2018-03-20 09:05:58 - [MESSAGE][PASSED] - Current window maximized

2018-03-20 09:05:58 - [TEST_STEP][PASSED] - navigateToUrl: Navigate to 'http://rc-ogrhtmlprototyp.testintern/18-1-0/geldautomatensuche.html' successfully

2018-03-20 09:06:04 - [MESSAGE][PASSED] - Navigate to 'http://rc-ogrhtmlprototyp.testintern/18-1-0/geldautomatensuche.html' successfully

2018-03-20 09:06:04 - [TEST_STEP][PASSED] - delay: Delayed 5 second(s)

2018-03-20 09:06:09 - [MESSAGE][PASSED] - Delayed 5 second(s)

2018-03-20 09:06:09 - [TEST_STEP][PASSED] - Statement - wes1 = com.kms.katalon.core.webui.common.WebUiCommonHelper.findWebElements(com.kms.katalon.core.testobject.ObjectRepository.findTestObject(gaa_map), 5): Found 99 web elements with id: 'Object Repository/gaa_map' located by 'By.xpath: //div[@class='aps-map__custom-marker aps-map__custom-marker--is-atm']' in '5' second(s)

2018-03-20 09:06:10 - [TEST_STEP][PASSED] - Statement - wes2 = com.kms.katalon.core.webui.common.WebUiCommonHelper.findWebElements(com.kms.katalon.core.testobject.ObjectRepository.findTestObject(loc_steet_filialsuche), 5): Found 100 web elements with id: 'Object Repository/loc_steet_filialsuche' located by 'By.xpath: //div[@class='loc-street']' in '5' second(s)

2018-03-20 09:06:10 - [TEST_STEP][PASSED] - Statement - filial_maps_count = wes1.size(): null

2018-03-20 09:06:10 - [TEST_STEP][PASSED] - Statement - filial_accordeon_count = wes2.size(): null

2018-03-20 09:06:10 - [TEST_STEP][PASSED] - Statement - filial_count = 100: null

2018-03-20 09:06:10 - [TEST_STEP][PASSED] - Statement - If (filial_maps_count != filial_count): null

2018-03-20 09:06:10 - [TEST_STEP][PASSED] - comment: Anzahl Maps 99 ist NICHT gleich Anzahl Filialen 100

2018-03-20 09:06:10 - [TEST_STEP][PASSED] - closeBrowser: Browser is closed

2018-03-20 09:06:10 - [MESSAGE][PASSED] - Browser is closed

2018-03-20 09:06:10 - [TEST_STEP][PASSED] - Statement - Throw new com.kms.katalon.core.exception.StepFailedException((((Anzahl Maps  + filial_maps_count) +  ist NICHT gleich Anzahl Filialen ) + filial_count)): null]]></system-out>
         <system-err><![CDATA[2018-03-20 09:05:42 - [TEST_CASE][FAILED] - Test Cases/Prototyp_GAA_Suche (RC18)/01_Testfall: Test Cases/Prototyp_GAA_Suche (RC18)/01_Testfall FAILED because (of) Anzahl Maps 99 ist NICHT gleich Anzahl Filialen 100]]></system-err>
      </testcase>
      <testcase name="Test Cases/Prototyp_GAA_Suche (RC18)/03_Testfall" classname="Test Cases/Prototyp_GAA_Suche (RC18)/03_Testfall" status="FAILED">
         <failure type="FAILED" message="Unable to open browser with url: '' (Root cause: org.openqa.selenium.SessionNotCreatedException: Could not create a session: The session timed out while connecting to a Safari instance. (WARNING: The server did not provide any stacktrace information)
Command duration or timeout: 30.33 seconds
Build info: version: '3.7.1', revision: '8a0099a', time: '2017-11-06T21:07:36.161Z'
System info: host: 'Lilias-MacBook-Pro.local', ip: '192.168.0.4', os.name: 'Mac OS X', os.arch: 'x86_64', os.version: '10.12.6', java.version: '1.8.0_102'
Driver info: driver.version: CSafariDriver)"/>
         <system-out><![CDATA[2018-03-20 09:06:11 - [TEST_CASE][FAILED] - Test Cases/Prototyp_GAA_Suche (RC18)/03_Testfall: Test Cases/Prototyp_GAA_Suche (RC18)/03_Testfall FAILED because (of) Unable to open browser with url: '' (Root cause: org.openqa.selenium.SessionNotCreatedException: Could not create a session: The session timed out while connecting to a Safari instance. (WARNING: The server did not provide any stacktrace information)
Command duration or timeout: 30.33 seconds
Build info: version: '3.7.1', revision: '8a0099a', time: '2017-11-06T21:07:36.161Z'
System info: host: 'Lilias-MacBook-Pro.local', ip: '192.168.0.4', os.name: 'Mac OS X', os.arch: 'x86_64', os.version: '10.12.6', java.version: '1.8.0_102'
Driver info: driver.version: CSafariDriver)

2018-03-20 09:06:11 - [TEST_STEP][FAILED] - openBrowser: Unable to open browser with url: '' (Root cause: org.openqa.selenium.SessionNotCreatedException: Could not create a session: The session timed out while connecting to a Safari instance. (WARNING: The server did not provide any stacktrace information)
Command duration or timeout: 30.33 seconds
Build info: version: '3.7.1', revision: '8a0099a', time: '2017-11-06T21:07:36.161Z'
System info: host: 'Lilias-MacBook-Pro.local', ip: '192.168.0.4', os.name: 'Mac OS X', os.arch: 'x86_64', os.version: '10.12.6', java.version: '1.8.0_102'
Driver info: driver.version: CSafariDriver)

2018-03-20 09:06:48 - [MESSAGE][FAILED] - Unable to open browser with url: '' (Root cause: org.openqa.selenium.SessionNotCreatedException: Could not create a session: The session timed out while connecting to a Safari instance. (WARNING: The server did not provide any stacktrace information)
Command duration or timeout: 30.33 seconds
Build info: version: '3.7.1', revision: '8a0099a', time: '2017-11-06T21:07:36.161Z'
System info: host: 'Lilias-MacBook-Pro.local', ip: '192.168.0.4', os.name: 'Mac OS X', os.arch: 'x86_64', os.version: '10.12.6', java.version: '1.8.0_102'
Driver info: driver.version: CSafariDriver)]]></system-out>
         <system-err><![CDATA[2018-03-20 09:06:11 - [TEST_CASE][FAILED] - Test Cases/Prototyp_GAA_Suche (RC18)/03_Testfall: Test Cases/Prototyp_GAA_Suche (RC18)/03_Testfall FAILED because (of) Unable to open browser with url: '' (Root cause: org.openqa.selenium.SessionNotCreatedException: Could not create a session: The session timed out while connecting to a Safari instance. (WARNING: The server did not provide any stacktrace information)
Command duration or timeout: 30.33 seconds
Build info: version: '3.7.1', revision: '8a0099a', time: '2017-11-06T21:07:36.161Z'
System info: host: 'Lilias-MacBook-Pro.local', ip: '192.168.0.4', os.name: 'Mac OS X', os.arch: 'x86_64', os.version: '10.12.6', java.version: '1.8.0_102'
Driver info: driver.version: CSafariDriver)]]></system-err>
      </testcase>
      <testcase name="Test Cases/Prototyp_GAA_Suche (RC18)/04_Testfall" classname="Test Cases/Prototyp_GAA_Suche (RC18)/04_Testfall" status="FAILED">
         <failure type="FAILED" message="Unable to open browser with url: '' (Root cause: org.openqa.selenium.SessionNotCreatedException: Could not create a session: The Safari instance is already paired with another WebDriver session. (WARNING: The server did not provide any stacktrace information)
Command duration or timeout: 2.58 seconds
Build info: version: '3.7.1', revision: '8a0099a', time: '2017-11-06T21:07:36.161Z'
System info: host: 'Lilias-MacBook-Pro.local', ip: '192.168.0.4', os.name: 'Mac OS X', os.arch: 'x86_64', os.version: '10.12.6', java.version: '1.8.0_102'
Driver info: driver.version: CSafariDriver)"/>
         <system-out><![CDATA[2018-03-20 09:06:48 - [TEST_CASE][FAILED] - Test Cases/Prototyp_GAA_Suche (RC18)/04_Testfall: Test Cases/Prototyp_GAA_Suche (RC18)/04_Testfall FAILED because (of) Unable to open browser with url: '' (Root cause: org.openqa.selenium.SessionNotCreatedException: Could not create a session: The Safari instance is already paired with another WebDriver session. (WARNING: The server did not provide any stacktrace information)
Command duration or timeout: 2.58 seconds
Build info: version: '3.7.1', revision: '8a0099a', time: '2017-11-06T21:07:36.161Z'
System info: host: 'Lilias-MacBook-Pro.local', ip: '192.168.0.4', os.name: 'Mac OS X', os.arch: 'x86_64', os.version: '10.12.6', java.version: '1.8.0_102'
Driver info: driver.version: CSafariDriver)

2018-03-20 09:06:49 - [TEST_STEP][FAILED] - openBrowser: Unable to open browser with url: '' (Root cause: org.openqa.selenium.SessionNotCreatedException: Could not create a session: The Safari instance is already paired with another WebDriver session. (WARNING: The server did not provide any stacktrace information)
Command duration or timeout: 2.58 seconds
Build info: version: '3.7.1', revision: '8a0099a', time: '2017-11-06T21:07:36.161Z'
System info: host: 'Lilias-MacBook-Pro.local', ip: '192.168.0.4', os.name: 'Mac OS X', os.arch: 'x86_64', os.version: '10.12.6', java.version: '1.8.0_102'
Driver info: driver.version: CSafariDriver)

2018-03-20 09:06:52 - [MESSAGE][FAILED] - Unable to open browser with url: '' (Root cause: org.openqa.selenium.SessionNotCreatedException: Could not create a session: The Safari instance is already paired with another WebDriver session. (WARNING: The server did not provide any stacktrace information)
Command duration or timeout: 2.58 seconds
Build info: version: '3.7.1', revision: '8a0099a', time: '2017-11-06T21:07:36.161Z'
System info: host: 'Lilias-MacBook-Pro.local', ip: '192.168.0.4', os.name: 'Mac OS X', os.arch: 'x86_64', os.version: '10.12.6', java.version: '1.8.0_102'
Driver info: driver.version: CSafariDriver)]]></system-out>
         <system-err><![CDATA[2018-03-20 09:06:48 - [TEST_CASE][FAILED] - Test Cases/Prototyp_GAA_Suche (RC18)/04_Testfall: Test Cases/Prototyp_GAA_Suche (RC18)/04_Testfall FAILED because (of) Unable to open browser with url: '' (Root cause: org.openqa.selenium.SessionNotCreatedException: Could not create a session: The Safari instance is already paired with another WebDriver session. (WARNING: The server did not provide any stacktrace information)
Command duration or timeout: 2.58 seconds
Build info: version: '3.7.1', revision: '8a0099a', time: '2017-11-06T21:07:36.161Z'
System info: host: 'Lilias-MacBook-Pro.local', ip: '192.168.0.4', os.name: 'Mac OS X', os.arch: 'x86_64', os.version: '10.12.6', java.version: '1.8.0_102'
Driver info: driver.version: CSafariDriver)]]></system-err>
      </testcase>
      <testcase name="Test Cases/Prototyp_GAA_Suche (RC18)/05_Testfall" classname="Test Cases/Prototyp_GAA_Suche (RC18)/05_Testfall" status="FAILED">
         <failure type="FAILED" message="Unable to open browser with url: '' (Root cause: org.openqa.selenium.SessionNotCreatedException: Could not create a session: The Safari instance is already paired with another WebDriver session. (WARNING: The server did not provide any stacktrace information)
Command duration or timeout: 83 milliseconds
Build info: version: '3.7.1', revision: '8a0099a', time: '2017-11-06T21:07:36.161Z'
System info: host: 'Lilias-MacBook-Pro.local', ip: '192.168.0.4', os.name: 'Mac OS X', os.arch: 'x86_64', os.version: '10.12.6', java.version: '1.8.0_102'
Driver info: driver.version: CSafariDriver)"/>
         <system-out><![CDATA[2018-03-20 09:06:53 - [TEST_CASE][FAILED] - Test Cases/Prototyp_GAA_Suche (RC18)/05_Testfall: Test Cases/Prototyp_GAA_Suche (RC18)/05_Testfall FAILED because (of) Unable to open browser with url: '' (Root cause: org.openqa.selenium.SessionNotCreatedException: Could not create a session: The Safari instance is already paired with another WebDriver session. (WARNING: The server did not provide any stacktrace information)
Command duration or timeout: 83 milliseconds
Build info: version: '3.7.1', revision: '8a0099a', time: '2017-11-06T21:07:36.161Z'
System info: host: 'Lilias-MacBook-Pro.local', ip: '192.168.0.4', os.name: 'Mac OS X', os.arch: 'x86_64', os.version: '10.12.6', java.version: '1.8.0_102'
Driver info: driver.version: CSafariDriver)

2018-03-20 09:06:53 - [TEST_STEP][FAILED] - openBrowser: Unable to open browser with url: '' (Root cause: org.openqa.selenium.SessionNotCreatedException: Could not create a session: The Safari instance is already paired with another WebDriver session. (WARNING: The server did not provide any stacktrace information)
Command duration or timeout: 83 milliseconds
Build info: version: '3.7.1', revision: '8a0099a', time: '2017-11-06T21:07:36.161Z'
System info: host: 'Lilias-MacBook-Pro.local', ip: '192.168.0.4', os.name: 'Mac OS X', os.arch: 'x86_64', os.version: '10.12.6', java.version: '1.8.0_102'
Driver info: driver.version: CSafariDriver)

2018-03-20 09:06:53 - [MESSAGE][FAILED] - Unable to open browser with url: '' (Root cause: org.openqa.selenium.SessionNotCreatedException: Could not create a session: The Safari instance is already paired with another WebDriver session. (WARNING: The server did not provide any stacktrace information)
Command duration or timeout: 83 milliseconds
Build info: version: '3.7.1', revision: '8a0099a', time: '2017-11-06T21:07:36.161Z'
System info: host: 'Lilias-MacBook-Pro.local', ip: '192.168.0.4', os.name: 'Mac OS X', os.arch: 'x86_64', os.version: '10.12.6', java.version: '1.8.0_102'
Driver info: driver.version: CSafariDriver)]]></system-out>
         <system-err><![CDATA[2018-03-20 09:06:53 - [TEST_CASE][FAILED] - Test Cases/Prototyp_GAA_Suche (RC18)/05_Testfall: Test Cases/Prototyp_GAA_Suche (RC18)/05_Testfall FAILED because (of) Unable to open browser with url: '' (Root cause: org.openqa.selenium.SessionNotCreatedException: Could not create a session: The Safari instance is already paired with another WebDriver session. (WARNING: The server did not provide any stacktrace information)
Command duration or timeout: 83 milliseconds
Build info: version: '3.7.1', revision: '8a0099a', time: '2017-11-06T21:07:36.161Z'
System info: host: 'Lilias-MacBook-Pro.local', ip: '192.168.0.4', os.name: 'Mac OS X', os.arch: 'x86_64', os.version: '10.12.6', java.version: '1.8.0_102'
Driver info: driver.version: CSafariDriver)]]></system-err>
      </testcase>
      <testcase name="Test Cases/Prototyp_GAA_Suche (RC18)/06_Testfall" classname="Test Cases/Prototyp_GAA_Suche (RC18)/06_Testfall" status="FAILED">
         <failure type="FAILED" message="Unable to open browser with url: '' (Root cause: org.openqa.selenium.SessionNotCreatedException: Could not create a session: The Safari instance is already paired with another WebDriver session. (WARNING: The server did not provide any stacktrace information)
Command duration or timeout: 81 milliseconds
Build info: version: '3.7.1', revision: '8a0099a', time: '2017-11-06T21:07:36.161Z'
System info: host: 'Lilias-MacBook-Pro.local', ip: '192.168.0.4', os.name: 'Mac OS X', os.arch: 'x86_64', os.version: '10.12.6', java.version: '1.8.0_102'
Driver info: driver.version: CSafariDriver)"/>
         <system-out><![CDATA[2018-03-20 09:06:53 - [TEST_CASE][FAILED] - Test Cases/Prototyp_GAA_Suche (RC18)/06_Testfall: Test Cases/Prototyp_GAA_Suche (RC18)/06_Testfall FAILED because (of) Unable to open browser with url: '' (Root cause: org.openqa.selenium.SessionNotCreatedException: Could not create a session: The Safari instance is already paired with another WebDriver session. (WARNING: The server did not provide any stacktrace information)
Command duration or timeout: 81 milliseconds
Build info: version: '3.7.1', revision: '8a0099a', time: '2017-11-06T21:07:36.161Z'
System info: host: 'Lilias-MacBook-Pro.local', ip: '192.168.0.4', os.name: 'Mac OS X', os.arch: 'x86_64', os.version: '10.12.6', java.version: '1.8.0_102'
Driver info: driver.version: CSafariDriver)

2018-03-20 09:06:53 - [TEST_STEP][FAILED] - openBrowser: Unable to open browser with url: '' (Root cause: org.openqa.selenium.SessionNotCreatedException: Could not create a session: The Safari instance is already paired with another WebDriver session. (WARNING: The server did not provide any stacktrace information)
Command duration or timeout: 81 milliseconds
Build info: version: '3.7.1', revision: '8a0099a', time: '2017-11-06T21:07:36.161Z'
System info: host: 'Lilias-MacBook-Pro.local', ip: '192.168.0.4', os.name: 'Mac OS X', os.arch: 'x86_64', os.version: '10.12.6', java.version: '1.8.0_102'
Driver info: driver.version: CSafariDriver)

2018-03-20 09:06:54 - [MESSAGE][FAILED] - Unable to open browser with url: '' (Root cause: org.openqa.selenium.SessionNotCreatedException: Could not create a session: The Safari instance is already paired with another WebDriver session. (WARNING: The server did not provide any stacktrace information)
Command duration or timeout: 81 milliseconds
Build info: version: '3.7.1', revision: '8a0099a', time: '2017-11-06T21:07:36.161Z'
System info: host: 'Lilias-MacBook-Pro.local', ip: '192.168.0.4', os.name: 'Mac OS X', os.arch: 'x86_64', os.version: '10.12.6', java.version: '1.8.0_102'
Driver info: driver.version: CSafariDriver)]]></system-out>
         <system-err><![CDATA[2018-03-20 09:06:53 - [TEST_CASE][FAILED] - Test Cases/Prototyp_GAA_Suche (RC18)/06_Testfall: Test Cases/Prototyp_GAA_Suche (RC18)/06_Testfall FAILED because (of) Unable to open browser with url: '' (Root cause: org.openqa.selenium.SessionNotCreatedException: Could not create a session: The Safari instance is already paired with another WebDriver session. (WARNING: The server did not provide any stacktrace information)
Command duration or timeout: 81 milliseconds
Build info: version: '3.7.1', revision: '8a0099a', time: '2017-11-06T21:07:36.161Z'
System info: host: 'Lilias-MacBook-Pro.local', ip: '192.168.0.4', os.name: 'Mac OS X', os.arch: 'x86_64', os.version: '10.12.6', java.version: '1.8.0_102'
Driver info: driver.version: CSafariDriver)]]></system-err>
      </testcase>
      <testcase name="Test Cases/Prototyp_GAA_Suche (RC18)/15_Testfall" classname="Test Cases/Prototyp_GAA_Suche (RC18)/15_Testfall" status="FAILED">
         <failure type="FAILED" message="Unable to open browser with url: '' (Root cause: org.openqa.selenium.SessionNotCreatedException: Could not create a session: The Safari instance is already paired with another WebDriver session. (WARNING: The server did not provide any stacktrace information)
Command duration or timeout: 98 milliseconds
Build info: version: '3.7.1', revision: '8a0099a', time: '2017-11-06T21:07:36.161Z'
System info: host: 'Lilias-MacBook-Pro.local', ip: '192.168.0.4', os.name: 'Mac OS X', os.arch: 'x86_64', os.version: '10.12.6', java.version: '1.8.0_102'
Driver info: driver.version: CSafariDriver)"/>
         <system-out><![CDATA[2018-03-20 09:06:54 - [TEST_CASE][FAILED] - Test Cases/Prototyp_GAA_Suche (RC18)/15_Testfall: Test Cases/Prototyp_GAA_Suche (RC18)/15_Testfall FAILED because (of) Unable to open browser with url: '' (Root cause: org.openqa.selenium.SessionNotCreatedException: Could not create a session: The Safari instance is already paired with another WebDriver session. (WARNING: The server did not provide any stacktrace information)
Command duration or timeout: 98 milliseconds
Build info: version: '3.7.1', revision: '8a0099a', time: '2017-11-06T21:07:36.161Z'
System info: host: 'Lilias-MacBook-Pro.local', ip: '192.168.0.4', os.name: 'Mac OS X', os.arch: 'x86_64', os.version: '10.12.6', java.version: '1.8.0_102'
Driver info: driver.version: CSafariDriver)

2018-03-20 09:06:54 - [TEST_STEP][FAILED] - openBrowser: Unable to open browser with url: '' (Root cause: org.openqa.selenium.SessionNotCreatedException: Could not create a session: The Safari instance is already paired with another WebDriver session. (WARNING: The server did not provide any stacktrace information)
Command duration or timeout: 98 milliseconds
Build info: version: '3.7.1', revision: '8a0099a', time: '2017-11-06T21:07:36.161Z'
System info: host: 'Lilias-MacBook-Pro.local', ip: '192.168.0.4', os.name: 'Mac OS X', os.arch: 'x86_64', os.version: '10.12.6', java.version: '1.8.0_102'
Driver info: driver.version: CSafariDriver)

2018-03-20 09:06:55 - [MESSAGE][FAILED] - Unable to open browser with url: '' (Root cause: org.openqa.selenium.SessionNotCreatedException: Could not create a session: The Safari instance is already paired with another WebDriver session. (WARNING: The server did not provide any stacktrace information)
Command duration or timeout: 98 milliseconds
Build info: version: '3.7.1', revision: '8a0099a', time: '2017-11-06T21:07:36.161Z'
System info: host: 'Lilias-MacBook-Pro.local', ip: '192.168.0.4', os.name: 'Mac OS X', os.arch: 'x86_64', os.version: '10.12.6', java.version: '1.8.0_102'
Driver info: driver.version: CSafariDriver)]]></system-out>
         <system-err><![CDATA[2018-03-20 09:06:54 - [TEST_CASE][FAILED] - Test Cases/Prototyp_GAA_Suche (RC18)/15_Testfall: Test Cases/Prototyp_GAA_Suche (RC18)/15_Testfall FAILED because (of) Unable to open browser with url: '' (Root cause: org.openqa.selenium.SessionNotCreatedException: Could not create a session: The Safari instance is already paired with another WebDriver session. (WARNING: The server did not provide any stacktrace information)
Command duration or timeout: 98 milliseconds
Build info: version: '3.7.1', revision: '8a0099a', time: '2017-11-06T21:07:36.161Z'
System info: host: 'Lilias-MacBook-Pro.local', ip: '192.168.0.4', os.name: 'Mac OS X', os.arch: 'x86_64', os.version: '10.12.6', java.version: '1.8.0_102'
Driver info: driver.version: CSafariDriver)]]></system-err>
      </testcase>
      <testcase name="Test Cases/Prototyp_GAA_Suche (RC18)/16_Testfall" classname="Test Cases/Prototyp_GAA_Suche (RC18)/16_Testfall" status="FAILED">
         <failure type="FAILED" message="Unable to open browser with url: '' (Root cause: org.openqa.selenium.SessionNotCreatedException: Could not create a session: The Safari instance is already paired with another WebDriver session. (WARNING: The server did not provide any stacktrace information)
Command duration or timeout: 93 milliseconds
Build info: version: '3.7.1', revision: '8a0099a', time: '2017-11-06T21:07:36.161Z'
System info: host: 'Lilias-MacBook-Pro.local', ip: '192.168.0.4', os.name: 'Mac OS X', os.arch: 'x86_64', os.version: '10.12.6', java.version: '1.8.0_102'
Driver info: driver.version: CSafariDriver)"/>
         <system-out><![CDATA[2018-03-20 09:06:55 - [TEST_CASE][FAILED] - Test Cases/Prototyp_GAA_Suche (RC18)/16_Testfall: Test Cases/Prototyp_GAA_Suche (RC18)/16_Testfall FAILED because (of) Unable to open browser with url: '' (Root cause: org.openqa.selenium.SessionNotCreatedException: Could not create a session: The Safari instance is already paired with another WebDriver session. (WARNING: The server did not provide any stacktrace information)
Command duration or timeout: 93 milliseconds
Build info: version: '3.7.1', revision: '8a0099a', time: '2017-11-06T21:07:36.161Z'
System info: host: 'Lilias-MacBook-Pro.local', ip: '192.168.0.4', os.name: 'Mac OS X', os.arch: 'x86_64', os.version: '10.12.6', java.version: '1.8.0_102'
Driver info: driver.version: CSafariDriver)

2018-03-20 09:06:55 - [TEST_STEP][FAILED] - openBrowser: Unable to open browser with url: '' (Root cause: org.openqa.selenium.SessionNotCreatedException: Could not create a session: The Safari instance is already paired with another WebDriver session. (WARNING: The server did not provide any stacktrace information)
Command duration or timeout: 93 milliseconds
Build info: version: '3.7.1', revision: '8a0099a', time: '2017-11-06T21:07:36.161Z'
System info: host: 'Lilias-MacBook-Pro.local', ip: '192.168.0.4', os.name: 'Mac OS X', os.arch: 'x86_64', os.version: '10.12.6', java.version: '1.8.0_102'
Driver info: driver.version: CSafariDriver)

2018-03-20 09:06:56 - [MESSAGE][FAILED] - Unable to open browser with url: '' (Root cause: org.openqa.selenium.SessionNotCreatedException: Could not create a session: The Safari instance is already paired with another WebDriver session. (WARNING: The server did not provide any stacktrace information)
Command duration or timeout: 93 milliseconds
Build info: version: '3.7.1', revision: '8a0099a', time: '2017-11-06T21:07:36.161Z'
System info: host: 'Lilias-MacBook-Pro.local', ip: '192.168.0.4', os.name: 'Mac OS X', os.arch: 'x86_64', os.version: '10.12.6', java.version: '1.8.0_102'
Driver info: driver.version: CSafariDriver)]]></system-out>
         <system-err><![CDATA[2018-03-20 09:06:55 - [TEST_CASE][FAILED] - Test Cases/Prototyp_GAA_Suche (RC18)/16_Testfall: Test Cases/Prototyp_GAA_Suche (RC18)/16_Testfall FAILED because (of) Unable to open browser with url: '' (Root cause: org.openqa.selenium.SessionNotCreatedException: Could not create a session: The Safari instance is already paired with another WebDriver session. (WARNING: The server did not provide any stacktrace information)
Command duration or timeout: 93 milliseconds
Build info: version: '3.7.1', revision: '8a0099a', time: '2017-11-06T21:07:36.161Z'
System info: host: 'Lilias-MacBook-Pro.local', ip: '192.168.0.4', os.name: 'Mac OS X', os.arch: 'x86_64', os.version: '10.12.6', java.version: '1.8.0_102'
Driver info: driver.version: CSafariDriver)]]></system-err>
      </testcase>
      <testcase name="Test Cases/Prototyp_GAA_Suche (RC18)/17_Testfall" classname="Test Cases/Prototyp_GAA_Suche (RC18)/17_Testfall" status="FAILED">
         <failure type="FAILED" message="Unable to open browser with url: '' (Root cause: org.openqa.selenium.SessionNotCreatedException: Could not create a session: The Safari instance is already paired with another WebDriver session. (WARNING: The server did not provide any stacktrace information)
Command duration or timeout: 94 milliseconds
Build info: version: '3.7.1', revision: '8a0099a', time: '2017-11-06T21:07:36.161Z'
System info: host: 'Lilias-MacBook-Pro.local', ip: '192.168.0.4', os.name: 'Mac OS X', os.arch: 'x86_64', os.version: '10.12.6', java.version: '1.8.0_102'
Driver info: driver.version: CSafariDriver)"/>
         <system-out><![CDATA[2018-03-20 09:06:56 - [TEST_CASE][FAILED] - Test Cases/Prototyp_GAA_Suche (RC18)/17_Testfall: Test Cases/Prototyp_GAA_Suche (RC18)/17_Testfall FAILED because (of) Unable to open browser with url: '' (Root cause: org.openqa.selenium.SessionNotCreatedException: Could not create a session: The Safari instance is already paired with another WebDriver session. (WARNING: The server did not provide any stacktrace information)
Command duration or timeout: 94 milliseconds
Build info: version: '3.7.1', revision: '8a0099a', time: '2017-11-06T21:07:36.161Z'
System info: host: 'Lilias-MacBook-Pro.local', ip: '192.168.0.4', os.name: 'Mac OS X', os.arch: 'x86_64', os.version: '10.12.6', java.version: '1.8.0_102'
Driver info: driver.version: CSafariDriver)

2018-03-20 09:06:56 - [TEST_STEP][FAILED] - openBrowser: Unable to open browser with url: '' (Root cause: org.openqa.selenium.SessionNotCreatedException: Could not create a session: The Safari instance is already paired with another WebDriver session. (WARNING: The server did not provide any stacktrace information)
Command duration or timeout: 94 milliseconds
Build info: version: '3.7.1', revision: '8a0099a', time: '2017-11-06T21:07:36.161Z'
System info: host: 'Lilias-MacBook-Pro.local', ip: '192.168.0.4', os.name: 'Mac OS X', os.arch: 'x86_64', os.version: '10.12.6', java.version: '1.8.0_102'
Driver info: driver.version: CSafariDriver)

2018-03-20 09:06:57 - [MESSAGE][FAILED] - Unable to open browser with url: '' (Root cause: org.openqa.selenium.SessionNotCreatedException: Could not create a session: The Safari instance is already paired with another WebDriver session. (WARNING: The server did not provide any stacktrace information)
Command duration or timeout: 94 milliseconds
Build info: version: '3.7.1', revision: '8a0099a', time: '2017-11-06T21:07:36.161Z'
System info: host: 'Lilias-MacBook-Pro.local', ip: '192.168.0.4', os.name: 'Mac OS X', os.arch: 'x86_64', os.version: '10.12.6', java.version: '1.8.0_102'
Driver info: driver.version: CSafariDriver)]]></system-out>
         <system-err><![CDATA[2018-03-20 09:06:56 - [TEST_CASE][FAILED] - Test Cases/Prototyp_GAA_Suche (RC18)/17_Testfall: Test Cases/Prototyp_GAA_Suche (RC18)/17_Testfall FAILED because (of) Unable to open browser with url: '' (Root cause: org.openqa.selenium.SessionNotCreatedException: Could not create a session: The Safari instance is already paired with another WebDriver session. (WARNING: The server did not provide any stacktrace information)
Command duration or timeout: 94 milliseconds
Build info: version: '3.7.1', revision: '8a0099a', time: '2017-11-06T21:07:36.161Z'
System info: host: 'Lilias-MacBook-Pro.local', ip: '192.168.0.4', os.name: 'Mac OS X', os.arch: 'x86_64', os.version: '10.12.6', java.version: '1.8.0_102'
Driver info: driver.version: CSafariDriver)]]></system-err>
      </testcase>
      <testcase name="Test Cases/Prototyp_GAA_Suche (RC18)/18_Testfall" classname="Test Cases/Prototyp_GAA_Suche (RC18)/18_Testfall" status="FAILED">
         <failure type="FAILED" message="Unable to open browser with url: '' (Root cause: org.openqa.selenium.SessionNotCreatedException: Could not create a session: The Safari instance is already paired with another WebDriver session. (WARNING: The server did not provide any stacktrace information)
Command duration or timeout: 89 milliseconds
Build info: version: '3.7.1', revision: '8a0099a', time: '2017-11-06T21:07:36.161Z'
System info: host: 'Lilias-MacBook-Pro.local', ip: '192.168.0.4', os.name: 'Mac OS X', os.arch: 'x86_64', os.version: '10.12.6', java.version: '1.8.0_102'
Driver info: driver.version: CSafariDriver)"/>
         <system-out><![CDATA[2018-03-20 09:06:57 - [TEST_CASE][FAILED] - Test Cases/Prototyp_GAA_Suche (RC18)/18_Testfall: Test Cases/Prototyp_GAA_Suche (RC18)/18_Testfall FAILED because (of) Unable to open browser with url: '' (Root cause: org.openqa.selenium.SessionNotCreatedException: Could not create a session: The Safari instance is already paired with another WebDriver session. (WARNING: The server did not provide any stacktrace information)
Command duration or timeout: 89 milliseconds
Build info: version: '3.7.1', revision: '8a0099a', time: '2017-11-06T21:07:36.161Z'
System info: host: 'Lilias-MacBook-Pro.local', ip: '192.168.0.4', os.name: 'Mac OS X', os.arch: 'x86_64', os.version: '10.12.6', java.version: '1.8.0_102'
Driver info: driver.version: CSafariDriver)

2018-03-20 09:06:57 - [TEST_STEP][FAILED] - openBrowser: Unable to open browser with url: '' (Root cause: org.openqa.selenium.SessionNotCreatedException: Could not create a session: The Safari instance is already paired with another WebDriver session. (WARNING: The server did not provide any stacktrace information)
Command duration or timeout: 89 milliseconds
Build info: version: '3.7.1', revision: '8a0099a', time: '2017-11-06T21:07:36.161Z'
System info: host: 'Lilias-MacBook-Pro.local', ip: '192.168.0.4', os.name: 'Mac OS X', os.arch: 'x86_64', os.version: '10.12.6', java.version: '1.8.0_102'
Driver info: driver.version: CSafariDriver)

2018-03-20 09:06:57 - [MESSAGE][FAILED] - Unable to open browser with url: '' (Root cause: org.openqa.selenium.SessionNotCreatedException: Could not create a session: The Safari instance is already paired with another WebDriver session. (WARNING: The server did not provide any stacktrace information)
Command duration or timeout: 89 milliseconds
Build info: version: '3.7.1', revision: '8a0099a', time: '2017-11-06T21:07:36.161Z'
System info: host: 'Lilias-MacBook-Pro.local', ip: '192.168.0.4', os.name: 'Mac OS X', os.arch: 'x86_64', os.version: '10.12.6', java.version: '1.8.0_102'
Driver info: driver.version: CSafariDriver)]]></system-out>
         <system-err><![CDATA[2018-03-20 09:06:57 - [TEST_CASE][FAILED] - Test Cases/Prototyp_GAA_Suche (RC18)/18_Testfall: Test Cases/Prototyp_GAA_Suche (RC18)/18_Testfall FAILED because (of) Unable to open browser with url: '' (Root cause: org.openqa.selenium.SessionNotCreatedException: Could not create a session: The Safari instance is already paired with another WebDriver session. (WARNING: The server did not provide any stacktrace information)
Command duration or timeout: 89 milliseconds
Build info: version: '3.7.1', revision: '8a0099a', time: '2017-11-06T21:07:36.161Z'
System info: host: 'Lilias-MacBook-Pro.local', ip: '192.168.0.4', os.name: 'Mac OS X', os.arch: 'x86_64', os.version: '10.12.6', java.version: '1.8.0_102'
Driver info: driver.version: CSafariDriver)]]></system-err>
      </testcase>
      <testcase name="Test Cases/Prototyp_GAA_Suche (RC18)/19TF" classname="Test Cases/Prototyp_GAA_Suche (RC18)/19TF" status="FAILED">
         <failure type="FAILED" message="Unable to open browser with url: '' (Root cause: org.openqa.selenium.SessionNotCreatedException: Could not create a session: The Safari instance is already paired with another WebDriver session. (WARNING: The server did not provide any stacktrace information)
Command duration or timeout: 82 milliseconds
Build info: version: '3.7.1', revision: '8a0099a', time: '2017-11-06T21:07:36.161Z'
System info: host: 'Lilias-MacBook-Pro.local', ip: '192.168.0.4', os.name: 'Mac OS X', os.arch: 'x86_64', os.version: '10.12.6', java.version: '1.8.0_102'
Driver info: driver.version: CSafariDriver)"/>
         <system-out><![CDATA[2018-03-20 09:06:57 - [TEST_CASE][FAILED] - Test Cases/Prototyp_GAA_Suche (RC18)/19TF: Test Cases/Prototyp_GAA_Suche (RC18)/19TF FAILED because (of) Unable to open browser with url: '' (Root cause: org.openqa.selenium.SessionNotCreatedException: Could not create a session: The Safari instance is already paired with another WebDriver session. (WARNING: The server did not provide any stacktrace information)
Command duration or timeout: 82 milliseconds
Build info: version: '3.7.1', revision: '8a0099a', time: '2017-11-06T21:07:36.161Z'
System info: host: 'Lilias-MacBook-Pro.local', ip: '192.168.0.4', os.name: 'Mac OS X', os.arch: 'x86_64', os.version: '10.12.6', java.version: '1.8.0_102'
Driver info: driver.version: CSafariDriver)

2018-03-20 09:06:57 - [TEST_STEP][FAILED] - openBrowser: Unable to open browser with url: '' (Root cause: org.openqa.selenium.SessionNotCreatedException: Could not create a session: The Safari instance is already paired with another WebDriver session. (WARNING: The server did not provide any stacktrace information)
Command duration or timeout: 82 milliseconds
Build info: version: '3.7.1', revision: '8a0099a', time: '2017-11-06T21:07:36.161Z'
System info: host: 'Lilias-MacBook-Pro.local', ip: '192.168.0.4', os.name: 'Mac OS X', os.arch: 'x86_64', os.version: '10.12.6', java.version: '1.8.0_102'
Driver info: driver.version: CSafariDriver)

2018-03-20 09:06:58 - [MESSAGE][FAILED] - Unable to open browser with url: '' (Root cause: org.openqa.selenium.SessionNotCreatedException: Could not create a session: The Safari instance is already paired with another WebDriver session. (WARNING: The server did not provide any stacktrace information)
Command duration or timeout: 82 milliseconds
Build info: version: '3.7.1', revision: '8a0099a', time: '2017-11-06T21:07:36.161Z'
System info: host: 'Lilias-MacBook-Pro.local', ip: '192.168.0.4', os.name: 'Mac OS X', os.arch: 'x86_64', os.version: '10.12.6', java.version: '1.8.0_102'
Driver info: driver.version: CSafariDriver)]]></system-out>
         <system-err><![CDATA[2018-03-20 09:06:57 - [TEST_CASE][FAILED] - Test Cases/Prototyp_GAA_Suche (RC18)/19TF: Test Cases/Prototyp_GAA_Suche (RC18)/19TF FAILED because (of) Unable to open browser with url: '' (Root cause: org.openqa.selenium.SessionNotCreatedException: Could not create a session: The Safari instance is already paired with another WebDriver session. (WARNING: The server did not provide any stacktrace information)
Command duration or timeout: 82 milliseconds
Build info: version: '3.7.1', revision: '8a0099a', time: '2017-11-06T21:07:36.161Z'
System info: host: 'Lilias-MacBook-Pro.local', ip: '192.168.0.4', os.name: 'Mac OS X', os.arch: 'x86_64', os.version: '10.12.6', java.version: '1.8.0_102'
Driver info: driver.version: CSafariDriver)]]></system-err>
      </testcase>
      <system-out><![CDATA[2018-03-20 09:05:41 - [TEST_SUITE][FAILED] - Prototyp GAA (RC18) 13_03_2018: Test Cases/Prototyp_GAA_Suche (RC18)/01_Testfall FAILED because (of) Anzahl Maps 99 ist NICHT gleich Anzahl Filialen 100]]></system-out>
      <system-err><![CDATA[2018-03-20 09:05:41 - [TEST_SUITE][FAILED] - Prototyp GAA (RC18) 13_03_2018: Test Cases/Prototyp_GAA_Suche (RC18)/01_Testfall FAILED because (of) Anzahl Maps 99 ist NICHT gleich Anzahl Filialen 100]]></system-err>
   </testsuite>
</testsuites>
